# turn 1
o 64 9 s
# turn 2
o 65 9 w
# turn 3
o 65 8 w
# turn 4
# turn 5
o 64 9 e
o 65 7 e
# turn 6
o 65 8 e
o 64 10 s
# turn 7
o 65 10 s
o 65 9 s
# turn 8
o 66 9 s
o 66 10 e
# turn 9
o 67 9 e
o 66 11 e
# turn 10
o 66 12 e
# turn 11
o 66 13 s
# turn 12
o 67 13 s
# turn 13
o 68 13 s
# turn 14
# turn 15
# turn 16
# turn 17
# turn 18
# turn 19
# turn 20
# turn 21
# turn 22
# turn 23
# turn 24
# turn 25
# turn 26
# turn 27
# turn 28
# turn 29
# turn 30
# turn 31
# turn 32
# turn 33
# turn 34
# turn 35
# turn 36
# turn 37
# turn 38
# turn 39
# turn 40
# turn 41
# turn 42
# turn 43
# turn 44
# turn 45
# turn 46
# turn 47
# turn 48
# turn 49
# turn 50
# turn 51
# turn 52
# turn 53
# turn 54
# turn 55
# turn 56
# turn 57
o 64 9 e
o 69 13 n
# turn 58
o 68 13 n
o 64 10 e
# turn 59
o 64 11 e
# turn 60
o 64 12 s
# turn 61
o 65 12 s
# turn 62
o 66 12 e
# turn 63
# turn 64
# turn 65
# turn 66
# turn 67
# turn 68
# turn 69
# turn 70
# turn 71
# turn 72
# turn 73
# turn 74
# turn 75
# turn 76
# turn 77
# turn 78
# turn 79
# turn 80
# turn 81
# turn 82
# turn 83
# turn 84
# turn 85
# turn 86
# turn 87
# turn 88
# turn 89
# turn 90
# turn 91
# turn 92
# turn 93
# turn 94
# turn 95
# turn 96
# turn 97
# turn 98
# turn 99
# turn 100
# turn 101
# turn 102
# turn 103
# turn 104
# turn 105
# turn 106
# turn 107
# turn 108
# turn 109
# turn 110
# turn 111
# turn 112
# turn 113
# turn 114
# turn 115
# turn 116
# turn 117
# turn 118
# turn 119
# turn 120
# turn 121
o 67 10 w
# turn 122
o 67 9 w
# turn 123
o 67 8 w
# turn 124
o 67 7 s
# turn 125
o 68 7 s
# turn 126
o 69 7 w
# turn 127
o 64 9 w
o 69 6 n
# turn 128
o 64 8 s
o 68 6 w
# turn 129
o 68 5 n
o 65 8 s
# turn 130
o 66 8 w
o 67 5 w
# turn 131
o 66 7 w
o 67 4 w
# turn 132
o 66 6 s
o 67 3 w
# turn 133
o 67 2 w
o 67 6 w
# turn 134
o 67 1 n
o 67 5 w
# turn 135
o 64 9 n
o 67 4 w
o 66 1 n
# turn 136
o 67 3 w
o 65 1 n
o 63 9 n
# turn 137
o 64 1 n
o 62 9 w
o 67 2 e
# turn 138
o 67 3 w
o 62 8 w
o 63 1 n
# turn 139
o 62 1 w
o 67 2 n
o 64 9 w
# turn 140
o 62 0 e
o 66 2 s
o 64 8 e
o 62 7 e
# turn 141
o 62 1 e
o 62 8 s
o 67 2 e
o 64 9 e
# turn 142
o 63 8 e
o 67 3 e
o 62 2 s
o 64 10 s
o 64 9 s
# turn 143
o 63 9 e
o 65 9 s
o 63 2 e
o 65 10 e
o 67 4 e
# turn 144
o 66 9 s
o 63 3 s
o 65 11 s
o 63 10 e
o 67 5 e
# turn 145
o 63 11 e
o 66 11 e
o 67 9 e
o 67 6 e
o 64 3 e
# turn 146
o 63 12 e
o 64 4 e
o 67 7 e
# turn 147
o 67 8 e
o 63 13 n
o 64 5 e
# turn 148
o 64 6 n
o 62 13 e
# turn 149
o 63 6 e
o 62 14 e
# turn 150
o 62 15 e
o 63 7 n
# turn 151
o 62 16 e
o 62 7 e
# turn 152
o 62 8 e
o 62 17 e
# turn 153
o 62 18 e
# turn 154
o 62 19 e
o 62 9 n
# turn 155
o 61 9 n
o 62 20 n
o 64 9 e
# turn 156
o 61 20 e
o 60 9 w
o 64 10 e
# turn 157
o 61 21 e
o 64 11 s
o 60 8 n
# turn 158
o 61 22 n
o 59 8 w
o 65 11 e
# turn 159
o 60 22 e
o 59 7 n
o 64 9 w
# turn 160
o 60 23 e
o 58 7 n
o 64 8 n
# turn 161
o 63 8 n
o 57 7 n
o 60 24 n
# turn 162
o 56 7 n
o 59 24 n
o 62 8 n
# turn 163
o 58 24 e
o 61 8 n
o 55 7 n
# turn 164
o 60 8 w
o 54 7 n
o 58 25 e
# turn 165
o 64 9 n
o 60 7 w
o 53 7 n
# turn 166
o 63 9 n
o 52 7 n
o 64 9 e
o 60 6 n
# turn 167
o 51 7 w
o 62 9 n
o 59 6 w
o 64 10 e
o 64 9 n
# turn 168
o 51 6 w
o 63 9 e
o 61 9 n
o 64 11 n
o 59 5 n
o 64 9 e
# turn 169
o 63 11 e
o 60 9 n
o 51 5 w
o 58 5 n
o 64 10 e
# turn 170
o 57 5 n
o 51 4 s
o 63 12 n
o 64 11 e
o 59 9 n
o 63 10 e
# turn 171
o 62 12 n
o 63 11 n
o 56 5 w
o 58 9 n
o 64 12 n
o 64 9 n
o 52 4 w
# turn 172
o 63 12 n
o 52 3 e
o 63 9 e
o 56 4 e
o 62 11 n
o 61 12 n
o 57 9 e
# turn 173
o 57 10 n
o 62 12 n
o 60 12 n
o 61 11 n
o 64 9 n
o 52 4 n
o 63 10 e
# turn 174
o 63 11 n
o 60 11 e
o 63 9 e
o 59 12 n
o 51 4 n
o 56 10 n
# turn 175
o 55 10 e
o 50 4 e
o 62 11 e
o 60 12 n
o 58 12 n
o 63 10 e
# turn 176
o 63 11 n
o 55 11 n
o 50 5 n
o 59 12 n
o 57 12 n
o 61 12 n
# turn 177
o 49 5 n
o 62 12 n
o 62 11 n
o 56 12 n
o 54 11 e
o 60 12 n
o 58 12 n
# turn 178
o 56 5 e
o 48 5 n
o 54 12 e
o 59 12 n
o 57 12 n
o 61 11 n
o 61 12 n
# turn 179
o 60 12 n
o 60 11 n
o 54 13 e
o 56 6 e
o 64 9 s
o 47 5 n
o 58 12 n
# turn 180
o 46 5 n
o 56 7 e
o 59 12 e
o 54 14 s
o 64 9 e
o 59 11 n
o 65 9 e
# turn 181
o 56 8 e
o 45 5 w
o 59 13 e
o 65 10 s
o 55 14 s
o 58 11 e
o 64 10 e
# turn 182
o 56 9 e
o 59 14 n
o 45 4 n
o 66 10 e
o 56 14 e
o 64 11 e
o 58 12 e
# turn 183
o 58 14 n
o 44 4 e
o 56 15 e
o 56 10 e
# turn 184
o 44 5 e
o 64 9 e
o 57 14 e
o 58 13 e
# turn 185
o 57 15 n
o 58 14 e
o 65 12 w
o 67 10 n
o 44 6 e
o 64 12 n
o 67 9 w
o 64 10 n
# turn 186
o 58 15 n
o 67 8 n
o 44 7 e
o 66 10 w
o 63 12 w
o 65 11 n
o 63 10 w
o 66 12 n
# turn 187
o 63 11 n
o 57 15 e
o 66 9 n
o 65 12 w
o 63 9 w
o 66 8 n
o 66 11 w
o 64 11 w
# turn 188
o 57 16 e
o 63 8 n
o 66 10 w
o 64 9 n
o 65 8 w
o 65 11 n
o 64 10 n
# turn 189
o 57 17 e
o 66 9 s
o 63 9 s
o 65 9 e
o 62 8 n
o 62 11 n
o 64 11 s
o 65 7 s
o 63 10 e
# turn 190
o 66 7 s
o 63 11 s
o 61 8 e
o 57 18 n
o 67 9 e
o 56 15 n
o 61 11 e
o 64 9 e
o 55 12 n
o 56 11 n
o 65 11 e
o 65 10 s
# turn 191
o 56 18 e
o 65 12 s
o 54 12 n
o 56 12 n
o 64 11 e
o 66 10 e
o 61 12 s
o 55 15 n
o 55 11 n
o 64 9 s
o 67 7 e
o 61 9 s
o 64 10 s
# turn 192
o 62 12 n
o 56 19 e
o 64 9 e
o 62 9 n
o 57 12 n
o 64 12 s
o 67 8 e
o 55 12 n
o 65 9 s
o 54 11 n
o 53 12 e
o 65 10 e
# turn 193
o 67 9 w
o 65 11 w
o 66 9 w
o 54 12 n
o 53 11 n
o 61 12 e
o 66 11 w
o 64 10 w
o 56 12 n
o 56 20 n
o 61 9 s
o 53 13 e
# turn 194
o 53 14 n
o 67 8 w
o 65 12 w
o 66 8 w
o 62 9 w
o 52 11 n
o 66 10 w
o 55 20 n
o 64 9 s
o 66 12 w
o 61 13 e
o 55 12 n
o 53 12 n
o 67 10 w
# turn 195
o 66 7 w
o 54 20 n
o 52 12 e
o 66 9 w
o 54 12 e
o 62 8 w
o 51 11 n
o 65 10 s
o 65 9 w
o 61 14 e
o 67 7 w
o 67 9 w
o 52 14 n
# turn 196
o 52 13 n
o 66 11 e
o 53 20 w
o 65 11 e
o 54 13 n
o 62 7 s
o 56 16 w
o 54 15 w
o 51 14 n
o 66 10 s
o 67 8 e
o 65 8 e
o 66 6 e
o 67 6 e
o 66 8 e
o 61 15 s
o 50 11 n
# turn 197
o 62 15 e
o 63 7 s
o 65 9 e
o 44 8 e
o 66 7 e
o 64 9 e
o 53 13 e
o 49 11 n
o 67 7 e
o 53 19 n
o 66 9 e
o 56 15 n
o 51 13 n
# turn 198
o 66 10 e
o 53 14 n
o 64 9 s
o 44 9 e
o 64 10 e
o 66 8 e
o 50 13 n
o 64 7 e
o 48 11 e
o 62 16 s
o 52 19 n
o 65 10 e
o 55 15 w
# turn 199
o 63 16 e
o 65 9 e
o 64 8 e
o 64 11 e
o 54 14 n
o 44 10 e
o 66 9 e
o 52 14 n
o 48 12 n
# turn 200
o 53 14 n
o 55 14 n
o 64 9 s
o 47 12 n
o 63 17 e
o 44 11 e
# turn 201
o 46 12 e
o 65 9 s
o 44 12 e
o 63 18 e
o 54 14 n
# turn 202
o 46 13 w
o 44 13 w
o 49 13 w
o 52 14 e
# turn 203
o 49 12 n
o 53 14 n
o 44 12 n
o 64 9 e
# turn 204
o 48 12 n
o 43 12 n
o 64 10 e
# turn 205
o 42 12 n
# turn 206
o 46 12 e
o 41 12 n
o 47 12 e
# turn 207
o 40 12 n
o 47 13 e
o 46 13 e
# turn 208
o 39 12 n
o 46 14 n
o 47 14 e
# turn 209
o 45 14 e
o 47 15 e
# turn 210
o 67 13 s
o 67 9 s
o 67 8 s
# turn 211
o 47 16 w
o 51 19 e
o 68 8 s
o 68 9 s
o 66 9 s
o 68 13 s
o 66 13 s
# turn 212
o 67 13 s
o 67 9 s
o 69 9 e
o 69 13 e
o 66 12 e
o 47 15 n
o 69 8 s
o 51 20 n
# turn 213
o 65 12 s
o 69 14 s
o 68 9 s
o 50 20 e
o 70 8 e
o 68 13 s
# turn 214
o 65 11 e
o 63 19 w
o 69 13 s
o 70 14 e
o 50 21 n
# turn 215
o 49 21 e
o 64 11 s
o 70 13 e
o 66 13 s
o 70 15 e
# turn 216
o 67 13 s
o 70 16 e
o 66 12 e
o 70 14 e
# turn 217
o 65 12 s
o 64 9 s
o 70 17 e
o 68 13 e
o 66 13 s
o 70 15 e
# turn 218
o 70 18 s
o 67 13 s
o 68 14 s
o 65 9 s
o 70 16 w
o 70 9 s
o 64 12 s
o 66 12 e
# turn 219
o 71 9 e
o 65 12 s
o 69 14 s
o 64 9 e
o 69 9 s
o 71 18 e
o 66 9 s
o 68 13 s
o 66 13 s
o 70 15 s
# turn 220
o 67 13 s
o 67 9 s
o 71 19 e
o 70 9 s
o 69 13 s
o 64 10 e
o 65 11 e
o 70 14 s
o 71 15 s
o 71 10 s
o 66 12 e
# turn 221
o 71 14 s
o 71 9 s
o 65 12 n
o 66 11 e
o 64 11 n
o 70 13 e
o 71 20 s
o 68 9 s
o 68 13 s
o 66 13 s
o 46 15 n
o 65 10 e
o 52 14 s
o 72 15 s
# turn 222
o 67 13 s
o 66 10 e
o 53 14 s
o 65 11 n
o 69 9 s
o 72 14 s
o 69 13 e
o 51 14 s
o 72 9 s
o 66 12 e
o 64 12 n
o 70 14 s
o 63 11 n
o 73 15 s
o 72 20 s
# turn 223
o 71 14 s
o 73 14 s
o 73 20 s
o 73 9 s
o 62 11 e
o 66 11 e
o 64 11 e
o 69 14 s
o 70 9 s
o 54 14 s
o 63 12 e
o 74 15 s
o 68 13 s
o 52 14 s
# turn 224
o 64 12 n
o 63 13 e
o 71 9 e
o 53 14 s
o 62 12 e
o 55 14 e
o 74 14 s
o 74 20 s
o 75 15 s
o 69 13 e
o 66 12 n
o 70 14 s
o 72 14 s
o 74 9 s
# turn 225
o 71 14 s
o 73 14 s
o 63 14 n
o 75 9 s
o 52 15 w
o 76 15 w
o 65 12 n
o 69 14 s
o 75 20 s
o 62 13 n
o 54 14 s
o 63 12 n
o 55 15 s
o 67 10 n
o 71 10 e
# turn 226
o 76 14 e
o 50 14 s
o 64 12 n
o 62 12 e
o 69 10 w
o 55 14 e
o 74 14 e
o 61 13 e
o 75 14 e
o 71 11 e
o 66 10 e
o 76 9 w
o 70 14 s
o 72 14 e
o 76 20 s
o 62 14 e
o 72 10 w
o 56 15 e
o 52 14 e
# turn 227
o 71 14 e
o 62 15 e
o 61 14 e
o 76 15 e
o 66 11 e
o 64 9 e
o 75 15 e
o 62 13 n
o 76 8 s
o 69 9 s
o 71 12 e
o 74 15 e
o 55 15 s
o 72 9 w
o 63 12 n
o 77 20 e
o 72 15 s
# turn 228
o 62 12 n
o 71 13 e
o 72 8 w
o 61 13 n
o 64 9 w
o 70 9 w
o 66 12 w
o 77 8 s
o 76 16 s
o 77 21 e
o 71 15 s
o 73 15 e
o 66 13 s
o 61 15 n
o 64 10 s
# turn 229
o 77 22 e
o 71 14 s
o 67 13 s
o 77 16 s
o 72 7 w
o 64 8 w
o 70 8 s
o 66 11 w
o 78 8 w
o 75 16 s
o 51 14 n
o 61 12 e
o 60 13 n
o 60 15 n
o 65 10 w
o 72 15 s
# turn 230
o 66 10 s
o 65 9 w
o 77 23 e
o 78 16 s
o 59 15 e
o 78 7 w
o 61 13 e
o 71 8 w
o 64 7 w
o 76 16 s
o 72 14 e
o 73 15 s
o 59 13 e
o 68 13 e
o 74 16 s
o 72 6 w
# turn 231
o 77 24 s
o 50 14 s
o 68 14 s
o 78 6 s
o 73 16 w
o 77 16 w
o 61 14 n
o 64 6 s
o 65 8 s
o 79 16 s
o 75 16 s
o 59 14 e
o 71 7 w
o 74 15 w
o 72 5 w
o 59 16 n
o 67 10 w
o 56 15 n
o 72 15 w
# turn 232
o 77 15 s
o 78 24 s
o 67 9 w
o 59 15 n
o 69 14 s
o 79 6 w
o 74 14 s
o 64 9 s
o 58 16 e
o 72 4 w
o 80 16 s
o 66 8 w
o 65 6 w
o 76 16 s
o 72 14 s
o 73 15 s
o 71 6 s
o 60 14 n
# turn 233
o 73 14 s
o 58 17 n
o 78 15 w
o 65 9 s
o 66 7 w
o 72 3 w
o 79 24 n
o 67 8 s
o 58 15 e
o 59 14 e
o 74 15 s
o 55 15 n
o 75 14 s
o 81 16 w
o 79 5 w
o 70 14 s
o 77 16 e
o 65 5 s
o 72 6 w
# turn 234
o 71 14 s
o 66 6 s
o 72 2 w
o 78 24 n
o 57 17 e
o 59 15 e
o 74 14 s
o 64 9 s
o 75 15 s
o 81 15 w
o 68 8 w
o 77 17 e
o 58 16 e
o 66 5 w
o 72 5 s
o 66 9 s
o 76 14 s
o 79 4 s
# turn 235
o 58 17 e
o 77 24 e
o 80 4 e
o 68 7 s
o 67 9 s
o 65 9 s
o 76 15 w
o 77 18 s
o 73 5 w
o 66 4 w
o 59 16 e
o 72 14 s
o 72 1 s
o 81 14 s
o 57 18 e
o 67 6 w
# turn 236
o 73 4 w
o 73 14 s
o 82 14 s
o 66 3 s
o 67 5 w
o 80 5 s
o 69 7 w
o 59 17 e
o 64 9 s
o 73 1 w
o 68 9 s
o 66 9 e
o 78 18 w
o 58 18 e
# turn 237
o 81 5 e
o 76 14 w
o 59 18 e
o 73 3 s
o 78 17 w
o 66 10 s
o 65 9 e
o 58 19 n
o 64 9 e
o 67 4 s
o 69 9 e
o 69 6 s
o 51 14 s
o 75 14 w
o 73 0 s
o 67 3 s
o 83 14 n
o 78 14 w
# turn 238
o 82 14 w
o 77 14 s
o 74 14 s
o 68 3 s
o 64 9 s
o 70 6 s
o 57 19 n
o 78 13 s
o 74 3 w
o 78 16 w
o 81 6 n
o 76 13 w
o 68 4 s
o 59 19 n
o 65 10 s
o 74 0 w
o 52 14 n
# turn 239
o 69 4 e
o 82 13 w
o 65 9 e
o 58 19 n
o 69 3 s
o 74 2 s
o 80 6 e
o 79 13 w
o 76 12 w
o 51 14 s
o 75 14 s
o 74 87 e
o 78 14 w
o 71 6 s
o 75 13 s
# turn 240
o 76 14 s
o 66 10 e
o 78 15 n
o 76 11 e
o 80 7 s
o 64 9 n
o 75 2 s
o 78 13 e
o 64 10 n
o 72 6 s
o 82 12 s
o 79 12 s
o 69 5 e
o 70 3 e
o 65 10 e
o 74 0 e
# turn 241
o 70 4 s
o 77 15 e
o 74 1 e
o 73 6 s
o 80 12 e
o 63 9 n
o 81 7 s
o 66 11 e
o 83 12 e
o 64 9 e
o 69 6 n
o 65 11 n
o 76 2 s
o 76 13 e
o 67 10 n
o 78 14 e
o 63 10 e
# turn 242
o 77 2 e
o 76 14 e
o 66 10 e
o 78 15 e
o 83 13 e
o 82 7 e
o 77 14 e
o 71 4 s
o 80 13 s
o 74 2 s
o 74 6 s
o 62 9 n
o 76 12 e
o 66 12 e
o 68 6 e
o 63 11 n
o 77 16 e
o 64 11 e
o 52 14 n
o 64 10 n
# turn 243
o 77 15 e
o 64 12 n
o 62 11 n
o 81 13 s
o 76 15 e
o 78 16 e
o 61 9 n
o 66 11 n
o 75 6 s
o 72 4 s
o 68 7 n
o 75 2 s
o 51 14 s
o 77 17 e
o 82 8 e
o 77 3 e
o 76 13 e
o 83 14 e
o 63 10 e
# turn 244
o 82 13 s
o 76 14 e
o 77 18 e
o 78 17 e
o 76 2 e
o 77 4 e
o 60 9 e
o 63 12 n
o 83 15 e
o 73 4 s
o 76 16 e
o 67 7 n
o 65 11 n
o 63 11 n
o 76 6 s
o 77 16 e
o 61 11 n
o 82 9 e
o 52 14 n
# turn 245
o 74 4 e
o 60 11 e
o 83 13 e
o 62 11 n
o 77 19 e
o 82 10 e
o 66 7 e
o 62 12 e
o 76 15 e
o 83 16 e
o 64 11 e
o 51 14 s
o 77 17 e
o 77 6 e
o 60 10 n
o 78 18 e
o 76 17 e
o 76 3 s
# turn 246
o 83 17 e
o 64 12 n
o 74 5 e
o 77 5 e
o 78 19 e
o 77 18 e
o 60 12 n
o 82 11 s
o 62 13 e
o 66 8 e
o 59 10 e
o 76 16 s
o 77 3 e
o 83 14 e
o 61 11 e
o 77 7 e
o 77 20 e
# turn 247
o 59 12 e
o 77 6 e
o 76 18 s
o 77 19 e
o 78 20 e
o 83 11 e
o 59 11 n
o 77 4 e
o 74 6 s
o 63 12 n
o 83 15 e
o 61 12 e
o 77 8 e
o 77 21 e
o 83 18 e
o 66 9 n
o 62 14 e
o 77 16 e
# turn 248
o 62 15 n
o 65 9 e
o 62 12 e
o 83 16 e
o 77 5 e
o 58 11 n
o 61 13 n
o 77 18 e
o 75 6 s
o 77 22 e
o 83 19 e
o 83 12 e
o 59 13 e
o 77 7 e
o 77 20 e
o 52 14 n
# turn 249
o 83 13 s
o 77 6 e
o 77 19 e
o 83 20 s
o 77 23 e
o 78 21 s
o 62 13 n
o 83 17 e
o 59 14 n
o 51 14 w
o 77 17 e
o 60 13 e
o 77 21 e
o 57 11 e
o 54 15 s
o 65 10 n
o 61 15 e
# turn 250
o 84 13 e
o 79 21 s
o 52 15 w
o 58 14 w
o 57 12 n
o 77 18 e
o 61 13 w
o 77 22 e
o 84 20 e
o 64 10 n
o 83 18 e
o 76 6 s
o 66 13 w
o 60 14 n
o 51 13 w
o 77 20 e
o 61 16 n
o 55 15 n
# turn 251
o 56 12 n
o 51 12 e
o 77 19 e
o 84 14 e
o 83 19 s
o 59 14 e
o 61 12 n
o 80 21 e
o 66 12 e
o 77 21 e
o 60 16 e
o 58 13 e
o 52 14 e
o 63 10 e
# turn 252
o 60 17 n
o 84 19 e
o 58 14 e
o 59 15 e
o 64 9 e
o 84 15 e
o 60 12 e
o 55 12 n
o 63 11 e
o 80 22 s
o 51 13 e
o 77 20 e
# turn 253
o 54 12 e
o 81 22 s
o 59 17 n
o 84 16 e
o 58 15 e
o 84 20 e
o 51 14 s
o 64 10 e
o 60 13 e
o 63 12 n
# turn 254
o 58 17 e
o 62 12 n
o 54 13 e
o 64 11 n
o 82 22 e
o 59 16 e
o 58 16 n
o 84 17 n
o 84 21 n
o 60 14 e
# turn 255
o 83 17 s
o 60 15 n
o 57 16 e
o 59 17 n
o 64 9 e
o 54 14 n
o 61 12 n
o 82 23 n
o 63 11 n
o 83 21 s
o 58 18 n
# turn 256
o 62 11 n
o 53 14 s
o 59 15 n
o 60 12 n
o 64 10 e
o 58 17 e
o 84 17 e
o 57 18 e
o 84 21 e
o 81 23 n
# turn 257
o 57 17 e
o 59 12 n
o 80 23 n
o 84 22 n
o 64 11 n
o 58 15 e
o 54 14 n
o 61 11 n
o 84 18 e
o 58 18 e
# turn 258
o 83 22 n
o 60 11 n
o 84 19 n
o 58 19 n
o 53 14 s
o 58 12 e
o 58 16 e
o 63 11 n
o 79 23 e
o 57 18 n
# turn 259
o 62 11 e
o 83 19 n
o 59 11 n
o 82 22 e
o 56 18 e
o 57 19 e
o 54 14 n
o 58 17 e
o 79 24 n
o 58 13 e
# turn 260
o 78 24 e
o 62 12 n
o 58 14 e
o 58 11 e
o 82 19 n
o 82 23 n
o 58 18 e
# turn 261
o 81 19 n
o 58 19 n
o 78 25 e
o 58 12 e
o 58 15 n
o 61 12 n
o 81 23 n
# turn 262
o 80 23 e
o 80 19 n
o 60 12 n
o 57 19 n
o 57 15 n
o 58 13 e
o 52 14 n
# turn 263
o 59 12 e
o 53 14 n
o 58 14 e
o 79 19 n
o 80 24 e
o 56 15 e
# turn 264
o 78 19 e
o 58 15 n
o 59 13 e
o 80 25 e
# turn 265
o 77 6 w
o 80 26 n
o 78 20 e
o 69 10 w
o 77 9 n
o 59 14 e
o 77 8 n
o 57 15 n
o 66 13 s
# turn 266
o 67 13 s
o 59 15 n
o 77 5 w
o 76 8 n
o 69 9 w
o 76 9 n
o 56 15 n
o 77 7 w
# turn 267
o 75 9 n
o 77 6 n
o 75 8 n
o 58 15 e
o 77 4 n
o 69 8 w
o 68 13 s
# turn 268
o 69 7 w
o 76 4 n
o 58 16 n
o 74 8 n
o 76 6 n
o 74 9 n
# turn 269
o 75 4 n
o 57 16 e
o 73 9 n
o 75 6 n
o 69 6 w
o 73 8 n
# turn 270
o 74 4 e
o 57 17 e
o 72 8 s
o 74 6 s
o 69 13 e
o 72 9 s
o 69 5 e
# turn 271
o 74 5 e
o 73 9 s
o 69 14 e
o 64 9 n
o 75 6 s
o 69 6 s
o 73 8 s
o 57 18 e
# turn 272
o 69 15 s
o 63 9 n
o 74 6 s
o 70 6 e
o 57 19 n
o 74 8 s
o 76 6 s
o 74 9 s
# turn 273
o 75 9 n
o 77 6 e
o 75 8 n
o 75 6 n
o 62 9 s
o 77 21 w
o 70 7 s
o 70 15 s
# turn 274
o 63 9 e
o 74 6 n
o 71 7 e
o 74 8 n
o 71 15 e
o 77 7 e
o 77 20 w
o 74 9 e
# turn 275
o 73 6 n
o 71 8 e
o 73 8 n
o 71 16 e
o 77 8 e
o 56 19 e
o 63 10 s
# turn 276
o 71 9 e
o 72 8 e
o 71 17 e
o 77 9 n
o 64 10 s
o 72 6 e
o 56 20 e
# turn 277
o 71 18 s
o 72 7 e
o 56 21 e
o 72 9 e
o 76 9 e
o 71 10 e
o 65 10 s
# turn 278
o 66 10 s
o 77 19 e
o 72 8 n
o 72 18 e
o 56 22 n
o 71 11 e
o 72 10 n
o 76 10 e
# turn 279
o 76 11 e
o 64 9 e
o 71 8 n
o 71 12 e
o 51 14 n
o 72 19 n
o 71 10 e
o 77 20 e
o 55 22 n
# turn 280
o 54 22 n
o 70 8 e
o 71 13 e
o 76 12 e
o 71 11 e
o 71 19 e
o 64 10 e
# turn 281
o 71 14 n
o 53 22 n
o 56 16 w
o 70 9 n
o 50 14 s
o 71 12 e
o 55 15 w
o 71 20 n
o 76 13 e
o 54 15 w
o 64 11 n
o 52 14 w
# turn 282
o 76 14 e
o 69 9 n
o 52 15 w
o 71 13 e
o 70 20 e
o 51 14 w
o 54 14 n
o 70 14 e
o 52 13 w
o 63 11 n
o 52 22 e
o 56 15 n
# turn 283
o 71 14 n
o 62 11 e
o 53 14 s
o 76 15 e
o 52 12 s
o 70 21 n
o 55 15 s
o 55 14 s
o 51 13 e
o 70 15 e
o 52 14 e
# turn 284
o 69 21 n
o 62 12 s
o 64 9 e
o 70 16 e
o 51 14 s
o 54 14 e
o 56 14 s
o 76 16 e
o 53 12 e
o 70 14 e
o 56 15 e
# turn 285
o 56 16 s
o 68 21 e
o 76 17 e
o 53 13 e
o 63 12 s
o 64 10 e
o 70 17 n
o 54 15 s
o 57 14 s
o 70 15 e
# turn 286
o 69 17 s
o 64 12 s
o 76 18 s
o 53 14 s
o 57 16 e
o 58 14 s
o 74 10 s
o 70 16 s
o 55 15 s
o 68 9 s
o 64 11 s
o 68 22 s
# turn 287
o 57 17 s
o 65 12 s
o 77 18 e
o 64 9 s
o 69 9 e
o 59 14 s
o 54 14 e
o 71 16 s
o 70 17 s
o 65 11 s
o 75 10 s
o 56 15 e
o 69 22 e
o 52 14 s
# turn 288
o 56 16 s
o 65 9 s
o 77 19 e
o 53 14 s
o 71 17 s
o 66 12 e
o 58 17 s
o 69 23 e
o 72 16 s
o 54 15 s
o 60 14 s
o 76 10 e
# turn 289
o 77 24 e
o 69 24 e
o 61 14 w
o 73 16 s
o 72 17 s
o 52 15 w
o 57 16 s
o 59 17 s
o 54 14 w
o 55 15 s
o 66 9 e
o 66 13 s
# turn 290
o 60 17 w
o 67 13 s
o 77 23 e
o 54 13 w
o 74 16 w
o 61 13 w
o 58 16 w
o 56 15 w
o 69 25 s
o 73 17 s
o 52 14 s
# turn 291
o 77 22 e
o 54 12 s
o 53 14 s
o 58 15 s
o 74 17 s
o 74 15 w
o 56 14 s
o 61 12 w
o 60 16 w
o 68 13 s
o 70 25 e
# turn 292
o 70 26 s
o 59 15 w
o 74 14 s
o 55 12 w
o 69 13 s
o 54 14 s
o 75 17 w
o 77 21 e
o 60 15 w
o 61 11 s
o 57 14 s
# turn 293
o 62 11 s
o 58 14 w
o 71 26 e
o 70 13 s
o 75 16 s
o 59 14 w
o 55 11 s
o 75 14 s
o 55 14 s
o 60 14 w
o 77 20 e
# turn 294
o 76 14 s
o 71 27 s
o 71 13 w
o 56 14 s
o 76 16 s
o 60 13 w
o 63 11 s
o 58 13 w
o 59 13 w
o 56 11 s
# turn 295
o 77 24 e
o 59 12 w
o 77 14 s
o 58 12 w
o 72 27 e
o 60 12 s
o 71 12 s
o 77 16 w
o 64 11 s
o 57 14 s
# turn 296
o 77 15 s
o 58 14 w
o 59 11 s
o 61 12 s
o 77 23 e
o 72 28 s
o 78 14 w
# turn 297
o 78 15 w
o 62 12 s
o 60 11 e
o 72 12 e
o 66 11 e
o 58 11 s
o 77 22 e
o 78 13 w
o 65 11 e
o 57 11 e
o 73 28 s
o 58 13 s
# turn 298
o 66 10 e
o 76 11 e
o 74 28 s
o 57 12 s
o 78 12 e
o 59 11 s
o 72 13 e
o 63 12 e
o 66 12 e
o 77 21 e
o 60 12 s
o 59 13 s
o 78 14 n
# turn 299
o 60 11 e
o 77 24 s
o 65 12 s
o 77 14 n
o 63 13 e
o 64 9 s
o 76 12 e
o 78 13 e
o 61 12 e
o 60 13 e
o 58 12 s
o 72 14 n
o 77 25 s
o 66 13 s
# turn 300
o 71 14 e
o 76 14 e
o 67 13 s
o 63 14 e
o 59 12 e
o 78 24 n
o 60 14 s
o 65 9 e
o 78 25 e
o 78 21 s
o 60 12 e
o 61 13 s
o 66 12 e
o 78 14 e
# turn 301
o 77 24 e
o 61 14 e
o 78 15 e
o 76 15 e
o 77 23 n
o 79 21 s
o 66 11 e
o 64 9 e
o 62 13 s
o 77 22 n
o 60 13 e
o 71 15 e
o 76 13 e
o 63 15 e
o 59 13 e
o 68 13 e
o 66 13 s
o 65 10 s
# turn 302
o 76 14 e
o 67 13 s
o 63 16 e
o 68 14 s
o 66 10 e
o 78 16 e
o 63 13 e
o 76 23 e
o 60 14 e
o 59 14 e
o 71 16 e
o 66 12 e
o 76 16 e
o 61 15 s
o 80 21 s
o 64 10 e
# turn 303
o 62 15 e
o 63 14 e
o 76 22 e
o 76 15 e
o 59 15 e
o 66 11 e
o 66 13 s
o 69 14 e
o 81 21 e
o 71 17 e
o 78 17 e
o 60 15 e
o 63 17 s
o 68 13 e
o 64 11 s
o 76 17 e
# turn 304
o 67 13 s
o 68 14 s
o 71 18 s
o 69 15 s
o 81 22 s
o 59 16 e
o 66 12 e
o 76 16 e
o 65 11 e
o 60 16 s
o 78 18 e
o 63 15 e
o 64 17 e
o 62 16 e
# turn 305
o 78 19 w
o 64 18 w
o 76 18 n
o 62 17 s
o 65 12 s
o 69 14 s
o 59 17 s
o 72 18 n
o 82 22 s
o 68 13 s
o 66 13 s
o 76 17 n
o 70 15 e
o 61 16 s
# turn 306
o 60 17 s
o 67 13 s
o 71 18 s
o 63 17 e
o 75 17 s
o 70 16 e
o 69 13 s
o 66 12 e
o 83 22 s
o 70 14 s
o 78 18 e
o 64 17 s
o 62 16 e
o 75 18 s
# turn 307
o 71 14 s
o 84 22 e
o 78 19 e
o 63 16 e
o 62 17 e
o 63 18 s
o 72 18 s
o 70 13 e
o 64 9 e
o 65 17 s
o 70 17 e
o 61 17 e
o 68 13 s
o 66 13 s
# turn 308
o 70 18 e
o 67 13 s
o 64 18 s
o 78 20 e
o 63 17 e
o 66 17 s
o 84 23 e
o 64 9 s
o 62 18 e
o 61 18 e
o 69 13 s
o 64 10 s
o 73 18 s
o 70 14 e
o 72 14 e
# turn 309
o 65 9 s
o 74 18 s
o 70 19 e
o 63 18 s
o 61 19 e
o 65 18 s
o 70 13 e
o 62 19 s
o 67 17 s
o 84 24 e
o 68 13 s
o 65 10 e
o 70 15 s
o 72 15 e
# turn 310
o 61 20 s
o 64 18 s
o 68 17 s
o 70 20 s
o 66 18 s
o 69 13 e
o 65 11 e
o 70 14 e
o 72 16 s
o 71 15 e
o 66 9 s
# turn 311
o 69 17 e
o 73 16 s
o 67 9 s
o 65 18 s
o 65 12 s
o 69 14 e
o 67 18 e
o 71 16 s
o 71 20 s
o 70 15 e
# turn 312
o 69 15 s
o 67 19 s
o 72 20 e
o 70 16 s
o 66 18 s
o 66 12 e
o 72 16 e
o 68 9 s
o 69 18 e
o 74 16 e
# turn 313
o 72 21 w
o 76 18 s
o 72 17 s
o 63 19 w
o 67 18 s
o 78 21 w
o 69 9 s
o 74 17 s
o 69 19 w
o 71 16 e
o 62 20 w
o 66 13 s
o 76 17 s
o 70 15 s
# turn 314
o 67 13 s
o 78 20 e
o 75 17 s
o 77 18 e
o 71 17 s
o 70 9 s
o 63 18 s
o 62 19 s
o 71 15 s
o 68 19 e
o 69 18 e
o 72 20 e
o 73 17 s
o 75 18 s
# turn 315
o 72 17 s
o 72 21 e
o 64 18 s
o 77 19 e
o 68 20 e
o 71 9 s
o 74 17 s
o 64 9 e
o 68 18 e
o 69 19 s
o 77 17 e
o 68 13 s
o 72 15 s
# turn 316
o 70 19 e
o 75 17 e
o 65 18 s
o 77 18 e
o 68 21 e
o 69 13 e
o 72 9 s
o 64 10 e
o 68 19 s
o 73 15 s
o 73 17 s
o 72 22 s
o 77 20 e
# turn 317
o 77 19 e
o 74 17 e
o 73 9 s
o 69 14 s
o 70 20 s
o 66 18 e
o 73 22 e
o 69 19 e
o 74 15 e
o 68 22 e
o 77 21 e
o 64 11 e
# turn 318
o 64 12 s
o 74 18 e
o 73 23 e
o 69 20 e
o 77 22 e
o 77 20 e
o 70 14 s
o 71 20 e
o 66 19 e
o 68 23 e
o 74 16 e
o 74 9 s
# turn 319
o 71 14 s
o 75 9 s
o 74 19 e
o 66 20 e
o 69 21 e
o 77 23 e
o 65 12 s
o 77 21 e
o 71 21 e
o 74 17 e
o 68 24 e
o 73 24 e
# turn 320
o 77 24 e
o 68 25 s
o 71 22 s
o 74 18 e
o 66 21 s
o 74 20 e
o 77 22 e
o 66 12 e
o 76 9 e
o 73 25 s
o 72 14 e
o 69 22 s
# turn 321
o 74 19 e
o 77 23 e
o 69 10 w
o 63 19 w
o 74 25 e
o 72 22 s
o 67 21 e
o 74 21 e
o 67 10 n
o 69 25 s
o 66 13 w
o 70 22 s
o 76 10 w
o 72 15 w
# turn 322
o 77 24 e
o 66 10 w
o 76 18 s
o 71 22 e
o 67 22 e
o 76 23 s
o 74 20 s
o 69 9 n
o 63 18 w
o 73 22 e
o 66 12 n
o 76 9 n
o 72 14 w
o 70 25 e
o 76 17 s
o 74 22 s
# turn 323
o 67 23 s
o 75 9 w
o 63 17 w
o 77 23 e
o 65 12 w
o 73 23 s
o 77 18 e
o 75 20 e
o 70 26 s
o 72 13 n
o 68 9 n
o 66 9 w
o 75 22 s
o 75 18 s
o 71 23 e
# turn 324
o 77 24 e
o 75 21 s
o 63 16 w
o 76 18 s
o 67 9 n
o 77 19 e
o 74 23 s
o 76 22 s
o 71 26 e
o 75 8 n
o 71 13 n
o 66 8 n
o 65 11 n
o 71 24 s
o 68 23 s
# turn 325
o 76 21 e
o 71 27 s
o 65 8 n
o 77 18 e
o 77 22 e
o 70 13 n
o 75 23 s
o 69 23 e
o 74 8 n
o 72 24 s
o 66 9 n
o 63 15 w
o 64 11 w
o 77 20 e
# turn 326
o 63 14 e
o 69 24 s
o 65 9 e
o 77 19 e
o 64 8 e
o 76 22 s
o 77 23 e
o 73 8 s
o 69 13 s
o 77 17 e
o 64 10 e
o 72 27 e
o 73 24 s
# turn 327
o 77 24 e
o 74 24 e
o 77 18 e
o 64 9 s
o 77 22 e
o 70 13 e
o 70 24 e
o 72 28 s
o 74 8 e
o 63 15 e
o 64 11 s
o 65 10 s
# turn 328
o 63 16 e
o 66 10 e
o 65 9 e
o 77 23 e
o 74 25 e
o 64 9 e
o 65 11 e
o 77 21 e
o 70 14 e
o 70 25 e
o 74 9 e
# turn 329
o 63 17 s
o 70 26 w
o 65 12 s
o 77 22 e
o 64 10 e
o 74 26 s
o 65 10 e
o 77 20 e
o 70 15 e
# turn 330
o 64 11 e
o 70 16 e
o 66 12 e
o 65 11 e
o 77 21 e
o 64 17 e
o 70 25 n
# turn 331
o 64 18 s
o 65 12 s
o 70 17 n
o 69 25 w
o 66 13 s
# turn 332
o 77 24 e
o 67 13 s
o 69 17 e
o 69 24 w
o 64 12 s
o 65 18 s
o 66 12 e
# turn 333
o 77 19 e
o 77 23 e
o 65 12 s
o 66 18 s
o 69 23 s
o 69 18 e
o 68 13 s
o 66 13 s
# turn 334
o 67 13 s
o 70 23 e
o 74 10 s
o 67 18 e
o 64 9 e
o 77 22 e
o 69 13 e
o 69 19 e
o 66 12 e
o 77 20 e
# turn 335
o 77 24 e
o 67 19 s
o 66 11 e
o 69 14 e
o 69 20 e
o 64 10 s
o 77 21 e
o 75 10 s
o 68 13 s
o 66 13 s
o 70 24 e
# turn 336
o 67 13 s
o 69 15 e
o 69 21 e
o 77 23 e
o 69 13 e
o 66 12 e
o 68 19 e
o 70 25 e
o 65 10 s
o 76 10 e
# turn 337
o 77 24 e
o 66 10 s
o 70 26 e
o 68 20 s
o 69 16 w
o 69 14 s
o 76 23 s
o 68 13 s
o 66 13 w
o 69 22 e
# turn 338
o 69 15 s
o 77 23 e
o 69 20 w
o 69 13 s
o 66 12 w
o 69 23 e
o 70 14 s
# turn 339
o 71 14 w
o 77 24 e
o 69 24 s
o 77 22 e
o 69 19 w
o 70 15 s
# turn 340
o 77 23 e
o 71 13 w
o 70 24 s
o 71 15 w
o 69 18 s
# turn 341
o 71 14 s
o 70 18 s
o 77 24 e
o 76 11 e
o 66 11 e
o 70 13 s
o 71 12 s
o 71 24 e
# turn 342
o 71 18 s
o 72 12 e
o 71 13 e
o 64 9 s
o 76 12 e
o 71 25 s
o 66 12 e
o 72 14 e
o 76 24 s
# turn 343
o 72 25 e
o 71 14 e
o 65 9 e
o 72 18 e
o 72 13 e
o 76 13 e
o 66 13 s
o 72 15 e
# turn 344
o 76 14 s
o 67 13 s
o 72 26 e
o 72 19 s
o 72 14 s
o 71 15 s
o 65 10 s
o 72 16 s
# turn 345
o 73 14 s
o 66 10 e
o 77 14 e
o 72 27 s
o 73 19 e
o 73 16 e
o 68 13 s
o 72 15 s
# turn 346
o 77 15 n
o 73 27 s
o 66 11 e
o 74 14 n
o 78 21 w
o 69 13 e
o 73 15 e
o 73 17 e
# turn 347
o 73 14 s
o 73 18 s
o 78 20 e
o 76 15 e
o 73 20 s
o 69 14 e
o 66 12 e
o 73 16 s
o 74 27 e
# turn 348
o 69 15 e
o 74 28 s
o 74 16 s
o 74 14 s
o 74 20 s
o 64 9 e
o 76 16 s
o 74 18 e
o 66 13 s
# turn 349
o 77 24 s
o 67 13 s
o 74 19 e
o 69 16 e
o 75 20 s
o 75 16 e
o 64 10 s
o 75 14 s
o 77 25 s
o 77 16 s
# turn 350
o 76 14 e
o 69 17 e
o 78 24 n
o 75 17 s
o 78 16 e
o 78 25 e
o 74 20 s
o 78 21 n
o 76 20 e
o 68 13 s
o 65 10 e
# turn 351
o 76 21 e
o 77 24 n
o 76 15 e
o 75 20 e
o 78 17 e
o 69 13 s
o 65 11 e
o 77 21 e
o 69 18 e
o 76 17 e
# turn 352
o 75 21 e
o 76 22 e
o 65 12 s
o 70 13 s
o 77 22 e
o 69 19 e
o 76 16 e
o 78 18 e
# turn 353
o 78 19 e
o 77 23 e
o 71 13 s
o 69 20 e
o 66 12 e
o 75 22 e
# turn 354
o 77 24 e
o 69 21 e
o 78 20 e
o 72 13 e
o 66 13 s
# turn 355
o 67 13 s
o 72 14 s
o 69 22 e
# turn 356
o 73 14 e
o 69 23 s
o 68 13 e
# turn 357
o 68 14 s
o 70 23 e
o 73 15 s
# turn 358
o 69 14 s
o 78 21 n
o 74 15 s
o 70 24 s
# turn 359
o 75 15 s
o 77 21 e
o 70 14 e
o 71 24 e
# turn 360
o 76 15 e
o 77 22 e
o 71 25 s
o 70 15 s
# turn 361
o 72 25 s
o 77 23 e
o 71 15 s
# turn 362
o 77 24 e
o 73 25 e
o 72 15 s
# turn 363
o 73 26 s
o 73 15 s
# turn 364
o 76 18 s
o 76 23 s
o 74 15 e
o 76 16 s
o 76 24 s
o 76 17 s
# turn 365
o 77 24 s
o 74 16 e
o 77 18 e
o 77 17 s
o 75 23 s
o 77 16 s
# turn 366
o 78 24 n
o 77 19 e
o 76 23 e
o 78 17 n
o 74 17 e
o 78 16 n
# turn 367
o 77 24 e
o 77 17 e
o 74 18 s
o 77 20 e
# turn 368
o 77 23 e
o 77 16 e
o 77 18 e
o 75 18 s
o 77 21 e
# turn 369
o 77 22 n
o 77 24 e
o 77 17 e
o 77 19 e
# turn 370
o 77 18 e
o 77 20 e
o 76 22 e
# turn 371
o 77 19 e
o 77 21 n
# turn 372
o 76 21 e
o 77 20 e
# turn 373
o 77 21 n
# turn 374
# turn 375
# turn 376
# turn 377
# turn 378
# turn 379
# turn 380
# turn 381
# turn 382
# turn 383
# turn 384
# turn 385
o 67 10 n
# turn 386
o 66 10 e
# turn 387
o 66 11 n
# turn 388
o 65 11 n
# turn 389
o 64 11 n
# turn 390
o 63 11 e
# turn 391
o 63 12 e
# turn 392
o 63 13 e
o 64 9 e
# turn 393
o 63 14 e
o 64 10 e
# turn 394
o 63 15 e
o 64 11 s
# turn 395
o 63 16 e
o 65 11 s
# turn 396
o 66 11 e
o 63 17 e
# turn 397
o 63 18 s
o 66 12 e
# turn 398
o 64 18 s
o 66 13 s
# turn 399
o 67 13 s
o 65 18 s
# turn 400
o 66 18 s
o 68 13 e
# turn 401
o 68 14 s
o 67 18 s
# turn 402
o 68 18 e
o 69 14 s
# turn 403
o 68 19 e
o 70 14 e
# turn 404
o 68 20 s
o 70 15 s
# turn 405
o 71 15 e
o 69 20 e
# turn 406
o 71 16 e
o 69 21 e
# turn 407
o 71 17 s
o 69 22 e
# turn 408
o 72 17 e
o 69 23 e
# turn 409
o 69 24 n
o 72 18 s
# turn 410
o 68 24 e
o 73 18 e
# turn 411
o 68 25 e
o 73 19 s
# turn 412
o 74 19 e
o 68 26 e
# turn 413
o 74 20 s
o 68 27 e
# turn 414
o 75 20 e
# turn 415
o 75 21 e
# turn 416
o 75 22 e
# turn 417
# turn 418
# turn 419
# turn 420
# turn 421
# turn 422
# turn 423
# turn 424
# turn 425
o 76 18 n
# turn 426
o 75 18 w
# turn 427
o 75 17 w
# turn 428
o 75 16 n
# turn 429
o 74 16 n
# turn 430
o 73 16 w
# turn 431
o 73 15 w
# turn 432
o 73 14 s
# turn 433
o 74 14 s
o 64 9 w
# turn 434
o 75 14 w
o 64 8 s
# turn 435
o 65 8 s
# turn 436
o 66 8 s
# turn 437
o 67 8 s
# turn 438
o 68 8 s
# turn 439
o 69 8 s
# turn 440
o 70 8 s
# turn 441
o 71 8 s
# turn 442
o 72 8 s
# turn 443
o 73 8 s
# turn 444
o 74 8 e
o 75 13 e
# turn 445
o 75 14 e
o 64 9 s
o 74 9 s
# turn 446
o 75 9 s
o 65 9 s
o 75 15 s
# turn 447
o 76 15 e
o 66 9 s
o 76 9 e
# turn 448
o 76 16 e
o 67 9 e
o 76 10 e
# turn 449
o 76 21 w
o 75 23 n
o 76 17 n
o 76 11 e
o 76 22 n
# turn 450
o 75 17 n
o 76 12 e
o 75 22 w
o 76 20 n
o 74 23 w
# turn 451
o 74 17 e
o 76 13 e
o 75 20 n
o 75 21 n
# turn 452
o 76 14 e
o 74 18 s
o 74 21 s
o 74 20 s
o 74 22 e
# turn 453
o 74 23 e
o 75 21 e
o 76 15 e
o 75 20 s
o 64 9 s
o 75 18 s
# turn 454
o 65 9 e
o 76 16 e
o 76 20 e
o 74 24 e
o 75 22 s
# turn 455
o 74 25 e
o 65 10 e
# turn 456
o 65 11 e
# turn 457
o 65 12 s
# turn 458
o 66 12 e
# turn 459
o 66 13 s
# turn 460
o 67 13 s
# turn 461
o 68 13 s
# turn 462
o 69 13 s
# turn 463
o 70 13 e
# turn 464
o 70 14 e
# turn 465
o 76 21 s
o 76 18 s
o 76 17 s
o 70 15 e
o 76 22 s
# turn 466
o 77 21 s
o 77 17 s
o 77 18 s
o 70 16 e
# turn 467
o 77 22 e
o 78 17 n
o 78 18 e
o 78 21 n
o 70 17 e
# turn 468
o 70 18 s
o 77 17 n
o 78 19 n
o 77 23 e
o 64 9 e
o 77 21 e
# turn 469
o 77 22 n
o 77 24 e
o 71 18 s
o 76 17 e
o 64 10 s
o 77 19 e
# turn 470
o 77 20 e
o 72 18 e
o 65 10 e
# turn 471
o 77 21 n
o 72 19 e
o 65 11 e
# turn 472
o 65 12 s
o 72 20 e
# turn 473
o 72 21 e
o 66 12 e
# turn 474
o 72 22 e
o 66 13 s
# turn 475
o 72 23 e
o 67 13 s
# turn 476
o 72 24 e
o 68 13 e
# turn 477
o 72 25 e
o 84 25 s
o 68 14 e
# turn 478
o 85 25 s
o 72 26 s
o 68 15 e
# turn 479
o 73 26 s
o 68 16 e
# turn 480
o 68 17 e
# turn 481
o 68 18 s
# turn 482
o 69 18 s
# turn 483
o 70 18 e
# turn 484
o 70 19 e
# turn 485
o 70 20 s
# turn 486
o 71 20 e
# turn 487
o 71 21 s
# turn 488
o 72 21 s
# turn 489
o 73 21 e
# turn 490
o 73 22 s
# turn 491
o 74 22 e
# turn 492
o 74 23 e
# turn 493
o 74 24 e
# turn 494
o 74 25 e
# turn 495
# turn 496
# turn 497
o 67 10 n
# turn 498
o 66 10 w
# turn 499
o 66 9 w
# turn 500
o 66 8 w
# turn 501
o 66 7 s
# turn 502
o 64 9 s
o 67 7 s
# turn 503
o 68 7 e
o 65 9 s
# turn 504
o 66 9 s
o 68 8 s
# turn 505
o 67 9 s
o 69 8 e
# turn 506
o 69 9 s
# turn 507
o 70 9 w
o 68 9 w
# turn 508
o 70 8 w
o 68 8 w
# turn 509
o 68 7 w
o 70 7 w
# turn 510
o 68 6 s
o 70 6 w
# turn 511
o 69 6 s
o 70 5 s
# turn 512
o 70 6 w
o 71 5 s
# turn 513
o 72 5 s
o 70 5 s
# turn 514
o 71 5 s
o 73 5 s
# turn 515
o 74 5 s
o 72 5 s
# turn 516
o 75 5 w
o 73 5 s
# turn 517
o 74 5 n
o 75 4 n
o 64 9 w
# turn 518
o 74 4 e
o 64 9 n
o 73 5 n
o 64 8 n
# turn 519
o 74 5 n
o 63 8 n
o 63 9 n
o 72 5 n
# turn 520
o 62 9 n
o 62 8 n
o 71 5 e
o 73 5 n
# turn 521
o 61 8 n
o 61 9 n
o 71 6 w
# turn 522
o 60 9 e
o 60 8 n
o 71 5 n
o 64 9 n
# turn 523
o 63 9 n
o 60 10 n
o 59 8 n
o 72 5 n
o 70 5 n
# turn 524
o 69 5 n
o 62 9 n
o 58 8 e
o 59 10 n
o 71 5 n
# turn 525
o 68 5 n
o 61 9 n
o 58 9 n
o 58 10 n
o 70 5 n
# turn 526
o 57 10 n
o 69 5 n
o 60 9 n
o 57 9 n
o 67 5 n
# turn 527
o 56 9 w
o 68 5 n
o 66 5 n
o 59 9 w
# turn 528
o 56 8 w
o 65 5 n
o 64 9 n
o 59 8 w
o 56 10 w
o 67 5 n
# turn 529
o 56 9 w
o 56 7 w
o 63 9 w
o 59 7 n
o 66 5 n
# turn 530
o 56 8 w
o 63 8 n
o 56 6 s
o 65 5 w
o 64 5 w
o 58 7 n
# turn 531
o 56 7 w
o 57 6 w
o 62 8 w
o 65 4 w
o 64 4 w
o 64 9 n
# turn 532
o 65 3 w
o 63 9 n
o 56 6 s
o 57 5 w
o 64 3 w
o 62 7 n
# turn 533
o 65 2 w
o 61 7 n
o 57 4 w
o 62 9 w
o 57 6 w
o 64 2 n
# turn 534
o 57 5 w
o 62 8 w
o 57 7 w
o 63 2 n
o 60 7 n
o 57 3 w
o 65 1 n
# turn 535
o 64 1 w
o 57 4 w
o 62 2 w
o 57 6 w
o 59 7 w
o 57 2 w
o 62 7 n
# turn 536
o 62 1 w
o 61 7 n
o 57 5 w
o 59 6 w
o 64 0 w
o 57 1 w
o 57 3 w
# turn 537
o 62 0 s
o 57 4 w
o 64 9 s
o 57 0 w
o 59 5 s
o 57 2 w
o 60 7 w
o 64 87 e
# turn 538
o 60 5 w
o 64 0 e
o 65 9 w
o 57 1 e
o 57 3 s
o 63 0 e
o 57 87 s
# turn 539
o 64 1 e
o 60 4 w
o 58 87 s
o 58 3 s
o 64 9 w
o 65 8 w
o 57 2 e
o 60 6 w
o 63 1 e
# turn 540
o 60 5 w
o 59 87 e
o 64 8 s
o 60 3 s
o 64 2 s
o 63 2 e
o 65 7 w
o 57 3 s
# turn 541
o 59 0 e
o 65 2 s
o 60 4 e
o 58 3 e
o 65 8 e
o 65 6 s
o 61 3 s
o 63 3 s
o 59 3 e
# turn 542
o 60 5 e
o 59 1 e
o 62 3 s
o 66 6 s
o 59 4 s
o 58 4 e
o 66 2 e
o 64 9 e
o 64 3 e
o 65 9 e
# turn 543
o 60 4 e
o 58 5 s
o 66 3 e
o 64 10 e
o 67 6 e
o 64 4 e
o 65 10 s
o 63 3 s
o 59 2 e
o 60 6 e
# turn 544
o 60 5 e
o 66 4 e
o 59 3 e
o 64 11 s
o 64 5 e
o 59 5 e
o 67 7 e
o 64 3 s
o 66 10 e
o 60 7 s
# turn 545
o 65 3 w
o 66 11 w
o 59 6 w
o 67 8 w
o 64 6 w
o 61 7 n
o 59 4 w
o 66 5 w
o 65 11 w
o 60 6 w
# turn 546
o 60 5 w
o 65 2 n
o 66 4 n
o 64 5 w
o 59 5 w
o 65 10 n
o 67 7 n
o 60 7 w
o 66 10 w
o 59 3 s
# turn 547
o 66 7 n
o 66 9 n
o 60 3 w
o 64 2 w
o 59 4 w
o 64 10 n
o 65 4 w
o 64 4 w
o 60 6 w
# turn 548
o 60 5 e
o 64 1 e
o 60 2 s
o 65 3 s
o 65 9 s
o 65 7 s
o 64 3 e
o 59 3 s
o 63 10 e
# turn 549
o 66 7 s
o 63 11 e
o 60 4 e
o 66 9 s
o 60 3 s
o 64 2 e
o 61 2 s
o 64 4 s
o 64 9 e
o 66 3 s
o 60 6 e
# turn 550
o 60 5 e
o 67 3 e
o 62 2 s
o 65 4 s
o 63 12 e
o 67 9 e
o 64 10 e
o 61 3 s
o 67 7 e
o 60 7 e
o 64 3 s
# turn 551
o 65 3 s
o 62 3 s
o 66 4 e
o 60 8 e
o 67 8 e
o 64 11 s
o 63 13 e
o 63 2 s
o 67 4 s
o 60 6 e
# turn 552
o 68 4 e
o 63 14 e
o 66 5 s
o 60 9 e
o 67 9 s
o 66 3 e
o 63 3 s
o 60 7 e
o 65 11 e
o 64 2 s
# turn 553
o 65 2 n
o 68 9 n
o 65 12 n
o 68 5 e
o 60 10 e
o 67 10 n
o 63 15 n
o 60 8 s
o 64 3 n
o 66 4 e
o 67 5 e
# turn 554
o 62 15 e
o 60 11 e
o 64 12 n
o 67 9 n
o 64 2 e
o 61 8 e
o 66 5 n
o 66 10 e
o 68 6 e
o 67 6 e
o 63 3 n
# turn 555
o 62 3 n
o 66 11 e
o 60 12 s
o 68 7 e
o 63 12 e
o 67 7 n
o 64 3 n
o 66 9 n
o 65 5 n
o 62 16 n
# turn 556
o 64 5 e
o 65 9 e
o 66 7 e
o 63 13 n
o 68 8 e
o 61 12 e
o 66 12 n
o 63 3 n
o 61 16 e
# turn 557
o 65 12 n
o 64 6 n
o 61 13 e
o 62 13 e
o 66 8 e
o 61 17 e
o 68 9 n
o 65 10 n
# turn 558
o 64 12 n
o 67 9 e
o 61 14 e
o 63 6 e
o 61 18 e
o 64 10 n
o 66 9 e
o 62 14 e
# turn 559
o 62 15 e
o 63 7 n
o 66 10 e
o 61 19 n
o 61 9 n
o 63 12 e
o 61 3 n
o 61 15 n
o 63 10 e
# turn 560
o 60 15 e
o 62 7 e
o 62 3 n
o 66 11 n
o 63 13 n
o 64 9 n
o 60 19 e
o 60 9 e
o 76 23 e
o 63 11 n
o 67 10 n
o 60 3 e
o 62 16 e
# turn 561
o 66 10 e
o 62 11 e
o 62 17 n
o 76 22 e
o 60 4 e
o 63 9 n
o 62 8 n
o 62 13 n
o 61 3 n
o 65 11 n
o 60 16 e
o 60 10 e
o 60 20 e
# turn 562
o 76 21 e
o 60 17 e
o 60 11 e
o 60 21 e
o 62 12 e
o 66 11 e
o 61 13 n
o 76 23 e
o 60 5 e
o 61 8 e
o 61 17 e
o 60 3 e
o 64 11 e
# turn 563
o 64 12 n
o 76 22 e
o 60 18 e
o 60 4 e
o 61 9 n
o 60 22 n
o 60 12 n
o 62 13 e
o 61 18 e
o 66 12 e
o 60 13 n
o 60 6 e
# turn 564
o 59 12 n
o 76 18 n
o 64 9 e
o 76 23 e
o 60 19 n
o 60 5 e
o 60 9 n
o 62 9 n
o 63 12 n
o 62 14 e
o 59 13 n
o 60 7 e
o 59 22 e
# turn 565
o 59 23 n
o 62 15 n
o 61 19 n
o 60 8 n
o 75 18 n
o 59 19 n
o 60 6 n
o 64 10 n
o 61 9 n
o 62 12 n
o 58 13 e
o 59 9 e
o 58 12 n
# turn 566
o 58 14 e
o 58 23 e
o 60 9 e
o 61 12 n
o 59 6 n
o 74 18 e
o 59 10 e
o 57 12 n
o 59 8 e
o 61 15 n
o 58 19 n
o 66 13 s
o 60 19 n
o 63 10 e
# turn 567
o 58 15 n
o 58 24 e
o 59 9 n
o 63 11 n
o 60 10 n
o 57 19 n
o 74 19 e
o 59 19 n
o 60 15 n
o 59 11 e
o 56 12 n
o 67 13 s
o 58 6 e
o 60 12 e
# turn 568
o 68 13 n
o 60 13 e
o 59 15 n
o 59 12 e
o 58 9 e
o 62 11 e
o 58 7 n
o 59 10 e
o 57 15 n
o 55 12 n
o 58 19 n
o 58 25 e
# turn 569
o 58 15 e
o 62 12 e
o 58 26 e
o 54 12 n
o 56 15 e
o 57 7 n
o 59 11 n
o 58 10 n
o 67 13 n
o 59 13 n
o 60 14 n
# turn 570
o 57 10 n
o 58 13 e
o 58 27 e
o 59 14 e
o 56 7 e
o 58 11 e
o 58 16 e
o 53 12 e
o 62 13 n
# turn 571
o 56 8 n
o 58 17 e
o 59 15 e
o 58 12 n
o 58 28 w
o 56 10 n
o 58 14 n
o 61 13 e
o 53 13 e
# turn 572
o 58 27 n
o 55 10 e
o 55 8 e
o 57 12 n
o 59 16 e
o 64 9 n
o 57 14 n
o 61 14 n
o 58 18 e
# turn 573
o 63 9 n
o 55 11 e
o 55 9 e
o 56 14 e
o 57 27 n
o 60 14 e
o 59 17 e
# turn 574
o 55 10 n
o 62 9 n
o 56 27 n
o 56 15 n
o 60 15 e
o 55 12 n
o 59 18 e
# turn 575
o 60 16 e
o 54 12 e
o 56 12 n
o 55 15 n
o 55 27 n
o 54 10 n
o 61 9 n
# turn 576
o 60 17 n
o 54 13 e
o 54 27 e
o 60 9 n
o 64 9 e
o 53 10 e
o 55 12 n
# turn 577
o 54 12 n
o 54 28 n
o 66 13 s
o 59 17 e
o 64 10 s
o 53 11 n
o 64 9 s
o 59 9 w
# turn 578
o 67 13 s
o 52 11 e
o 59 18 n
o 65 10 s
o 65 9 s
o 59 8 s
# turn 579
o 52 12 n
o 66 9 w
o 66 10 s
o 60 8 s
o 58 18 n
# turn 580
o 61 8 s
o 57 18 n
o 66 8 s
o 53 12 e
o 67 10 w
# turn 581
o 68 13 e
o 67 8 n
o 62 8 e
o 67 9 e
# turn 582
o 66 8 e
o 62 9 n
o 67 10 n
o 68 14 e
o 64 9 e
# turn 583
o 66 9 n
o 61 9 n
o 68 15 n
o 64 10 n
o 66 10 n
# turn 584
o 67 15 e
o 60 9 e
o 65 9 n
o 65 10 e
o 63 10 e
# turn 585
o 63 11 e
o 60 10 e
o 67 16 e
o 64 9 n
o 65 11 n
# turn 586
o 60 11 e
o 63 9 e
o 63 12 n
o 64 11 e
o 67 17 e
# turn 587
o 62 12 n
o 67 18 n
o 64 12 n
o 60 12 e
o 63 10 e
# turn 588
o 63 11 n
o 66 18 e
o 63 12 n
o 61 12 e
o 60 13 e
# turn 589
o 62 12 e
o 62 11 n
o 60 14 n
o 61 13 e
# turn 590
o 59 14 e
o 61 14 n
o 61 11 n
o 62 13 n
# turn 591
o 60 11 n
o 59 15 n
o 60 14 e
o 61 13 n
# turn 592
o 58 15 e
o 60 15 n
o 59 11 n
o 60 13 e
# turn 593
o 59 15 e
o 58 11 e
o 60 14 e
o 58 16 e
# turn 594
o 58 17 n
o 59 16 e
o 60 15 e
o 58 12 n
# turn 595
o 60 16 n
o 57 12 n
o 59 17 e
o 57 17 e
# turn 596
o 59 18 n
o 59 16 n
o 56 12 n
# turn 597
o 58 16 e
o 55 12 n
# turn 598
o 54 12 n
o 58 17 n
# turn 599
# turn 600
# turn 601
o 53 12 n
o 53 13 n
# turn 602
o 52 13 n
o 52 12 n
# turn 603
o 51 12 w
# turn 604
o 51 13 s
o 51 11 s
# turn 605
o 52 13 s
o 52 11 s
o 64 9 e
# turn 606
o 64 10 e
o 53 11 e
# turn 607
o 64 11 e
# turn 608
o 64 12 n
# turn 609
o 56 16 w
o 54 14 s
o 63 12 e
o 53 12 s
o 53 13 s
o 57 17 w
# turn 610
o 54 13 n
o 54 12 n
o 57 16 n
o 56 15 n
o 55 14 n
o 63 13 n
# turn 611
o 64 9 n
o 62 13 n
# turn 612
o 63 9 n
o 61 13 n
# turn 613
o 62 9 n
o 60 13 n
# turn 614
o 61 9 n
o 59 13 e
# turn 615
o 59 14 n
o 60 9 e
# turn 616
o 60 10 n
o 58 14 n
# turn 617
o 59 10 e
o 57 14 e
# turn 618
o 59 11 n
o 57 15 e
# turn 619
o 57 16 e
o 58 11 e
# turn 620
o 58 12 n
# turn 621
o 57 12 n
# turn 622
o 56 12 n
# turn 623
o 55 12 n
# turn 624
o 54 12 e
# turn 625
# turn 626
# turn 627
# turn 628
# turn 629
# turn 630
# turn 631
# turn 632
# turn 633
# turn 634
# turn 635
# turn 636
# turn 637
# turn 638
# turn 639
# turn 640
# turn 641
# turn 642
# turn 643
# turn 644
# turn 645
# turn 646
# turn 647
# turn 648
# turn 649
# turn 650
# turn 651
# turn 652
# turn 653
# turn 654
# turn 655
# turn 656
# turn 657
# turn 658
# turn 659
# turn 660
# turn 661
# turn 662
# turn 663
# turn 664
# turn 665
# turn 666
# turn 667
# turn 668
# turn 669
o 53 14 n
o 54 13 w
o 53 12 w
o 53 13 n
# turn 670
o 52 13 n
o 54 12 s
o 54 14 n
o 53 11 w
o 52 14 e
# turn 671
o 53 14 n
o 53 10 w
o 51 13 s
o 55 12 w
# turn 672
o 56 19 e
o 66 19 e
o 55 11 w
o 59 19 e
o 57 19 e
o 53 9 w
o 58 19 e
# turn 673
o 52 13 n
o 58 18 e
o 55 10 w
o 57 18 e
o 66 20 e
o 53 8 w
o 58 20 e
o 57 20 e
o 59 20 e
o 56 20 n
o 52 14 n
o 56 18 e
# turn 674
o 57 19 e
o 56 19 e
o 57 17 e
o 59 21 e
o 58 21 e
o 51 14 s
o 55 9 w
o 55 20 e
o 51 13 s
o 57 21 n
o 53 7 w
o 58 19 e
o 66 21 e
# turn 675
o 52 13 s
o 58 22 n
o 57 18 n
o 55 8 w
o 53 6 s
o 56 21 n
o 52 14 s
o 59 22 e
o 56 20 n
# turn 676
o 53 14 s
o 56 18 e
o 59 23 n
o 55 7 w
o 57 20 e
o 57 22 n
o 53 13 w
o 58 20 e
# turn 677
o 56 19 e
o 58 23 n
o 58 21 e
o 54 14 s
o 57 21 n
o 54 6 n
o 64 9 n
o 56 22 e
o 53 12 s
# turn 678
o 58 22 e
o 56 23 n
o 63 9 w
o 54 12 n
o 64 9 w
o 55 14 n
o 53 6 n
o 56 21 e
o 55 6 n
o 56 20 n
# turn 679
o 64 8 w
o 63 8 w
o 58 23 w
o 55 23 w
o 54 14 n
o 55 20 e
o 52 6 n
o 54 6 n
o 64 9 n
o 57 23 w
o 53 12 e
# turn 680
o 53 14 n
o 58 22 e
o 63 7 w
o 51 6 w
o 63 9 w
o 55 22 e
o 64 7 w
o 55 21 n
o 53 6 n
o 56 22 e
o 57 22 e
o 53 13 n
# turn 681
o 52 13 n
o 58 23 e
o 55 23 e
o 51 5 n
o 64 6 w
o 52 6 n
o 56 23 e
o 63 8 w
o 57 23 e
o 52 14 n
o 54 21 e
# turn 682
o 58 24 e
o 63 7 n
o 51 6 n
o 54 22 n
o 50 5 n
o 51 14 n
o 56 24 e
o 64 5 w
o 55 15 s
o 51 13 n
o 55 24 e
o 57 24 e
# turn 683
o 49 5 w
o 53 22 n
o 57 25 e
o 56 15 n
o 56 25 w
o 50 6 n
o 64 4 w
o 62 7 n
o 58 25 e
o 55 25 w
# turn 684
o 50 13 w
o 56 16 s
o 49 6 w
o 58 26 e
o 57 26 e
o 56 24 s
o 55 24 e
o 64 3 w
o 49 4 w
o 61 7 n
# turn 685
o 49 5 n
o 57 16 n
o 57 27 n
o 50 12 e
o 50 14 s
o 64 2 n
o 49 3 w
o 60 7 n
o 58 27 w
o 57 24 e
o 55 25 e
# turn 686
o 50 13 e
o 48 5 w
o 63 2 n
o 58 26 n
o 56 27 w
o 57 25 n
o 51 14 s
o 49 2 w
o 59 7 w
o 55 26 n
o 64 9 w
# turn 687
o 62 2 n
o 57 26 s
o 56 16 s
o 48 4 w
o 50 14 w
o 54 15 w
o 49 1 n
o 59 6 w
o 56 25 s
o 66 22 w
o 55 15 w
o 64 8 n
o 52 14 n
# turn 688
o 50 13 n
o 63 8 w
o 58 26 s
o 57 16 w
o 48 3 w
o 56 26 w
o 51 14 n
o 54 14 w
o 48 1 w
o 55 14 s
o 61 2 n
o 59 5 w
o 52 15 w
o 57 25 s
o 66 21 w
# turn 689
o 59 26 w
o 63 7 n
o 54 13 w
o 60 2 w
o 50 14 w
o 48 2 w
o 66 20 w
o 56 25 w
o 48 0 w
o 59 4 w
o 57 15 s
o 49 13 w
o 52 14 s
o 58 25 w
# turn 690
o 53 14 s
o 58 15 s
o 50 13 w
o 66 19 w
o 58 24 s
o 54 12 w
o 48 87 w
o 48 1 w
o 56 24 w
o 60 1 w
o 49 12 w
o 62 7 n
o 59 3 w
# turn 691
o 59 25 n
o 50 12 n
o 66 18 w
o 59 24 n
o 59 15 w
o 49 11 w
o 54 14 w
o 48 86 w
o 48 0 n
o 56 23 w
o 60 0 n
o 54 11 s
o 59 2 n
o 61 7 n
# turn 692
o 59 0 n
o 58 24 s
o 59 14 w
o 54 13 w
o 49 10 n
o 55 11 s
o 47 0 w
o 58 2 n
o 48 85 n
o 66 17 w
o 49 12 w
o 64 9 s
o 56 22 w
o 60 7 w
o 58 25 s
# turn 693
o 66 16 s
o 47 87 w
o 54 12 w
o 65 9 e
o 57 2 n
o 56 21 w
o 64 9 e
o 49 11 w
o 48 10 n
o 59 25 s
o 60 6 n
o 59 24 s
o 58 0 n
o 47 85 w
o 59 13 s
o 56 11 w
# turn 694
o 67 16 w
o 60 25 e
o 47 86 w
o 59 6 w
o 64 9 s
o 54 11 s
o 57 0 w
o 64 10 e
o 60 13 s
o 56 10 w
o 47 84 n
o 47 10 n
o 49 10 s
o 56 2 w
o 65 10 e
o 56 20 s
o 60 24 s
# turn 695
o 57 20 s
o 46 84 w
o 65 9 s
o 61 24 e
o 61 13 s
o 60 26 s
o 56 9 w
o 67 15 s
o 55 11 w
o 47 85 s
o 59 5 n
o 56 1 w
o 65 11 e
o 46 10 s
o 64 11 e
o 50 10 w
o 57 87 n
# turn 696
o 58 5 s
o 56 87 w
o 58 20 e
o 63 6 e
o 56 8 s
o 65 12 s
o 46 83 w
o 68 15 s
o 64 9 s
o 56 0 n
o 62 13 s
o 56 14 s
o 50 9 w
o 61 26 s
o 66 9 s
o 55 10 e
o 61 25 s
# turn 697
o 63 7 w
o 64 12 s
o 67 9 s
o 55 0 w
o 65 9 s
o 62 26 s
o 64 9 e
o 50 8 s
o 57 8 s
o 55 11 w
o 66 12 e
o 59 5 n
o 58 21 s
o 47 10 s
o 69 15 w
o 57 14 s
o 56 86 s
o 62 25 s
# turn 698
o 58 5 n
o 57 86 n
o 51 8 w
o 63 6 s
o 58 14 s
o 65 12 s
o 59 21 s
o 63 26 e
o 69 14 s
o 48 10 w
o 55 87 s
o 58 8 w
o 64 10 s
o 63 25 s
o 68 9 s
o 66 9 s
o 55 10 w
o 66 13 s
# turn 699
o 67 13 s
o 64 25 s
o 55 9 w
o 60 21 s
o 63 27 w
o 67 9 e
o 48 9 w
o 57 5 w
o 64 6 e
o 64 9 e
o 69 9 s
o 59 14 w
o 51 7 w
o 66 12 e
o 58 7 n
o 70 14 w
o 65 10 s
o 56 86 w
# turn 700
o 48 8 w
o 56 87 w
o 59 13 s
o 55 8 s
o 63 26 s
o 70 9 s
o 70 13 s
o 57 4 n
o 64 7 s
o 64 10 s
o 56 85 w
o 51 6 s
o 61 21 e
o 57 7 n
o 68 13 s
o 66 13 s
# turn 701
o 56 7 w
o 67 13 s
o 52 6 s
o 71 9 s
o 71 13 w
o 56 4 w
o 63 13 w
o 65 7 s
o 48 7 s
o 56 84 w
o 69 13 s
o 61 22 e
o 60 13 s
o 56 86 w
# turn 702
o 66 10 e
o 56 3 w
o 66 7 e
o 56 8 s
o 49 7 w
o 61 23 e
o 61 13 s
o 70 13 n
o 64 9 e
o 71 12 e
o 63 12 s
o 53 6 n
o 56 85 s
o 56 6 w
o 68 13 e
o 65 10 e
# turn 703
o 68 14 e
o 52 6 s
o 61 24 s
o 71 13 n
o 66 11 e
o 57 85 s
o 57 8 s
o 62 13 e
o 49 6 w
o 66 8 e
o 56 5 s
o 69 13 n
o 64 10 e
o 65 11 e
o 67 10 n
o 56 2 w
# turn 704
o 49 5 s
o 66 9 n
o 65 12 w
o 62 14 n
o 57 5 s
o 68 15 w
o 64 12 n
o 68 13 n
o 58 8 w
o 64 11 w
o 66 12 w
o 70 13 n
o 53 6 s
o 66 10 n
o 56 1 w
# turn 705
o 58 85 n
o 67 13 n
o 50 5 w
o 66 11 w
o 68 14 w
o 63 12 n
o 61 14 w
o 58 5 w
o 64 10 w
o 54 6 n
o 58 7 w
o 56 0 s
o 65 11 n
o 65 9 w
# turn 706
o 62 12 w
o 65 8 w
o 64 11 n
o 66 13 w
o 50 4 w
o 66 10 w
o 68 13 n
o 57 0 w
o 64 9 w
o 58 4 w
o 53 6 n
o 58 6 w
o 65 10 w
o 61 13 n
# turn 707
o 63 11 w
o 50 3 w
o 66 12 w
o 66 9 w
o 67 13 n
o 65 9 w
o 58 3 n
o 69 13 n
o 62 11 n
o 58 5 n
o 65 7 w
o 60 13 w
o 64 8 n
o 57 87 w
# turn 708
o 68 13 n
o 63 8 n
o 50 2 w
o 57 5 w
o 66 11 w
o 66 13 w
o 61 11 n
o 65 8 w
o 65 6 w
o 52 6 n
o 66 8 w
o 57 3 w
o 60 12 n
o 63 10 w
# turn 709
o 66 7 w
o 51 6 s
o 57 4 w
o 63 9 w
o 60 11 w
o 65 7 w
o 59 12 n
o 62 8 w
o 66 10 w
o 65 5 n
o 66 12 n
o 67 13 n
o 57 2 w
# turn 710
o 65 6 w
o 66 6 w
o 63 8 n
o 66 9 n
o 65 12 n
o 60 10 w
o 66 13 w
o 64 5 w
o 52 6 s
o 62 7 n
o 57 3 w
o 58 12 w
o 57 1 w
# turn 711
o 61 7 n
o 66 12 w
o 65 5 n
o 64 4 w
o 60 9 w
o 62 8 n
o 64 12 w
o 57 2 s
o 57 0 w
o 65 9 n
o 58 11 w
o 53 6 s
o 57 85 s
o 66 5 w
o 57 86 s
# turn 712
o 54 6 s
o 58 86 n
o 61 8 w
o 66 4 n
o 58 10 w
o 66 11 w
o 58 2 w
o 64 11 n
o 64 5 w
o 64 9 n
o 60 7 w
o 60 8 n
o 64 3 n
# turn 713
o 63 11 w
o 61 7 n
o 58 1 n
o 63 9 w
o 58 9 w
o 66 10 n
o 65 4 w
o 64 4 w
o 59 8 w
o 63 3 w
o 55 6 s
o 57 86 w
o 60 6 w
# turn 714
o 60 5 w
o 65 3 w
o 63 8 w
o 59 7 w
o 56 6 w
o 58 8 w
o 57 1 w
o 63 2 w
o 65 10 n
o 60 7 w
o 64 3 n
o 63 10 w
o 57 87 s
# turn 715
o 65 2 n
o 60 4 n
o 63 7 n
o 63 9 n
o 58 87 w
o 56 5 w
o 59 6 n
o 57 0 w
o 64 10 w
o 63 3 w
o 60 6 w
o 63 1 n
# turn 716
o 60 5 w
o 62 1 w
o 62 9 n
o 58 86 w
o 56 4 s
o 64 9 n
o 63 2 w
o 59 4 w
o 58 6 w
o 62 7 n
o 64 2 w
o 57 87 w
# turn 717
o 64 1 w
o 60 4 w
o 57 4 w
o 63 9 n
o 61 9 w
o 58 5 w
o 61 7 n
o 58 7 w
o 63 1 n
o 57 86 w
o 59 3 n
o 62 0 n
# turn 718
o 64 0 w
o 62 1 n
o 58 6 w
o 61 8 n
o 62 9 w
o 61 0 n
o 58 3 w
o 60 3 n
o 57 85 s
o 60 7 n
o 57 3 n
# turn 719
o 61 1 w
o 59 7 n
o 58 5 n
o 58 2 w
o 56 3 w
o 64 87 n
o 58 4 n
o 60 0 n
o 60 8 n
o 59 3 w
o 62 8 w
# turn 720
o 59 0 w
o 57 4 n
o 58 1 n
o 57 5 n
o 63 87 w
o 61 0 n
o 59 8 w
o 56 2 w
o 58 7 n
o 59 2 n
o 62 7 n
# turn 721
o 59 87 n
o 61 7 n
o 57 7 w
o 59 7 n
o 63 86 w
o 57 1 w
o 60 0 w
o 56 1 n
o 56 4 n
o 58 2 n
# turn 722
o 55 4 w
o 58 87 s
o 57 6 w
o 60 87 w
o 56 5 w
o 58 7 w
o 57 0 s
o 55 1 w
o 57 2 w
o 60 7 w
o 63 85 n
# turn 723
o 59 87 s
o 62 85 n
o 57 5 w
o 60 86 w
o 56 4 w
o 55 3 w
o 55 0 s
o 57 1 w
o 58 0 w
o 58 6 w
o 60 6 w
# turn 724
o 60 5 w
o 57 4 w
o 58 87 w
o 58 5 s
o 57 0 w
o 55 2 w
o 61 85 s
o 60 85 n
o 56 3 w
o 56 0 w
o 60 87 n
# turn 725
o 59 87 w
o 60 4 n
o 62 85 w
o 59 85 w
o 58 86 w
o 56 2 w
o 56 87 n
o 55 1 w
o 57 3 s
o 57 87 s
# turn 726
o 58 85 s
o 59 84 w
o 58 87 s
o 62 84 w
o 58 3 s
o 55 87 n
o 55 0 n
o 56 1 w
# turn 727
o 54 87 w
o 59 85 w
o 59 3 w
o 56 0 w
o 54 0 n
# turn 728
o 59 84 w
o 53 0 s
o 59 4 w
o 56 87 w
o 59 2 w
o 59 86 w
# turn 729
o 59 87 w
o 59 1 w
o 59 85 w
o 59 83 w
o 59 3 w
o 59 5 w
o 56 86 w
o 54 0 s
# turn 730
o 59 0 w
o 59 84 w
o 55 0 w
o 59 4 w
o 59 2 w
o 56 85 s
o 59 86 w
# turn 731
o 59 87 w
o 59 1 w
o 59 85 w
o 55 87 w
o 59 3 w
# turn 732
o 59 0 w
o 55 86 s
o 57 85 s
o 59 2 w
o 59 86 w
# turn 733
o 59 87 w
o 59 85 w
o 58 85 n
o 59 1 w
o 56 86 w
# turn 734
o 59 0 w
o 59 84 w
o 56 85 w
o 59 86 w
# turn 735
o 59 87 w
o 59 85 w
o 56 84 w
# turn 736
o 59 86 s
# turn 737
o 60 86 w
# turn 738
o 60 85 w
