# turn 1
o 42 31 s
# turn 2
o 43 31 w
# turn 3
o 43 30 w
# turn 4
o 43 29 n
# turn 5
o 42 31 e
o 42 29 n
# turn 6
o 42 32 e
o 41 29 n
# turn 7
o 42 33 e
o 40 29 n
# turn 8
o 42 34 s
o 39 29 n
# turn 9
o 43 34 s
o 38 29 n
# turn 10
o 44 34 e
o 37 29 n
# turn 11
o 44 35 s
o 36 29 w
# turn 12
o 45 35 s
o 36 28 n
# turn 13
o 46 35 e
o 35 28 n
# turn 14
o 34 28 n
o 46 36 w
# turn 15
o 33 28 n
o 46 35 n
o 42 31 w
# turn 16
o 32 28 n
o 45 35 n
o 42 30 n
# turn 17
o 31 28 n
o 44 35 w
o 41 30 n
# turn 18
o 44 34 n
o 40 30 n
o 30 28 n
# turn 19
o 43 34 n
o 39 30 n
o 29 28 n
o 42 31 n
# turn 20
o 42 34 n
o 38 30 w
o 28 28 w
o 41 31 n
# turn 21
o 38 29 n
o 28 27 n
o 40 31 n
o 41 34 n
# turn 22
o 37 29 w
o 27 27 n
o 39 31 n
o 40 34 n
# turn 23
o 37 28 w
o 38 31 n
o 26 27 w
o 39 34 n
# turn 24
o 37 27 w
o 37 31 n
o 42 31 n
o 38 34 n
o 26 26 w
# turn 25
o 37 26 n
o 36 31 n
o 41 31 n
o 37 34 n
o 26 25 w
# turn 26
o 36 26 n
o 40 31 w
o 36 34 n
o 26 24 n
o 35 31 n
# turn 27
o 35 26 n
o 40 30 w
o 35 34 n
o 34 31 n
o 25 24 n
# turn 28
o 34 26 n
o 34 34 n
o 24 24 n
o 40 29 s
o 33 31 n
# turn 29
o 33 26 n
o 33 34 n
o 23 24 e
o 41 29 w
o 32 31 n
# turn 30
o 32 26 n
o 23 25 n
o 32 34 s
o 31 31 n
o 41 28 s
# turn 31
o 31 26 w
o 22 25 e
o 33 34 w
o 42 31 e
o 30 31 n
o 42 28 w
# turn 32
o 31 25 n
o 22 26 e
o 33 33 w
o 42 32 n
o 29 31 n
o 42 27 w
# turn 33
o 22 27 e
o 33 32 w
o 28 31 n
o 41 32 e
o 42 26 w
o 30 25 w
# turn 34
o 22 28 e
o 33 31 w
o 42 31 e
o 41 33 n
o 42 25 n
o 27 31 n
o 30 24 n
# turn 35
o 22 29 e
o 33 30 s
o 42 32 s
o 40 33 n
o 26 31 w
o 29 24 n
o 41 25 n
# turn 36
o 34 30 w
o 40 25 n
o 39 33 n
o 43 32 e
o 26 30 n
o 22 30 s
o 28 24 n
# turn 37
o 34 29 w
o 42 31 s
o 23 30 w
o 25 30 n
o 27 24 w
o 38 33 n
o 39 25 n
o 43 33 s
# turn 38
o 34 28 w
o 43 31 s
o 24 30 w
o 44 33 w
o 27 23 n
o 23 29 w
o 38 25 n
o 37 33 n
# turn 39
o 34 27 w
o 24 29 w
o 37 25 n
o 23 28 w
o 36 33 n
o 44 32 s
o 26 23 n
o 44 31 w
# turn 40
o 34 26 s
o 24 28 w
o 35 33 n
o 36 25 n
o 44 30 w
o 23 27 w
o 45 32 w
o 25 23 n
# turn 41
o 35 26 s
o 35 25 n
o 23 26 n
o 24 27 e
o 34 33 w
o 24 23 n
o 44 29 w
o 45 31 w
# turn 42
o 36 26 s
o 22 26 n
o 24 28 s
o 34 32 s
o 23 23 w
o 34 25 n
o 45 30 w
o 44 28 w
# turn 43
o 37 26 w
o 21 26 w
o 33 25 n
o 44 27 n
o 35 32 n
o 23 22 e
o 45 29 n
o 25 28 n
# turn 44
o 37 25 w
o 21 25 w
o 24 28 w
o 32 25 w
o 23 23 e
o 34 32 n
o 43 27 n
o 44 29 w
# turn 45
o 37 24 s
o 24 27 n
o 32 24 n
o 42 27 w
o 33 32 w
o 44 28 w
o 23 24 e
o 21 24 e
# turn 46
o 38 24 s
o 21 25 n
o 44 27 w
o 31 24 n
o 42 26 w
o 23 27 n
o 23 25 n
o 33 31 w
# turn 47
o 39 24 w
o 22 25 n
o 20 25 n
o 22 27 n
o 44 26 w
o 42 25 w
o 33 30 w
o 30 24 n
# turn 48
o 39 23 s
o 21 25 n
o 21 27 n
o 44 25 n
o 42 24 n
o 29 24 w
o 33 29 n
# turn 49
o 40 23 w
o 20 25 s
o 29 23 n
o 41 24 n
o 43 25 w
o 32 29 e
o 20 27 n
# turn 50
o 21 25 s
o 40 24 s
o 40 22 n
o 28 23 w
o 19 27 n
o 43 24 w
o 32 30 n
# turn 51
o 41 24 w
o 42 31 s
o 22 25 n
o 18 27 n
o 28 22 n
o 43 23 n
o 39 22 n
o 31 30 n
# turn 52
o 43 31 s
o 21 25 n
o 42 31 n
o 30 30 n
o 41 23 n
o 38 22 e
o 42 23 w
o 17 27 n
o 27 22 e
# turn 53
o 44 31 s
o 20 25 w
o 27 23 w
o 40 23 w
o 29 30 n
o 16 27 n
o 38 23 w
o 41 31 n
o 42 22 w
# turn 54
o 45 31 s
o 15 27 s
o 28 30 n
o 20 24 e
o 40 22 w
o 40 31 n
o 42 21 n
o 38 22 n
o 27 22 w
# turn 55
o 16 27 s
o 20 25 e
o 27 21 n
o 41 21 w
o 40 21 n
o 39 31 n
o 27 30 n
o 37 22 n
o 46 31 w
# turn 56
o 17 27 w
o 20 26 w
o 26 21 n
o 39 21 n
o 41 20 n
o 46 30 w
o 38 31 w
o 26 30 n
o 36 22 n
# turn 57
o 17 26 w
o 25 30 n
o 35 22 w
o 38 21 n
o 38 30 n
o 25 21 n
o 20 25 n
o 40 20 e
o 46 29 w
# turn 58
o 17 25 s
o 24 30 w
o 46 28 n
o 40 21 n
o 35 21 n
o 19 25 e
o 37 30 w
o 24 21 n
o 37 21 n
# turn 59
o 18 25 s
o 39 21 n
o 24 29 n
o 37 29 w
o 45 28 w
o 23 21 w
o 36 21 n
o 34 21 n
o 19 26 n
# turn 60
o 19 25 s
o 33 21 e
o 45 27 n
o 23 29 w
o 38 21 e
o 18 26 w
o 23 20 n
o 37 28 w
o 35 21 e
# turn 61
o 20 25 w
o 22 20 n
o 35 22 w
o 18 25 n
o 44 27 n
o 23 28 w
o 38 22 w
o 37 27 n
o 33 22 w
# turn 62
o 20 24 s
o 33 21 n
o 21 20 n
o 36 27 n
o 35 21 w
o 38 21 w
o 23 27 n
o 43 27 w
# turn 63
o 21 24 w
o 22 27 e
o 32 21 n
o 20 20 n
o 35 20 n
o 38 20 n
o 43 26 s
o 35 27 e
# turn 64
o 22 28 n
o 44 26 s
o 35 28 e
o 21 23 w
o 34 20 n
o 37 20 e
o 31 21 n
o 19 20 e
# turn 65
o 30 21 w
o 21 22 w
o 21 28 w
o 45 26 n
o 37 21 n
o 35 29 n
o 33 20 n
o 19 21 w
# turn 66
o 34 29 w
o 21 21 n
o 32 20 e
o 30 20 n
o 21 27 w
o 44 26 w
o 36 21 n
o 19 20 e
# turn 67
o 32 21 w
o 34 28 w
o 20 21 w
o 29 20 n
o 44 25 n
o 35 21 w
o 21 26 n
o 19 21 w
# turn 68
o 20 26 w
o 32 20 n
o 34 27 w
o 20 20 e
o 35 20 n
o 28 20 n
o 43 25 w
o 19 20 e
# turn 69
o 27 20 n
o 20 21 w
o 34 20 n
o 43 24 w
o 31 20 n
o 20 25 w
o 34 26 w
o 19 21 w
# turn 70
o 26 20 n
o 20 24 s
o 30 20 n
o 20 20 w
o 43 23 n
o 34 25 n
o 19 20 n
o 33 20 n
# turn 71
o 20 19 n
o 32 20 n
o 29 20 n
o 25 20 n
o 42 23 w
o 18 20 n
o 21 24 w
o 33 25 n
# turn 72
o 19 19 n
o 32 25 w
o 21 23 e
o 28 20 w
o 31 20 w
o 42 22 n
o 24 20 w
# turn 73
o 32 24 w
o 24 19 e
o 31 19 n
o 41 22 s
o 18 19 n
o 21 24 n
o 28 19 n
# turn 74
o 24 20 s
o 42 22 s
o 17 19 n
o 20 24 e
o 27 19 n
o 30 19 n
o 32 23 n
# turn 75
o 25 20 s
o 20 25 n
o 29 19 e
o 43 22 w
o 31 23 n
o 16 19 e
o 26 19 n
# turn 76
o 26 20 s
o 29 20 n
o 25 19 e
o 30 23 n
o 43 21 n
o 19 25 n
o 16 20 n
# turn 77
o 27 20 e
o 18 25 n
o 15 20 n
o 42 21 w
o 29 23 w
o 25 20 n
o 28 20 e
# turn 78
o 27 21 e
o 29 22 w
o 28 21 w
o 17 25 n
o 14 20 n
o 42 20 n
o 24 20 n
# turn 79
o 41 20 n
o 29 21 w
o 23 20 n
o 28 20 n
o 16 25 w
o 13 20 n
o 27 22 n
# turn 80
o 22 20 n
o 12 20 n
o 27 20 n
o 29 20 n
o 26 22 n
o 40 20 n
o 16 24 w
# turn 81
o 39 20 n
o 21 20 n
o 26 20 n
o 16 23 w
o 28 20 n
o 11 20 n
o 25 22 w
# turn 82
o 27 20 n
o 38 20 n
o 20 20 n
o 16 22 w
o 10 20 n
o 25 20 n
o 25 21 n
# turn 83
o 26 20 w
o 9 20 n
o 24 21 e
o 37 20 n
o 16 21 s
o 19 20 w
o 24 20 n
# turn 84
o 26 19 w
o 23 20 w
o 19 19 n
o 8 20 n
o 17 21 n
o 24 22 w
o 36 20 w
# turn 85
o 24 21 w
o 7 20 n
o 23 19 n
o 36 19 n
o 18 19 n
o 16 21 e
o 26 18 n
# turn 86
o 24 20 w
o 17 19 w
o 16 22 e
o 25 18 w
o 22 19 n
o 6 20 n
o 35 19 n
# turn 87
o 24 19 w
o 16 23 s
o 17 18 n
o 34 19 n
o 25 17 n
o 5 20 n
o 21 19 e
# turn 88
o 16 18 n
o 33 19 n
o 21 20 e
o 24 18 n
o 24 17 n
o 17 23 n
o 4 20 n
# turn 89
o 15 18 n
o 32 19 n
o 21 21 e
o 16 23 e
o 23 17 s
o 3 20 n
o 23 18 n
# turn 90
o 14 18 n
o 31 19 w
o 21 22 e
o 16 24 e
o 24 17 s
o 2 20 n
o 22 18 w
# turn 91
o 13 18 n
o 31 18 n
o 16 25 e
o 25 17 w
o 1 20 w
o 22 17 e
o 21 23 e
# turn 92
o 12 18 n
o 30 18 n
o 25 16 w
o 1 19 n
o 22 18 e
o 21 24 e
o 16 26 w
# turn 93
o 11 18 n
o 29 18 w
o 25 15 s
o 0 19 n
o 22 19 n
o 21 25 n
o 16 25 n
# turn 94
o 10 18 n
o 29 17 n
o 26 15 w
o 87 19 w
o 21 19 e
o 20 25 e
o 15 25 n
# turn 95
o 26 14 s
o 87 18 n
o 21 20 n
o 20 26 e
o 14 25 n
o 28 17 w
o 9 18 w
# turn 96
o 27 14 s
o 86 18 w
o 20 20 n
o 20 27 e
o 13 25 w
o 28 16 w
o 9 17 n
o 42 31 e
# turn 97
o 28 14 s
o 86 17 n
o 19 20 n
o 13 24 n
o 28 15 n
o 42 32 n
o 42 31 n
o 20 28 w
o 8 17 e
# turn 98
o 29 14 s
o 18 20 n
o 12 24 n
o 27 15 n
o 20 27 n
o 41 32 e
o 8 18 w
o 41 31 n
o 85 17 e
# turn 99
o 30 14 s
o 17 20 n
o 11 24 w
o 26 15 n
o 19 27 w
o 8 17 s
o 40 31 n
o 42 31 w
o 41 33 e
o 85 18 n
# turn 100
o 31 14 s
o 11 23 n
o 25 15 w
o 19 26 w
o 9 17 w
o 39 31 n
o 42 30 n
o 41 34 e
o 16 20 n
o 84 18 n
# turn 101
o 10 23 n
o 25 14 n
o 19 25 n
o 9 16 s
o 38 31 e
o 41 30 w
o 15 20 n
o 83 18 s
o 32 14 s
o 41 35 n
# turn 102
o 9 23 n
o 24 14 n
o 18 25 n
o 10 16 w
o 41 29 n
o 14 20 n
o 84 18 e
o 33 14 s
o 42 31 s
o 40 35 n
o 38 32 n
# turn 103
o 8 23 n
o 23 14 n
o 17 25 w
o 10 15 w
o 40 29 n
o 13 20 n
o 84 19 s
o 34 14 e
o 43 31 s
o 39 35 n
o 37 32 n
# turn 104
o 7 23 n
o 22 14 n
o 17 24 n
o 10 14 w
o 39 29 n
o 85 19 e
o 34 15 s
o 44 31 s
o 38 35 e
o 12 20 w
o 36 32 n
# turn 105
o 6 23 n
o 21 14 n
o 16 24 n
o 10 13 s
o 38 29 n
o 85 20 s
o 35 15 e
o 45 31 s
o 38 36 e
o 35 32 n
o 12 19 w
# turn 106
o 5 23 n
o 20 14 n
o 15 24 n
o 11 13 w
o 37 29 n
o 86 20 s
o 35 16 e
o 46 31 s
o 38 37 e
o 34 32 w
o 12 18 e
# turn 107
o 4 23 n
o 19 14 n
o 36 29 w
o 87 20 e
o 35 17 s
o 38 38 n
o 34 31 n
o 12 19 n
o 14 24 n
o 47 31 e
o 11 12 w
# turn 108
o 3 23 n
o 36 28 n
o 87 21 e
o 36 17 s
o 37 38 e
o 33 31 n
o 11 19 n
o 13 24 e
o 47 32 w
o 18 14 e
# turn 109
o 2 23 n
o 87 22 s
o 37 17 s
o 37 39 e
o 32 31 w
o 10 19 n
o 13 25 e
o 47 31 w
o 18 15 e
o 35 28 e
# turn 110
o 1 23 n
o 0 22 s
o 38 17 s
o 37 40 n
o 32 30 n
o 9 19 e
o 13 26 e
o 18 16 e
o 35 29 e
o 47 30 w
# turn 111
o 0 23 n
o 1 22 e
o 39 17 e
o 36 40 n
o 31 30 n
o 9 20 e
o 13 27 e
o 18 17 s
o 47 29 w
o 35 30 n
# turn 112
o 1 23 s
o 39 18 e
o 30 30 n
o 9 21 e
o 13 28 n
o 19 17 s
o 47 28 w
o 34 30 e
o 87 23 e
o 35 40 w
# turn 113
o 2 23 s
o 39 19 s
o 29 30 n
o 9 22 e
o 12 28 e
o 20 17 s
o 47 27 n
o 34 31 n
o 42 31 e
o 87 24 n
o 35 39 w
# turn 114
o 3 23 s
o 40 19 e
o 28 30 n
o 9 23 n
o 12 29 e
o 21 17 s
o 46 27 n
o 33 31 n
o 42 32 n
o 42 31 n
o 86 24 n
o 35 38 n
# turn 115
o 4 23 s
o 40 20 e
o 27 30 n
o 8 23 n
o 22 17 s
o 45 27 w
o 32 31 n
o 41 32 e
o 41 31 n
o 34 38 w
o 12 30 n
o 85 24 n
# turn 116
o 5 23 s
o 26 30 w
o 7 23 e
o 45 26 w
o 31 31 n
o 41 33 e
o 40 31 n
o 42 31 n
o 11 30 w
o 23 17 w
o 84 24 n
o 40 21 w
o 34 37 n
# turn 117
o 6 23 s
o 26 29 n
o 45 25 w
o 30 31 n
o 41 34 e
o 39 31 n
o 41 31 e
o 40 20 w
o 23 16 e
o 7 24 e
o 11 29 e
o 83 24 e
o 33 37 s
# turn 118
o 7 23 e
o 25 29 w
o 45 24 w
o 29 31 n
o 41 35 e
o 38 31 n
o 41 32 e
o 40 19 w
o 11 30 w
o 23 17 e
o 7 25 s
o 83 25 s
o 34 37 e
# turn 119
o 7 24 e
o 25 28 n
o 28 31 n
o 37 31 n
o 41 33 n
o 11 29 n
o 23 18 s
o 8 25 e
o 34 38 s
o 84 25 n
o 41 36 e
o 45 23 e
o 40 18 e
# turn 120
o 7 25 s
o 24 28 n
o 27 31 n
o 36 31 n
o 40 33 n
o 10 29 n
o 24 18 s
o 8 26 e
o 42 31 s
o 45 24 s
o 40 19 s
o 83 25 w
o 35 38 e
o 41 37 e
# turn 121
o 8 25 e
o 23 28 n
o 35 31 n
o 39 33 n
o 9 29 n
o 25 18 e
o 8 27 e
o 83 24 n
o 26 31 e
o 43 31 w
o 46 24 w
o 35 39 w
o 41 19 e
o 41 38 e
# turn 122
o 8 26 e
o 22 28 n
o 38 33 n
o 8 29 n
o 25 19 s
o 8 28 s
o 43 30 w
o 46 23 w
o 35 38 w
o 82 24 w
o 41 20 e
o 34 31 s
o 26 32 e
o 41 39 s
# turn 123
o 8 27 e
o 21 28 n
o 37 33 n
o 7 29 n
o 26 19 e
o 9 28 e
o 43 29 s
o 46 22 w
o 35 37 n
o 82 23 n
o 26 33 e
o 42 39 s
o 41 21 s
o 35 31 s
# turn 124
o 8 28 s
o 20 28 n
o 36 33 n
o 6 29 n
o 26 20 s
o 9 29 s
o 44 29 s
o 46 21 w
o 34 37 w
o 81 23 w
o 43 39 n
o 26 34 s
o 42 21 s
o 36 31 e
# turn 125
o 9 28 s
o 19 28 n
o 35 33 n
o 5 29 n
o 27 20 s
o 10 29 s
o 45 29 s
o 34 36 n
o 81 22 n
o 42 39 n
o 43 21 w
o 46 20 e
o 27 34 s
o 36 32 e
# turn 126
o 10 28 s
o 18 28 n
o 34 33 n
o 4 29 n
o 28 20 e
o 11 29 e
o 46 29 s
o 33 36 n
o 80 22 w
o 41 39 n
o 43 20 s
o 28 34 e
o 46 21 s
o 36 33 e
# turn 127
o 11 28 s
o 17 28 n
o 33 33 n
o 3 29 n
o 28 21 s
o 11 30 s
o 32 36 w
o 40 39 n
o 44 20 s
o 47 21 s
o 28 35 s
o 80 21 e
o 36 34 s
o 47 29 e
# turn 128
o 12 28 s
o 32 33 n
o 29 21 s
o 12 30 e
o 32 35 w
o 39 39 w
o 45 20 s
o 48 21 s
o 42 31 e
o 2 29 n
o 47 30 e
o 16 28 s
o 80 22 e
o 29 35 s
o 37 34 s
# turn 129
o 13 28 s
o 31 33 n
o 30 21 e
o 12 31 s
o 32 34 n
o 39 38 w
o 49 21 s
o 42 31 n
o 17 28 w
o 30 35 e
o 80 23 n
o 47 31 e
o 38 34 s
o 42 32 s
o 1 29 e
o 46 20 e
# turn 130
o 14 28 s
o 30 33 n
o 30 22 e
o 13 31 s
o 31 34 w
o 39 37 w
o 50 21 s
o 41 31 w
o 17 27 w
o 42 31 s
o 46 21 e
o 47 32 w
o 43 32 e
o 30 36 e
o 1 30 s
o 39 34 s
o 79 23 e
# turn 131
o 15 28 s
o 29 33 n
o 30 23 s
o 31 33 n
o 39 36 n
o 41 30 n
o 17 26 w
o 43 31 s
o 46 22 e
o 47 31 s
o 14 31 e
o 40 34 s
o 2 30 e
o 43 33 s
o 30 37 w
o 79 24 e
o 51 21 n
# turn 132
o 16 28 s
o 28 33 n
o 31 23 e
o 30 33 n
o 38 36 n
o 40 30 w
o 17 25 w
o 44 31 w
o 46 23 e
o 30 36 n
o 44 33 w
o 48 31 n
o 79 25 n
o 2 31 e
o 50 21 e
o 41 34 e
o 14 32 s
# turn 133
o 17 28 s
o 27 33 n
o 31 24 s
o 29 33 n
o 37 36 n
o 40 29 n
o 17 24 w
o 44 30 w
o 46 24 e
o 44 32 w
o 78 25 e
o 41 35 e
o 15 32 e
o 2 32 s
o 50 22 n
o 29 36 s
o 47 31 e
# turn 134
o 18 28 s
o 26 33 n
o 32 24 s
o 28 33 w
o 36 36 n
o 39 29 n
o 17 23 n
o 46 25 e
o 44 31 w
o 3 32 e
o 47 32 w
o 15 33 e
o 78 26 s
o 41 36 e
o 44 29 w
o 30 36 e
o 49 22 e
# turn 135
o 19 28 s
o 33 24 s
o 28 32 w
o 35 36 n
o 38 29 n
o 16 23 w
o 46 26 n
o 44 30 n
o 44 28 w
o 15 34 n
o 3 33 e
o 47 31 n
o 49 23 e
o 25 33 e
o 30 37 w
o 41 37 n
o 79 26 n
# turn 136
o 20 28 s
o 34 24 e
o 28 31 n
o 34 36 n
o 37 29 n
o 16 22 w
o 45 26 n
o 43 30 n
o 14 34 w
o 30 36 s
o 3 34 e
o 46 31 n
o 44 27 e
o 49 24 e
o 25 34 e
o 78 26 w
o 40 37 s
# turn 137
o 21 28 s
o 34 25 e
o 27 31 n
o 33 36 n
o 36 29 n
o 16 21 w
o 44 26 e
o 42 30 n
o 14 33 n
o 78 25 n
o 45 31 s
o 3 35 e
o 31 36 w
o 49 25 n
o 41 37 n
o 44 28 e
o 25 35 e
# turn 138
o 22 28 s
o 34 26 s
o 32 36 n
o 35 29 n
o 16 20 n
o 41 30 w
o 13 33 n
o 46 31 w
o 40 37 w
o 31 35 s
o 25 36 n
o 44 27 n
o 77 25 w
o 26 31 e
o 48 25 e
o 44 29 e
o 3 36 e
# turn 139
o 23 28 s
o 35 26 s
o 31 36 n
o 34 29 n
o 15 20 n
o 41 29 w
o 12 33 n
o 46 30 w
o 24 36 w
o 43 27 n
o 42 31 s
o 77 24 n
o 26 32 s
o 44 30 e
o 48 26 e
o 32 35 e
o 40 36 e
o 3 37 s
# turn 140
o 24 28 s
o 36 26 e
o 30 36 n
o 33 29 w
o 14 20 n
o 46 29 w
o 24 35 w
o 42 27 w
o 27 32 n
o 48 27 n
o 4 37 s
o 43 31 e
o 32 36 s
o 44 31 e
o 41 28 e
o 76 24 w
o 11 33 s
o 40 37 s
# turn 141
o 36 27 e
o 29 36 n
o 33 28 n
o 13 20 n
o 46 28 w
o 42 26 w
o 26 32 n
o 5 37 s
o 33 36 n
o 47 27 e
o 12 33 e
o 41 29 e
o 24 34 s
o 43 32 e
o 76 23 e
o 25 28 s
o 44 32 e
o 41 37 e
# turn 142
o 36 28 s
o 32 28 n
o 12 20 n
o 46 27 w
o 42 25 n
o 25 32 e
o 6 37 w
o 32 36 w
o 41 38 n
o 44 33 e
o 26 28 e
o 47 28 n
o 41 30 s
o 43 33 e
o 12 34 s
o 25 34 e
o 42 31 e
o 28 36 s
o 76 24 s
# turn 143
o 37 28 s
o 31 28 n
o 11 20 n
o 41 25 w
o 6 36 s
o 32 35 w
o 44 34 e
o 26 29 n
o 77 24 e
o 43 34 n
o 46 26 n
o 25 35 e
o 42 30 e
o 42 32 s
o 29 36 s
o 46 28 n
o 13 34 s
o 40 38 w
o 25 33 s
# turn 144
o 38 28 e
o 30 28 n
o 10 20 n
o 41 24 n
o 7 36 w
o 32 34 n
o 25 29 n
o 77 25 s
o 42 31 e
o 43 32 s
o 25 36 e
o 26 33 s
o 45 26 e
o 45 28 e
o 30 36 s
o 14 34 s
o 40 37 e
o 42 34 s
# turn 145
o 38 29 s
o 29 28 n
o 9 20 n
o 40 24 w
o 7 35 w
o 31 34 n
o 24 29 e
o 78 25 s
o 42 32 n
o 43 34 w
o 45 27 e
o 27 33 e
o 15 34 s
o 31 36 s
o 45 29 e
o 42 31 s
o 40 38 e
o 44 32 s
o 25 37 s
# turn 146
o 39 29 s
o 28 28 n
o 8 20 n
o 30 34 n
o 24 30 n
o 79 25 s
o 41 32 e
o 43 33 w
o 40 23 n
o 45 30 s
o 43 31 s
o 26 37 n
o 40 39 e
o 16 34 s
o 45 28 e
o 7 34 e
o 32 36 s
o 27 34 e
o 45 32 n
# turn 147
o 40 29 e
o 27 28 w
o 7 20 n
o 29 34 n
o 23 30 n
o 80 25 e
o 41 33 n
o 43 32 n
o 25 37 n
o 33 36 e
o 17 34 e
o 46 30 s
o 27 35 s
o 44 31 s
o 45 29 s
o 39 23 e
o 7 35 s
o 44 32 e
o 40 40 s
# turn 148
o 40 30 e
o 27 27 n
o 6 20 n
o 28 34 n
o 22 30 e
o 80 26 e
o 40 33 e
o 42 32 n
o 33 37 n
o 8 35 s
o 44 33 e
o 41 40 s
o 24 37 s
o 45 31 e
o 28 35 s
o 47 30 e
o 39 24 s
o 17 35 s
o 46 29 e
# turn 149
o 26 27 w
o 27 34 w
o 22 31 n
o 40 34 n
o 41 32 w
o 40 31 n
o 32 37 s
o 29 35 n
o 42 40 s
o 46 30 e
o 47 31 e
o 80 27 w
o 40 24 e
o 18 35 s
o 25 37 s
o 9 35 e
o 5 20 e
o 45 32 w
# turn 150
o 26 26 w
o 27 33 w
o 21 31 e
o 41 31 n
o 39 31 w
o 80 26 s
o 40 25 w
o 45 31 e
o 47 32 w
o 28 35 w
o 33 37 s
o 26 37 n
o 5 21 n
o 9 36 n
o 46 31 w
o 39 34 e
o 19 35 w
# turn 151
o 27 32 n
o 21 32 n
o 40 31 n
o 39 30 n
o 40 24 w
o 45 32 n
o 28 34 w
o 34 37 s
o 25 37 e
o 46 30 s
o 39 35 n
o 81 26 n
o 47 31 n
o 19 34 s
o 4 21 e
o 26 25 s
o 8 36 e
# turn 152
o 26 32 n
o 20 32 n
o 39 31 n
o 38 30 n
o 40 23 s
o 44 32 n
o 28 33 s
o 35 37 s
o 47 30 s
o 38 35 n
o 80 26 w
o 46 31 n
o 20 34 s
o 4 22 s
o 27 25 e
o 25 38 w
o 8 37 n
# turn 153
o 25 32 n
o 19 32 n
o 38 31 n
o 37 30 n
o 41 23 w
o 43 32 e
o 29 33 w
o 80 25 w
o 45 31 n
o 21 34 w
o 5 22 e
o 25 37 n
o 27 26 n
o 36 37 s
o 7 37 e
o 48 30 s
o 37 35 n
# turn 154
o 24 32 n
o 18 32 n
o 37 31 n
o 41 22 w
o 43 33 n
o 44 31 n
o 21 33 w
o 5 23 s
o 24 37 n
o 26 26 e
o 37 37 e
o 49 30 w
o 7 38 n
o 29 32 s
o 80 24 n
o 36 35 e
o 36 30 w
# turn 155
o 23 32 n
o 17 32 e
o 36 31 n
o 41 21 s
o 42 33 n
o 43 31 n
o 21 32 w
o 6 23 s
o 26 27 n
o 37 38 e
o 79 24 n
o 36 36 e
o 36 29 s
o 23 37 w
o 30 32 s
o 6 38 n
o 49 29 w
# turn 156
o 22 32 n
o 17 33 e
o 35 31 n
o 42 21 s
o 41 33 n
o 42 31 n
o 21 31 s
o 25 27 n
o 37 39 e
o 36 37 e
o 37 29 w
o 23 36 w
o 49 28 s
o 5 38 n
o 31 32 s
o 7 23 w
o 78 24 n
# turn 157
o 17 34 n
o 34 31 w
o 43 21 w
o 40 33 n
o 41 31 n
o 22 31 w
o 24 27 n
o 37 40 e
o 37 28 w
o 50 28 w
o 77 24 w
o 32 32 s
o 4 38 e
o 21 32 e
o 23 35 e
o 7 22 n
o 36 38 e
# turn 158
o 16 34 e
o 34 30 n
o 43 20 s
o 39 33 n
o 22 30 w
o 23 27 n
o 37 41 s
o 37 27 s
o 50 27 w
o 23 36 s
o 4 39 w
o 77 23 e
o 21 33 e
o 40 31 s
o 36 39 e
o 6 22 n
o 33 32 e
# turn 159
o 16 35 e
o 33 30 w
o 44 20 s
o 38 33 n
o 22 29 w
o 22 27 n
o 38 41 e
o 50 26 s
o 24 36 s
o 4 38 n
o 77 24 e
o 36 40 s
o 21 34 n
o 38 27 e
o 41 31 e
o 5 22 e
o 33 33 e
# turn 160
o 16 36 n
o 33 29 w
o 45 20 s
o 37 33 n
o 22 28 w
o 38 42 e
o 51 26 s
o 25 36 e
o 20 34 n
o 3 38 n
o 5 23 n
o 41 32 s
o 21 27 e
o 38 28 e
o 37 40 e
o 33 34 s
o 77 25 s
# turn 161
o 15 36 n
o 33 28 n
o 22 27 w
o 52 26 s
o 25 37 s
o 42 31 s
o 37 41 n
o 38 29 e
o 21 28 w
o 19 34 s
o 38 43 w
o 4 23 s
o 34 34 s
o 42 32 e
o 46 20 e
o 36 33 e
o 78 25 n
o 2 38 w # not player ant
# turn 162
o 14 36 n
o 32 28 n
o 53 26 s
o 38 30 n
o 21 27 w
o 42 31 e
o 35 34 n
o 38 42 s
o 36 41 s
o 46 21 e
o 22 26 s
o 77 25 w
o 26 37 n
o 42 33 s
o 20 34 s
o 36 34 s
o 5 23 n
o 43 31 s
o 2 37 n # not player ant
# turn 163
o 13 36 n
o 31 28 n
o 54 26 s
o 37 30 n
o 21 26 w
o 25 37 w
o 77 24 e
o 37 41 s
o 23 26 w
o 21 34 s
o 4 23 e
o 44 31 e
o 43 33 e
o 37 34 s
o 46 22 e
o 42 31 s
o 42 32 s
o 39 42 s
o 34 34 s
o 1 37 n # not player ant
# turn 164
o 55 26 s
o 36 30 n
o 21 25 w
o 25 36 n
o 35 34 n
o 43 34 s
o 12 36 n
o 40 42 w
o 30 28 s
o 23 25 w
o 38 41 s
o 22 34 e
o 43 31 s
o 4 24 e
o 43 32 e
o 38 34 e
o 46 23 e
o 42 31 e
o 44 32 e
o 77 25 w
# turn 165
o 35 30 n
o 21 24 w
o 24 36 n
o 34 34 n
o 44 34 e
o 11 36 n
o 44 33 w
o 77 24 s
o 40 41 s
o 39 41 e
o 44 31 s
o 43 33 e
o 42 32 e
o 31 28 e
o 42 31 s
o 4 25 s
o 23 24 s
o 22 35 s
o 46 24 e
o 38 35 s
o 56 26 s # not player ant
# turn 166
o 21 23 w
o 23 36 n
o 33 34 w
o 10 36 n
o 78 24 e
o 45 31 s
o 46 25 n
o 5 25 e
o 23 35 s
o 43 34 s
o 44 35 s
o 39 35 s
o 31 29 s
o 43 31 s
o 34 30 s
o 24 24 s
o 42 33 s
o 44 32 s
o 41 41 w
o 39 42 s
o 57 26 s # not player ant
# turn 167
o 21 22 w
o 33 33 n
o 9 36 w
o 78 25 e
o 46 31 s
o 45 25 n
o 41 40 n
o 5 26 w
o 44 34 e
o 45 35 s
o 32 29 e
o 40 42 n
o 44 31 s
o 43 33 e
o 24 35 s
o 40 35 e
o 25 24 s
o 35 30 e
o 22 36 s
o 45 32 n
o 58 26 s # not player ant
# turn 168
o 21 21 w
o 32 33 w
o 9 35 n
o 78 26 s
o 47 31 s
o 44 25 e
o 40 40 n
o 5 25 s
o 39 42 e
o 26 24 e
o 43 34 s
o 45 31 e
o 23 36 e
o 46 35 e
o 25 35 e
o 44 35 s
o 35 31 e
o 44 32 e
o 32 30 e
o 40 36 s
o 59 26 s # not player ant
# turn 169
o 21 20 n
o 32 32 n
o 8 35 n
o 79 26 s
o 48 31 s
o 44 26 e
o 6 25 w
o 23 37 s
o 44 33 n
o 32 31 s
o 25 36 e
o 41 36 e
o 26 25 s
o 44 34 e
o 45 35 s
o 39 40 s
o 35 32 n
o 46 36 e
o 39 43 e
o 45 32 n
# turn 170
o 20 20 n
o 31 32 w
o 7 35 w
o 80 26 e
o 44 27 e
o 6 24 s
o 24 37 n
o 27 25 s
o 34 32 w
o 43 33 e
o 46 35 e
o 44 35 s
o 39 44 e
o 46 37 s
o 44 32 e
o 25 37 s
o 49 31 s
o 40 40 s
o 41 37 e
o 33 31 e
# turn 171
o 31 31 w
o 44 28 e
o 7 24 s
o 28 25 e
o 34 31 n
o 23 37 w
o 44 33 w
o 41 40 e
o 33 32 e
o 45 35 n
o 19 20 e
o 39 45 n
o 80 27 w
o 43 34 s
o 46 36 e
o 26 37 n
o 50 31 s
o 47 37 s
o 41 38 e
o 7 34 e
# turn 172
o 31 30 w
o 44 29 e
o 8 24 w
o 28 26 s
o 33 31 n
o 23 36 w
o 44 32 n
o 25 37 n
o 51 31 s
o 80 26 n
o 44 34 n
o 48 37 e
o 44 35 s
o 41 39 e
o 7 35 e
o 46 37 s
o 41 41 n
o 19 21 s
o 33 33 s
# turn 173
o 31 29 n
o 44 30 e
o 8 23 s
o 23 35 n
o 43 32 w
o 24 37 n
o 52 31 s
o 41 40 s
o 40 41 e
o 32 31 s
o 45 35 n
o 20 21 s
o 29 26 e
o 43 34 s
o 34 33 e
o 47 37 e
o 79 26 n
o 7 36 e
# turn 174
o 30 29 w
o 44 31 e
o 9 23 s
o 22 35 n
o 43 31 n
o 53 31 w
o 23 37 w
o 21 21 e
o 29 27 e
o 42 40 s
o 40 42 n
o 47 38 w
o 7 37 n
o 44 35 s
o 44 34 w
o 78 26 s
o 34 34 s
o 33 31 e
# turn 175
o 10 23 s
o 21 35 w
o 42 31 n
o 53 30 s
o 39 42 n
o 29 28 w
o 44 33 e
o 35 34 s
o 33 32 s
o 23 36 e
o 45 35 s
o 30 28 s
o 6 37 n
o 47 37 s
o 79 26 n
o 44 32 s
o 21 22 e
o 43 40 s
# turn 176
o 11 23 w
o 21 34 w
o 41 31 n
o 54 30 s
o 38 42 n
o 29 27 w
o 44 34 e
o 31 28 n
o 23 37 w
o 5 37 s
o 34 32 s
o 21 23 e
o 78 26 w
o 46 35 s
o 36 34 e
o 44 40 e
o 45 32 w
# turn 177
o 11 22 w
o 21 33 n
o 40 31 n
o 55 30 w
o 29 26 s
o 30 28 e
o 23 36 n
o 37 42 n
o 35 32 n
o 78 25 n
o 44 35 w
o 47 35 s
o 6 37 e
o 36 35 s
o 45 31 e
o 21 24 e
# turn 178
o 11 21 w
o 20 33 n
o 39 31 n
o 55 29 w
o 30 26 w
o 30 29 n
o 22 36 w
o 36 42 n
o 34 32 n
o 44 34 w
o 21 25 w
o 6 38 e
o 48 35 s
o 77 25 w
o 45 32 n
o 37 35 w
# turn 179
o 11 20 s
o 19 33 n
o 55 28 w
o 29 29 n
o 22 35 n
o 35 42 n
o 33 32 e
o 21 24 w
o 6 39 n
o 77 24 n
o 44 32 s
o 38 31 s
o 49 35 w
o 44 33 e
o 30 25 s
o 37 34 s
# turn 180
o 12 20 s
o 18 33 n
o 55 27 w
o 28 29 n
o 21 35 w
o 34 42 n
o 33 33 e
o 21 23 w
o 5 39 w
o 44 34 e
o 42 31 e
o 76 24 w
o 49 34 w
o 38 34 w
o 39 31 s
o 31 25 n
o 45 32 n
# turn 181
o 13 20 w
o 17 33 n
o 55 26 s
o 27 29 n
o 21 34 n
o 33 42 n
o 33 34 n
o 21 22 w
o 5 38 w
o 44 35 s
o 44 32 s
o 38 33 w
o 40 31 s
o 49 33 w
o 42 32 w
o 76 23 e
o 30 25 e
# turn 182
o 13 19 s
o 16 33 n
o 56 26 s
o 26 29 n
o 20 34 n
o 32 42 n
o 32 34 e
o 21 21 w
o 5 37 w
o 45 32 w
o 38 32 w
o 42 31 s
o 30 26 s
o 45 35 s
o 41 31 w
o 49 32 s
o 76 24 w
# turn 183
o 14 19 w
o 15 33 n
o 57 26 w
o 25 29 n
o 19 34 w
o 32 35 e
o 21 20 n
o 5 36 w
o 38 31 n
o 41 30 n
o 50 32 w
o 43 31 s
o 31 26 n
o 46 35 s
o 45 31 s
o 76 23 e
o 31 42 e
# turn 184
o 14 33 n
o 57 25 s
o 24 29 n
o 19 33 w
o 32 36 n
o 20 20 w
o 5 35 n
o 37 31 n
o 40 30 w
o 30 26 s
o 47 35 s
o 14 18 s
o 44 31 s
o 46 31 w
o 31 43 n
o 50 31 w
o 42 31 s
o 76 24 w
# turn 185
o 13 33 n
o 58 25 s
o 23 29 n
o 19 32 n
o 31 36 n
o 20 19 n
o 4 35 n
o 36 31 n
o 40 29 n
o 48 35 s
o 31 26 w
o 45 31 w
o 46 30 s
o 15 18 e
o 76 23 n
o 50 30 s
o 43 31 s
o 30 43 n
o 42 31 w
# turn 186
o 12 33 n
o 59 25 w
o 22 29 n
o 18 32 w
o 30 36 n
o 19 19 n
o 3 35 n
o 35 31 n
o 39 29 n
o 31 25 w
o 42 30 w
o 75 23 n
o 47 30 s
o 44 31 s
o 49 35 s
o 45 30 s
o 15 19 e
o 51 30 s
# turn 187
o 59 24 s
o 21 29 n
o 18 31 w
o 29 36 n
o 18 19 n
o 2 35 n
o 34 31 n
o 38 29 w
o 31 24 s
o 42 29 n
o 74 23 n
o 48 30 e
o 50 35 w
o 46 30 s
o 15 20 n
o 52 30 s
o 11 33 w
o 45 31 s
# turn 188
o 60 24 w
o 20 29 n
o 18 30 w
o 17 19 n
o 1 35 w
o 33 31 n
o 38 28 w
o 32 24 w
o 73 23 n
o 48 31 s
o 47 30 s
o 14 20 e
o 46 31 s
o 53 30 s
o 50 34 e
o 28 36 w
o 11 32 w
o 41 29 s
# turn 189
o 60 23 s
o 19 29 e
o 18 29 w
o 16 19 n
o 1 34 n
o 32 31 n
o 38 27 w
o 32 23 w
o 72 23 e
o 49 31 s
o 48 30 s
o 47 31 w
o 54 30 s
o 50 35 n
o 42 31 n
o 11 31 w
o 28 35 w
o 14 21 w
o 42 29 s
# turn 190
o 61 23 s
o 19 30 n
o 18 28 w
o 15 19 n
o 0 34 w
o 31 31 n
o 32 22 w
o 72 24 n
o 50 31 s
o 49 30 w
o 55 30 w
o 49 35 n
o 41 31 e
o 11 30 w
o 47 30 w
o 28 34 s
o 14 20 s
o 38 26 n
o 43 29 w
# turn 191
o 18 30 n
o 18 27 n
o 14 19 w
o 30 31 n
o 32 21 s
o 71 24 e
o 51 31 s
o 49 29 w
o 55 29 s
o 48 35 n
o 41 32 e
o 11 29 w
o 37 26 w
o 0 33 n
o 43 28 s
o 62 23 n
o 15 20 n
o 47 29 s
o 29 34 s
# turn 192
o 17 30 n
o 14 18 n
o 29 31 n
o 33 21 w
o 71 25 n
o 52 31 s
o 56 29 w
o 47 35 e
o 41 33 n
o 11 28 n
o 37 25 w
o 49 28 s
o 44 28 w
o 87 33 n
o 61 23 n
o 14 20 s
o 30 34 w
o 17 27 w
o 48 29 s
# turn 193
o 13 18 w
o 28 31 n
o 33 20 s
o 70 25 n
o 53 31 s
o 56 28 s
o 47 36 n
o 40 33 n
o 10 28 n
o 37 24 n
o 15 20 n
o 30 33 w
o 44 27 n
o 49 29 n
o 16 30 e
o 60 23 s
o 17 26 s
o 86 33 n
o 42 31 s
o 50 28 s
# turn 194
o 13 17 w
o 27 31 n
o 34 20 w
o 69 25 n
o 54 31 s
o 57 28 s
o 39 33 n
o 9 28 n
o 14 20 n
o 30 32 w
o 43 27 w
o 85 33 e
o 18 26 s
o 61 23 e
o 46 36 e
o 43 31 s
o 48 29 w
o 36 24 s
o 42 31 e
o 51 28 s
o 16 31 e
# turn 195
o 13 16 w
o 34 19 s
o 68 25 n
o 55 31 s
o 58 28 s
o 38 33 n
o 8 28 n
o 30 31 w
o 43 26 w
o 85 34 s
o 19 26 n
o 52 28 s
o 48 28 s
o 44 31 e
o 16 32 n
o 42 32 s
o 13 20 n
o 46 37 s
o 37 24 n
o 26 31 e
# turn 196
o 35 19 s
o 56 31 s
o 59 28 w
o 37 33 n
o 7 28 w
o 30 30 w
o 43 25 n
o 86 34 s
o 18 26 n
o 15 32 n
o 12 20 e
o 26 32 n
o 53 28 s
o 67 25 s
o 49 28 e
o 13 15 n
o 43 32 e
o 36 24 n
o 47 37 s
o 42 31 e
o 44 32 e
# turn 197
o 36 19 s
o 57 31 s
o 59 27 w
o 36 33 n
o 7 27 w
o 30 29 w
o 42 25 w
o 87 34 e
o 17 26 n
o 35 24 e
o 44 33 e
o 25 32 n
o 68 25 s
o 48 37 s
o 49 29 e
o 43 33 e
o 42 32 s
o 12 21 n
o 54 28 s
o 42 31 s
o 12 15 e
o 14 32 e
# turn 198
o 37 19 s
o 58 31 s
o 59 26 w
o 35 33 n
o 7 26 w
o 30 28 s
o 42 24 n
o 87 35 e
o 16 26 n
o 49 37 e
o 55 28 e
o 43 34 w
o 49 30 e
o 14 33 e
o 12 16 e
o 44 34 e
o 35 25 n
o 69 25 s
o 43 31 s
o 43 32 s
o 11 21 e
o 42 31 e
o 24 32 n
# turn 199
o 38 19 s
o 59 31 s
o 59 25 s
o 34 33 n
o 7 25 w
o 31 28 s
o 41 24 n
o 87 36 s
o 15 26 n
o 23 32 n
o 34 25 n
o 11 22 n
o 44 31 s
o 43 33 e
o 12 17 e
o 42 32 s
o 14 34 e
o 44 35 s
o 49 38 e
o 44 32 s
o 55 29 s
o 49 31 e
o 70 25 s
# turn 200
o 39 19 s
o 60 31 s
o 60 25 s
o 33 33 n
o 7 24 w
o 32 28 s
o 40 24 n
o 0 36 s
o 14 26 e
o 56 29 s
o 43 34 s
o 45 31 s
o 45 35 s
o 49 32 e
o 10 22 n
o 33 25 n
o 49 39 e
o 71 25 e
o 43 32 e
o 14 35 e
o 12 18 e
o 22 32 n
o 45 32 n
# turn 201
o 40 19 s
o 61 31 s
o 61 25 s
o 32 33 n
o 7 23 w
o 33 28 s
o 39 24 w
o 1 36 s
o 9 22 e
o 49 33 e
o 44 34 w
o 71 26 n
o 14 27 e
o 43 33 w
o 46 35 s
o 49 40 s
o 46 31 s
o 57 29 s
o 21 32 n
o 44 32 s
o 32 25 s
o 14 36 n
o 12 19 e
# turn 202
o 41 19 s
o 62 31 s
o 62 25 w
o 31 33 n
o 34 28 s
o 39 23 n
o 2 36 s
o 9 23 s
o 49 34 e
o 44 33 w
o 47 35 n
o 12 20 w
o 13 36 n
o 47 31 n
o 14 28 n
o 33 25 w
o 58 29 s
o 20 32 e
o 43 32 w
o 50 40 w
o 7 22 e
o 70 26 w
o 45 32 w
# turn 203
o 42 19 s
o 62 24 s
o 30 33 n
o 35 28 w
o 38 23 w
o 3 36 s
o 10 23 s
o 49 35 n
o 44 32 s
o 46 35 n
o 12 19 w
o 12 36 n
o 45 31 w
o 63 31 w
o 50 39 w
o 7 23 e
o 59 29 s
o 46 31 w
o 43 31 w
o 13 28 e
o 33 24 s
o 20 33 e
o 70 25 w
# turn 204
o 43 19 s
o 63 24 s
o 29 33 n
o 35 27 s
o 38 22 w
o 4 36 s
o 11 23 e
o 48 35 e
o 45 35 n
o 12 18 n
o 20 34 n
o 50 38 s
o 46 30 w
o 60 29 w
o 7 24 n
o 13 29 e
o 45 30 n
o 63 30 w
o 70 24 w
o 11 36 n
o 43 30 w
o 34 24 w
o 45 32 w
# turn 205
o 44 19 s
o 28 33 n
o 36 27 s
o 38 21 w
o 5 36 s
o 11 24 s
o 44 35 w
o 11 18 n
o 19 34 n
o 48 36 s
o 60 28 w
o 43 29 w
o 70 23 n
o 6 24 e
o 13 30 n
o 45 31 s
o 51 38 w
o 34 23 s
o 42 31 w
o 63 29 w
o 10 36 n
o 64 24 n
o 46 29 w
o 44 30 w
# turn 206
o 45 19 s
o 27 33 n
o 37 27 s
o 38 20 w
o 6 36 s
o 12 24 s
o 44 34 w
o 10 18 n
o 18 34 w
o 49 36 w
o 63 28 w
o 43 28 w
o 6 25 e
o 9 36 n
o 42 30 s
o 46 31 s
o 60 27 s
o 69 23 w
o 46 28 s
o 35 23 s
o 51 37 w
o 63 24 e
o 12 30 e
o 44 29 s
# turn 207
o 26 33 n
o 38 19 w
o 13 24 s
o 44 33 n
o 9 18 n
o 18 33 w
o 49 35 w
o 51 36 n
o 47 28 w
o 12 31 s
o 38 27 w
o 8 36 e
o 47 31 s
o 61 27 s
o 7 36 n
o 36 23 w
o 43 27 s
o 63 25 w
o 6 26 n
o 43 30 w
o 63 27 w
o 46 19 n
o 69 22 n
o 45 29 w
# turn 208
o 38 18 w
o 14 24 s
o 43 33 n
o 18 32 w
o 49 34 s
o 47 27 n
o 13 31 s
o 38 26 w
o 8 37 e
o 45 19 w
o 48 31 n
o 43 29 w
o 5 26 n
o 6 36 n
o 44 27 w
o 63 26 w
o 36 22 s
o 25 33 e
o 62 27 w
o 50 36 w
o 68 22 n
o 45 28 s
o 63 24 s
o 8 18 n
# turn 209
o 38 17 w
o 15 24 e
o 42 33 w
o 18 31 n
o 46 27 n
o 14 31 e
o 38 25 s
o 47 31 n
o 64 24 e
o 50 34 n
o 44 26 w
o 37 22 w
o 45 18 w
o 62 26 w
o 67 22 w
o 43 28 s
o 7 18 n
o 50 35 e
o 63 25 w
o 25 34 e
o 8 38 n
o 42 31 s
o 46 28 s
o 4 26 e
# turn 210
o 15 25 e
o 42 32 n
o 17 31 n
o 45 27 w
o 14 32 s
o 39 25 w
o 46 31 n
o 50 36 s
o 64 25 w
o 4 27 w
o 47 28 w
o 38 16 w
o 25 35 w
o 37 21 s
o 6 18 e
o 43 31 s
o 44 28 w
o 42 31 w
o 44 25 s
o 49 34 w
o 67 21 w
o 63 24 e
o 62 25 w
# turn 211
o 15 26 e
o 41 32 w
o 16 31 n
o 45 26 n
o 15 32 e
o 39 24 w
o 45 31 e
o 51 36 s
o 63 25 e
o 64 24 n
o 49 33 w
o 47 27 w
o 44 27 s
o 38 21 s
o 44 31 w
o 42 31 s
o 42 30 s
o 45 25 w
o 25 34 w
o 38 15 s
o 62 24 w
o 6 19 n
o 67 20 n
o 4 26 w
# turn 212
o 41 31 n
o 15 31 w
o 44 26 n
o 15 33 s
o 39 23 w
o 63 26 s
o 15 27 w
o 45 27 w
o 44 30 s
o 39 21 w
o 49 32 s
o 52 36 n
o 47 26 s
o 39 15 s
o 43 31 s
o 62 23 n
o 66 20 w
o 4 25 n
o 5 19 n
o 42 31 w
o 45 24 w
o 43 30 w
o 63 24 s
o 25 33 w
o 45 32 w
# turn 213
o 40 31 n
o 15 30 n
o 43 26 n
o 16 33 e
o 39 22 s
o 61 23 w
o 64 24 e
o 3 25 w
o 51 36 n
o 43 29 s
o 25 32 s
o 45 23 w
o 45 31 s
o 15 26 s
o 64 26 n
o 4 19 w
o 45 26 w
o 44 31 w
o 45 30 s
o 39 20 s
o 50 32 w
o 42 30 s
o 40 15 s
o 42 31 s
o 66 19 w
o 48 26 s
# turn 214
o 39 31 n
o 14 30 w
o 42 26 w
o 16 34 s
o 40 22 s
o 64 25 s
o 4 18 n
o 44 30 s
o 49 26 w
o 3 24 w
o 46 30 w
o 26 32 s
o 66 18 n
o 63 26 w
o 45 22 w
o 46 31 s
o 45 25 s
o 41 15 s
o 43 31 s
o 50 36 w
o 40 20 s
o 61 22 w
o 16 26 w
o 50 31 w
o 43 30 w
o 44 29 s
# turn 215
o 38 31 n
o 42 25 n
o 17 34 e
o 46 25 w
o 43 29 w
o 50 35 w
o 41 22 s
o 47 31 s
o 42 15 e
o 44 31 s
o 49 25 w
o 45 30 s
o 50 30 w
o 45 21 s
o 27 32 w
o 3 23 w
o 16 25 s
o 45 29 w
o 63 25 w
o 14 29 s
o 65 25 n
o 41 20 s
o 61 21 n
o 3 18 n
o 46 29 w
# turn 216
o 41 25 w
o 17 35 e
o 48 31 w
o 2 18 n
o 64 25 n
o 42 16 w
o 60 21 n
o 50 29 w
o 17 25 w
o 46 21 w
o 45 31 w
o 37 31 w
o 46 30 w
o 50 34 n
o 43 28 w
o 63 24 n
o 15 29 w
o 27 31 s
o 42 22 s
o 46 28 w
o 3 22 w
o 46 24 w
o 45 28 w
o 42 20 s
# turn 217
o 41 24 n
o 17 36 s
o 48 30 w
o 1 18 w
o 3 21 e
o 43 20 s
o 49 34 w
o 59 21 w
o 42 15 n
o 17 24 w
o 45 30 w
o 37 30 s
o 28 31 s
o 43 22 s
o 46 27 w
o 43 27 w
o 63 25 w
o 45 27 w
o 46 23 w
o 62 24 n
o 15 28 s
o 50 28 w
o 46 20 w
o 46 29 w
# turn 218
o 40 24 n
o 18 36 s
o 48 29 s
o 1 17 w
o 3 22 e
o 41 15 w
o 16 28 w
o 44 20 w
o 61 24 n
o 29 31 w
o 45 26 w
o 46 26 w
o 17 23 n
o 63 24 n
o 46 22 w
o 59 20 n
o 50 27 w
o 49 33 w
o 45 29 w
o 46 28 w
o 46 19 n
o 38 30 w
o 43 26 w
o 44 22 w
# turn 219
o 39 24 n
o 49 29 s
o 1 16 w
o 3 23 n
o 45 19 w
o 46 25 e
o 44 19 w
o 46 21 w
o 43 25 w
o 19 36 n
o 16 27 n
o 50 26 w
o 49 32 s
o 45 25 w
o 58 20 w
o 38 29 s
o 29 30 n
o 16 23 e
o 46 27 s
o 62 24 w
o 44 21 s
o 41 14 e
o 45 28 w
o 60 24 n
# turn 220
o 38 24 w
o 50 29 w
o 1 15 n
o 2 23 n
o 46 26 e
o 47 27 w
o 15 27 n
o 50 25 w
o 45 27 w
o 45 18 w
o 16 24 e
o 58 19 w
o 28 30 n
o 43 24 s
o 39 29 s
o 45 21 w
o 50 32 w
o 41 15 s
o 62 23 n
o 45 24 w
o 59 24 n
o 18 36 n
o 44 18 w
o 46 20 w
# turn 221
o 38 23 n
o 50 28 w
o 0 15 w
o 46 27 n
o 47 26 w
o 45 23 w
o 14 27 e
o 45 26 s
o 42 15 e
o 58 24 n
o 61 23 n
o 16 25 e
o 1 23 s
o 44 24 s
o 44 17 s
o 50 31 w
o 45 20 w
o 46 19 e
o 50 24 w
o 17 36 w
o 27 30 n
o 40 29 s
o 58 18 w
# turn 222
o 37 23 w
o 50 27 s
o 0 14 w
o 45 27 n
o 42 16 n
o 57 24 n
o 45 22 w
o 2 23 w
o 41 29 n
o 46 26 s
o 50 23 w
o 14 28 n
o 60 23 w
o 26 30 w
o 16 26 n
o 58 17 w
o 42 31 s
o 50 30 w
o 45 24 w
o 47 25 s
o 17 35 n
o 45 19 s
o 46 20 e
# turn 223
o 51 27 s
o 0 13 n
o 44 27 n
o 46 21 s
o 45 23 s
o 16 35 e
o 37 22 w
o 50 29 w
o 2 22 e
o 15 26 n
o 50 22 w
o 26 29 e
o 60 22 s
o 58 16 w
o 45 21 w
o 47 26 w
o 43 31 s
o 13 28 n
o 40 29 n
o 48 25 s
o 46 19 n
o 41 16 w
o 56 24 n
# turn 224
o 52 27 w
o 87 13 n
o 43 27 n
o 47 21 s
o 45 19 n
o 14 26 e
o 16 36 n
o 2 23 w
o 44 31 s
o 49 25 s
o 39 29 n
o 50 28 w
o 58 15 w
o 41 15 w
o 61 22 w
o 26 30 e
o 45 20 s
o 46 23 w
o 12 28 w
o 47 25 s
o 37 21 w
o 50 21 w
o 55 24 w
# turn 225
o 52 26 w
o 42 27 e
o 48 21 e
o 44 19 n
o 2 22 w
o 12 27 n
o 86 13 w
o 55 23 w
o 37 20 w
o 15 36 e
o 45 31 s
o 58 14 n
o 50 25 w
o 14 27 n
o 46 22 w
o 38 29 w
o 50 27 w
o 48 25 s
o 50 20 s
o 41 14 w
o 61 21 w
o 26 31 e
o 46 20 w
# turn 226
o 52 25 w
o 42 28 e
o 43 19 w
o 11 27 w
o 86 12 w
o 51 20 e
o 61 20 w
o 46 21 s
o 37 19 w
o 26 32 s
o 55 22 s
o 50 26 w
o 49 25 w
o 46 31 s
o 48 22 w
o 42 31 w
o 46 19 n
o 50 24 w
o 2 21 e
o 13 27 n
o 38 28 n
# turn 227
o 52 24 s
o 42 29 n
o 86 11 n
o 51 21 e
o 50 23 w
o 50 25 s
o 47 21 n
o 2 22 e
o 12 27 n
o 61 19 w
o 47 31 w
o 48 21 s
o 56 22 w
o 27 32 w
o 42 30 n
o 37 18 w
o 49 24 s
o 43 18 w
o 11 26 s
o 45 19 w
o 37 28 w
# turn 228
o 53 24 s
o 41 29 n
o 85 11 n
o 46 21 n
o 43 17 s
o 49 21 s
o 45 18 w
o 37 27 w
o 56 21 w
o 50 22 e
o 11 27 w
o 51 22 s
o 47 30 s
o 51 25 w
o 27 31 s
o 12 26 s
o 50 24 e
o 41 30 n
# turn 229
o 54 24 w
o 40 29 n
o 45 21 n
o 50 23 s
o 50 25 s
o 13 26 s
o 84 11 n
o 45 17 e
o 37 26 s
o 28 31 w
o 11 26 s
o 44 17 n
o 52 22 w
o 48 30 w
o 51 24 s
o 40 30 n
o 50 21 w
o 56 20 w
# turn 230
o 54 23 w
o 39 29 n
o 44 21 e
o 51 25 s
o 43 17 n
o 52 24 w
o 39 30 n
o 14 26 w
o 45 18 w
o 51 23 w
o 28 30 s
o 83 11 w
o 52 21 w
o 48 29 w
o 50 20 s
o 42 31 w
o 56 19 w
o 12 26 n
o 38 26 w
# turn 231
o 54 22 s
o 44 22 e
o 51 20 w
o 52 23 s
o 52 25 w
o 42 17 n
o 52 20 w
o 48 28 s
o 45 17 n
o 51 22 w
o 42 30 w
o 38 29 w
o 29 30 w
o 38 25 w
o 14 25 w
o 11 26 e
o 38 30 s
o 83 10 w
# turn 232
o 55 22 w
o 53 23 w
o 52 24 w
o 39 30 s
o 42 29 s
o 83 9 w
o 51 19 e
o 38 28 w
o 38 24 s
o 11 27 w
o 49 28 w
o 14 24 n
o 44 17 s
o 51 21 s
o 29 29 w
o 44 23 w
o 52 19 s
# turn 233
o 55 21 s
o 53 22 w
o 83 8 e
o 29 28 w
o 52 23 w
o 43 29 s
o 38 27 w
o 45 17 n
o 13 24 n
o 52 21 w
o 39 24 s
o 11 26 e
o 53 19 n
o 40 30 w
o 49 27 w
o 51 20 w
o 44 22 s
# turn 234
o 56 21 s
o 83 9 n
o 29 27 w
o 44 17 n
o 49 26 s
o 45 22 w
o 53 21 n
o 52 20 s
o 12 24 n
o 11 27 w
o 40 24 n
o 40 29 n
o 51 19 e
o 52 22 s
o 52 19 s
o 44 29 n
o 38 26 n
# turn 235
o 57 21 s
o 82 9 e
o 29 26 w
o 43 17 w
o 53 22 s
o 53 19 s
o 43 29 w
o 11 24 w
o 50 26 s
o 37 26 s
o 39 29 n
o 45 21 n
o 53 20 n
o 52 21 s
o 39 24 n
o 11 26 e
o 51 20 w
# turn 236
o 82 10 n
o 29 25 w
o 54 22 w
o 53 21 w
o 11 23 n
o 43 16 e
o 51 26 s
o 52 20 w
o 43 28 n
o 54 19 n
o 38 24 w
o 11 27 w
o 38 29 w
o 51 19 e
o 44 21 w
o 38 26 w
o 58 21 s # not player ant
# turn 237
o 81 10 n
o 29 24 w
o 53 20 s
o 43 17 n
o 38 28 w
o 52 26 w
o 44 20 w
o 38 25 w
o 10 23 w
o 54 21 s
o 53 19 s
o 11 26 e
o 38 23 w
o 52 19 n
o 51 20 s
o 42 28 w
# turn 238
o 80 10 n
o 29 23 w
o 44 19 w
o 38 27 w
o 52 25 w
o 51 19 s
o 52 20 s
o 54 19 n
o 38 24 w
o 10 22 n
o 11 27 w
o 54 20 s
o 55 21 s
o 42 27 s
o 38 22 s
# turn 239
o 79 10 e
o 53 20 s
o 52 24 w
o 9 22 w
o 56 21 w
o 29 22 s
o 11 26 e
o 43 27 s
o 53 19 s
o 55 20 e
o 44 18 s
o 38 23 w
o 52 19 e
o 39 22 w
o 38 26 w
# turn 240
o 54 20 s
o 55 21 s
o 42 31 s
o 52 23 w
o 39 21 s
o 44 27 s
o 9 21 n
o 52 20 w
o 30 22 s
o 54 19 n
o 38 25 s
o 45 18 w
o 11 27 w
o 38 22 s
o 79 11 e # not player ant
# turn 241
o 55 20 s
o 56 21 e
o 52 22 w
o 8 21 w
o 40 21 w
o 31 22 w
o 39 25 w
o 45 17 n
o 11 26 s
o 52 19 n
o 43 31 s
o 39 22 s
o 45 27 s
o 53 19 e
o 79 12 n # not player ant
# turn 242
o 56 20 s
o 56 22 e
o 53 20 w
o 51 19 s
o 52 21 w
o 12 26 s
o 39 24 w
o 40 20 s
o 46 27 s
o 44 31 s
o 44 17 s
o 8 20 n
o 40 22 w
o 31 21 s
# turn 243
o 7 20 w
o 47 27 w
o 32 21 s
o 56 23 w
o 41 20 w
o 13 26 s
o 52 20 e
o 40 21 w
o 45 17 e
o 52 19 n
o 45 31 s
o 39 23 w
o 57 20 n
o 53 19 s
# turn 244
o 7 19 s
o 52 21 e
o 33 21 s
o 46 31 s
o 51 19 s
o 40 20 s
o 54 19 n
o 14 26 w
o 45 18 w
o 56 22 n
o 39 22 w
o 41 19 s
o 47 26 s
o 56 20 w
# turn 245
o 8 19 s
o 52 22 s
o 56 19 w
o 39 21 w
o 41 20 w
o 34 21 w
o 42 19 w
o 47 31 w
o 55 22 w
o 45 17 e
o 48 26 s
o 52 19 e
o 14 25 s
o 53 19 s
# turn 246
o 9 19 s
o 53 22 e
o 39 20 s
o 41 19 n
o 56 18 s
o 15 25 w
o 52 20 w
o 34 20 s
o 42 18 n
o 54 19 e
o 55 21 n
o 45 18 w
o 49 26 w
o 47 30 w
# turn 247
o 10 19 s
o 53 23 e
o 57 18 w
o 45 17 n
o 40 19 w
o 49 25 w
o 41 18 w
o 54 20 w
o 35 20 w
o 40 20 n
o 54 21 e
o 15 24 s
o 47 29 w
o 52 19 n
# turn 248
o 11 19 s
o 53 24 e
o 57 17 w
o 54 22 e
o 47 28 w
o 40 18 w
o 16 24 w
o 51 19 s
o 54 19 n
o 39 20 s
o 49 24 s
o 44 17 s
o 41 17 w
o 35 19 n
# turn 249
o 54 23 e
o 34 19 w
o 53 25 n
o 47 27 w
o 57 16 w
o 45 17 n
o 52 19 n
o 40 20 w
o 16 23 s
o 53 19 e
o 50 24 w
o 12 19 s
o 41 16 w
o 40 17 w
# turn 250
o 54 24 e
o 50 23 s
o 53 20 w
o 40 16 w
o 52 25 w
o 51 19 s
o 34 18 w
o 13 19 s
o 41 15 w
o 40 19 n
o 44 17 e
o 17 23 e
o 47 26 s
# turn 251
o 54 25 w
o 41 14 w
o 44 18 w
o 14 19 s
o 52 24 w
o 39 19 w
o 17 24 w
o 48 26 w
o 52 19 n
o 51 23 w
o 40 15 w
o 53 19 s
# turn 252
o 40 14 w
o 52 23 w
o 51 19 s
o 39 18 w
o 54 19 e
o 44 17 s
o 17 23 n
o 48 25 s
o 15 19 s
o 51 22 w
o 54 24 w
# turn 253
o 40 13 w
o 54 20 w
o 16 23 s
o 52 22 w
o 45 17 n
o 49 25 w
o 52 19 e
o 39 17 w
o 54 23 w
o 16 19 w
o 51 21 w
# turn 254
o 40 12 n
o 52 21 s
o 54 22 w
o 52 20 w
o 54 19 n
o 49 24 s
o 44 17 s
o 17 23 n
o 39 16 n
o 51 20 w
o 16 18 w
# turn 255
o 39 12 n
o 53 21 e
o 16 17 s
o 51 19 e
o 50 24 s
o 16 23 s
o 45 17 e
o 52 19 e
o 38 16 n
o 54 21 w
o 53 19 s
# turn 256
o 38 12 n
o 53 22 s
o 54 19 n
o 37 16 w
o 54 20 s
o 52 20 w
o 51 24 s
o 45 18 w
o 17 23 e
o 51 20 w
o 17 17 s
# turn 257
o 37 12 n
o 54 22 s
o 17 24 e
o 51 19 e
o 52 24 w
o 18 17 s
o 45 17 e
o 37 15 w
o 52 19 e
o 53 19 s
o 55 20 e # not player ant
# turn 258
o 55 22 s
o 17 25 e
o 52 23 w
o 54 19 n
o 52 20 w
o 19 17 w
o 37 14 s
o 45 18 w
o 51 20 w
# turn 259
o 56 22 s
o 17 26 e
o 52 22 w
o 51 19 e
o 19 16 n
o 45 17 n
o 52 19 e
o 53 19 s
o 38 14 s
# turn 260
o 17 27 e
o 52 21 n
o 18 16 w
o 44 17 n
o 39 14 s
o 52 20 w
o 51 20 w
# turn 261
o 17 28 e
o 51 21 w
o 18 15 n
o 43 17 w
o 40 14 e
o 52 19 s
# turn 262
o 51 20 n
o 17 15 w
o 43 16 n
o 40 15 n
o 51 19 s
o 17 29 s
o 53 19 s
# turn 263
o 17 14 w
o 42 16 n
o 39 15 e
o 18 29 e
o 52 19 n
o 50 20 s
# turn 264
o 41 16 n
o 39 16 n
o 18 30 s
o 51 19 s
o 17 13 w
o 51 20 n
# turn 265
o 40 16 w
o 38 16 n
o 19 30 e
o 17 12 s
o 42 31 s
o 52 19 n
o 50 20 s
# turn 266
o 40 15 w
o 37 16 e
o 19 31 e
o 18 12 s
o 43 31 s
o 51 20 n
o 51 19 s
# turn 267
o 40 14 w
o 37 17 n
o 19 32 e
o 19 12 s
o 44 31 s
o 52 19 n
o 50 20 e
# turn 268
o 40 13 w
o 36 17 n
o 19 33 e
o 20 12 s
o 45 31 w
o 50 21 n
o 51 19 s
# turn 269
o 40 12 w
o 35 17 n
o 19 34 s
o 21 12 s
o 45 30 s
o 49 21 n
o 52 19 n
# turn 270
o 40 11 w
o 34 17 e
o 20 34 s
o 22 12 s
o 46 30 s
o 48 21 n
o 51 19 s
# turn 271
o 40 10 n
o 23 12 s
o 47 30 w
o 47 21 n
o 34 18 w
o 21 34 w
o 52 19 e
# turn 272
o 39 10 w
o 24 12 s
o 47 29 w
o 46 21 n
o 42 31 w
o 21 33 s
o 52 20 w
o 34 17 w
# turn 273
o 39 9 n
o 25 12 s
o 47 28 w
o 45 21 e
o 34 16 w
o 42 30 n
o 52 19 n
o 22 33 w
# turn 274
o 26 12 s
o 45 22 e
o 34 15 w
o 41 30 e
o 51 19 e
o 47 27 s
o 38 9 s
o 22 32 w
# turn 275
o 27 12 s
o 45 23 e
o 41 31 e
o 51 20 e
o 42 31 s
o 48 27 s
o 34 14 s
o 22 31 w
o 39 9 w
# turn 276
o 28 12 s
o 45 24 e
o 51 21 e
o 42 31 w
o 49 27 s
o 43 31 s
o 41 32 s
o 39 8 w
o 35 14 s
o 22 30 w
# turn 277
o 45 25 e
o 51 22 e
o 42 30 w
o 50 27 s
o 36 14 s
o 39 7 w
o 29 12 e
o 22 29 w
o 42 32 w
o 44 31 w
# turn 278
o 51 23 n
o 42 29 w
o 42 31 w
o 45 26 s
o 51 27 w
o 37 14 e
o 29 13 s
o 22 28 s
o 44 30 w
# turn 279
o 50 23 n
o 42 28 w
o 42 30 s
o 23 28 s
o 51 26 s
o 46 26 w
o 37 15 s
o 44 29 w
o 30 13 e
# turn 280
o 49 23 e
o 42 27 w
o 52 26 e
o 43 30 s
o 30 14 s
o 46 25 w
o 24 28 w
o 44 28 w
o 38 15 e
# turn 281
o 42 26 w
o 44 27 s
o 24 27 s
o 46 24 w
o 38 16 s
o 49 24 w
o 44 30 w
o 31 14 e
o 52 27 w
# turn 282
o 42 25 n
o 52 26 e
o 31 15 s
o 45 27 w
o 25 27 s
o 39 16 e
o 49 23 s
o 44 29 w
o 46 23 w
# turn 283
o 41 25 w
o 52 27 e
o 26 27 s
o 32 15 s
o 45 26 s
o 39 17 n
o 44 28 s
o 46 22 w
# turn 284
o 41 24 n
o 52 28 n
o 27 27 e
o 46 26 s
o 38 17 e
o 45 28 e
o 46 21 s
o 33 15 n
# turn 285
o 40 24 n
o 51 28 n
o 27 28 e
o 47 26 e
o 38 18 n
o 45 29 e
o 32 15 n
o 47 21 n
# turn 286
o 39 24 w
o 50 28 n
o 27 29 s
o 47 27 s
o 45 30 e
o 31 15 n
o 37 18 w
o 46 21 n
# turn 287
o 39 23 n
o 49 28 e
o 28 29 s
o 48 27 s
o 45 31 e
o 30 15 w
o 37 17 w
o 45 21 n
# turn 288
o 38 23 n
o 49 29 e
o 29 29 s
o 49 27 s
o 44 21 w
o 37 16 n
o 30 14 n
o 45 32 w
# turn 289
o 37 23 n
o 49 30 n
o 30 29 e
o 50 27 s
o 44 20 w
o 45 31 n
o 36 16 n
o 29 14 w
# turn 290
o 36 23 n
o 48 30 n
o 30 30 e
o 51 27 s
o 44 31 w
o 44 19 n
o 29 13 n
o 35 16 n
# turn 291
o 35 23 w
o 47 30 n
o 30 31 e
o 52 27 s
o 34 16 e
o 44 30 n
o 28 13 n
o 43 19 w
# turn 292
o 35 22 w
o 46 30 e
o 34 17 e
o 30 32 e
o 53 27 w
o 27 13 w
o 43 18 n
o 43 30 w
# turn 293
o 35 21 w
o 30 33 n
o 42 31 e
o 46 31 n
o 34 18 n
o 42 18 s
o 53 26 e
o 43 29 e
# turn 294
o 35 20 w
o 29 33 n
o 42 32 s
o 43 18 s
o 53 27 s
o 43 30 s
o 42 31 s
o 33 18 n
o 45 31 s
# turn 295
o 28 33 e
o 43 32 s
o 44 18 w
o 44 30 e
o 46 31 s
o 54 27 w
o 43 31 n
o 32 18 n
o 35 19 n
# turn 296
o 28 34 e
o 44 32 s
o 47 31 s
o 54 26 n
o 31 18 n
o 34 19 e
o 42 31 e
o 44 31 s
o 44 17 e
# turn 297
o 28 35 e
o 30 18 w
o 34 20 e
o 42 32 s
o 45 31 s
o 53 26 n
o 48 31 n
o 44 18 n
o 45 32 n
# turn 298
o 34 21 e
o 43 32 e
o 52 26 n
o 28 36 w
o 46 31 n
o 44 32 w
o 47 31 e
o 30 17 e
o 43 18 n
# turn 299
o 43 33 e
o 51 26 n
o 45 31 e
o 47 32 w
o 28 35 e
o 42 18 e
o 44 31 e
o 34 22 e
o 30 18 e
# turn 300
o 43 34 s
o 50 26 e
o 28 36 w
o 44 32 n
o 42 19 e
o 47 31 e
o 34 23 n
o 30 19 n
o 45 32 w
# turn 301
o 44 34 e
o 50 27 e
o 43 32 e
o 33 23 n
o 29 19 e
o 47 32 w
o 28 35 n
o 42 20 e
o 45 31 n
# turn 302
o 50 28 n
o 43 33 e
o 32 23 w
o 29 20 n
o 44 31 e
o 47 31 n
o 42 21 e
o 44 35 s
o 27 35 w
# turn 303
o 49 28 n
o 43 34 n
o 32 22 n
o 27 34 w
o 46 31 n
o 44 32 e
o 45 35 s
o 28 20 w
o 42 22 w
# turn 304
o 48 28 e
o 42 34 n
o 31 22 n
o 27 33 n
o 45 31 e
o 44 33 e
o 46 35 e
o 28 19 w
o 42 21 w
# turn 305
o 48 29 e
o 41 34 e
o 30 22 n
o 26 33 w
o 44 34 e
o 46 36 e
o 42 20 w
o 28 18 s
o 45 32 w
# turn 306
o 48 30 e
o 41 35 e
o 29 22 n
o 26 32 w
o 46 37 e
o 42 19 s
o 29 18 e
o 45 31 e
o 44 35 s
# turn 307
o 41 36 n
o 28 22 n
o 43 19 s
o 29 19 e
o 48 31 s
o 45 35 s
o 46 38 e
o 26 31 e
o 45 32 w
# turn 308
o 40 36 n
o 27 22 n
o 44 19 w
o 29 20 e
o 49 31 e
o 46 35 s
o 46 39 e
o 26 32 s
o 45 31 e
# turn 309
o 39 36 n
o 26 22 n
o 44 18 w
o 29 21 e
o 49 32 s
o 47 35 s
o 46 40 e
o 27 32 s
o 45 32 w
# turn 310
o 38 36 n
o 25 22 n
o 29 22 s
o 46 41 e
o 28 32 s
o 50 32 w
o 48 35 e
o 44 17 s
o 45 31 e
# turn 311
o 37 36 n
o 30 22 s
o 46 42 e
o 29 32 s
o 48 36 e
o 45 17 e
o 42 31 s
o 50 31 s
o 24 22 w
o 45 32 n
# turn 312
o 36 36 n
o 31 22 e
o 46 43 e
o 30 32 s
o 48 37 e
o 45 18 e
o 43 31 s
o 51 31 s
o 24 21 w
o 44 32 e
o 42 31 n
# turn 313
o 31 32 e
o 48 38 e
o 45 19 e
o 44 31 s
o 52 31 e
o 24 20 w
o 44 33 e
o 41 31 e
o 46 44 n
o 31 23 n
o 35 36 e
# turn 314
o 31 33 s
o 48 39 e
o 45 20 s
o 45 31 e
o 24 19 w
o 44 34 e
o 41 32 e
o 30 23 w
o 35 37 e
o 42 31 s
o 52 32 s
o 45 44 w
# turn 315
o 32 33 s
o 48 40 e
o 46 20 e
o 24 18 w
o 41 33 e
o 30 22 w
o 35 38 e
o 43 31 e
o 42 31 e
o 53 32 s
o 45 32 n
o 45 43 w
o 44 35 s
# turn 316
o 33 33 s
o 48 41 e
o 46 21 s
o 24 17 w
o 41 34 n
o 30 21 w
o 35 39 e
o 43 32 e
o 42 32 e
o 44 32 e
o 45 42 w
o 45 35 s
o 54 32 n
# turn 317
o 34 33 s
o 48 42 e
o 47 21 s
o 40 34 n
o 30 20 w
o 35 40 e
o 43 33 e
o 42 33 e
o 44 33 e
o 46 35 s
o 53 32 s
o 24 16 w
o 45 41 e
# turn 318
o 35 33 e
o 48 43 e
o 48 21 e
o 39 34 e
o 30 19 w
o 44 34 e
o 47 35 e
o 45 42 e
o 43 34 w
o 24 15 e
o 35 41 n
o 54 32 e
o 42 34 w
# turn 319
o 35 34 s
o 48 22 s
o 39 35 e
o 30 18 w
o 47 36 e
o 45 43 e
o 24 16 e
o 34 41 s
o 43 33 e
o 42 33 e
o 54 33 e
o 48 44 n
o 44 35 s
# turn 320
o 36 34 s
o 49 22 e
o 39 36 n
o 30 17 w
o 47 37 e
o 45 44 e
o 35 41 w
o 43 34 s
o 54 34 e
o 42 31 w
o 47 44 e
o 45 35 n
o 24 17 s
o 42 34 n
# turn 321
o 37 34 s
o 49 23 s
o 38 36 e
o 47 38 e
o 35 40 s
o 54 35 e
o 42 30 w
o 25 17 s
o 44 34 n
o 41 34 e
o 47 45 e
o 30 16 n
o 44 35 s
o 45 45 e
# turn 322
o 38 34 e
o 50 23 s
o 38 37 e
o 47 39 e
o 36 40 s
o 42 29 n
o 43 34 w
o 41 35 e
o 45 46 e
o 54 36 s
o 29 16 w
o 26 17 w
o 45 35 n
o 47 46 n
# turn 323
o 38 35 s
o 51 23 e
o 38 38 e
o 37 40 s
o 41 29 n
o 41 36 e
o 55 36 s
o 45 47 e
o 43 33 s
o 47 40 n
o 44 35 w
o 46 46 e
o 26 16 s
o 29 15 e
# turn 324
o 39 35 s
o 51 24 s
o 38 40 s
o 40 29 n
o 46 40 n
o 29 16 e
o 42 31 s
o 38 39 n
o 44 34 e
o 45 48 n
o 56 36 w
o 27 16 e
o 46 47 e
o 41 37 e
o 44 33 n
# turn 325
o 40 35 s
o 52 24 s
o 39 40 s
o 43 31 s
o 37 39 e
o 44 35 s
o 27 17 e
o 41 38 e
o 44 48 s
o 29 17 s
o 46 48 s
o 56 35 e
o 45 40 s
o 43 33 s
o 39 29 s
# turn 326
o 41 35 e
o 53 24 e
o 40 40 s
o 44 31 s
o 37 40 e
o 41 39 s
o 44 33 w
o 45 35 s
o 27 18 s
o 45 48 s
o 56 36 e
o 30 17 e
o 40 29 e
o 47 48 s
o 46 40 e
# turn 327
o 41 36 e
o 53 25 s
o 41 40 s
o 37 41 e
o 42 39 s
o 28 18 s
o 45 31 e
o 46 48 s
o 44 32 e
o 56 37 n
o 40 30 s
o 48 48 s
o 46 35 s
o 46 41 e
o 30 18 s
# turn 328
o 41 37 e
o 54 25 e
o 42 40 s
o 37 42 e
o 43 39 s
o 46 42 w
o 31 18 n
o 47 35 n
o 55 37 e
o 41 30 e
o 29 18 w
o 44 33 e
o 47 48 w
o 45 32 w
# turn 329
o 41 38 e
o 54 26 s
o 43 40 s
o 46 35 n
o 41 31 n
o 29 17 s
o 44 34 e
o 45 31 s
o 37 43 s
o 44 39 s
o 55 38 e
o 46 41 e
o 30 18 n
o 47 47 s
# turn 330
o 41 39 e
o 55 26 e
o 44 40 s
o 30 17 w
o 46 31 s
o 38 43 e
o 45 39 s
o 46 42 s
o 29 18 w
o 45 35 s
o 40 31 n
o 48 47 w
o 55 39 n
o 44 35 w
# turn 331
o 41 40 e
o 55 27 e
o 45 40 s
o 30 16 w
o 38 44 s
o 46 39 s
o 47 42 s
o 29 17 w
o 39 31 n
o 44 34 e
o 47 31 e
o 54 39 n
o 48 46 s
o 46 35 e
# turn 332
o 55 28 s
o 46 40 s
o 30 15 w
o 39 44 e
o 47 39 s
o 48 42 e
o 29 16 w
o 38 31 w
o 44 35 s
o 46 36 e
o 42 31 s
o 41 41 n
o 47 32 w
o 53 39 e
o 49 46 w
# turn 333
o 56 28 e
o 47 40 s
o 30 14 s
o 39 45 s
o 48 39 s
o 48 43 s
o 29 15 n
o 38 30 w
o 46 37 e
o 43 31 e
o 40 41 e
o 47 31 s
o 53 40 w
o 49 45 w
o 45 35 n
# turn 334
o 56 29 e
o 48 40 s
o 31 14 w
o 49 39 s
o 28 15 n
o 38 29 n
o 46 38 e
o 43 32 e
o 48 31 s
o 49 43 s
o 40 45 e
o 40 42 n
o 49 44 s
o 53 39 s
o 44 35 s
# turn 335
o 56 30 e
o 49 40 s
o 50 39 s
o 27 15 n
o 37 29 w
o 46 39 e
o 43 33 s
o 49 31 e
o 50 43 s
o 39 42 e
o 54 39 e
o 40 46 n
o 50 44 e
o 45 35 n
o 31 13 n
# turn 336
o 56 31 e
o 50 40 s
o 26 15 w
o 37 28 w
o 46 40 e
o 49 32 s
o 51 43 e
o 39 43 n
o 39 46 e
o 44 33 w
o 51 39 n
o 50 45 w
o 44 35 w
o 30 13 n
o 54 40 w
# turn 337
o 51 40 s
o 26 14 w
o 37 27 n
o 46 41 s
o 51 44 e
o 38 43 n
o 39 47 s
o 42 31 e
o 44 34 w
o 44 32 n
o 50 39 w
o 29 13 n
o 54 39 w
o 56 32 w
o 50 32 n
o 50 44 n
# turn 338
o 52 40 s
o 36 27 w
o 47 41 s
o 51 45 s
o 37 43 n
o 40 47 s
o 44 33 w
o 42 31 n
o 49 32 w
o 43 32 w
o 54 38 w
o 50 38 w
o 56 31 n
o 49 44 n
o 28 13 w
o 42 32 n
o 26 13 w
# turn 339
o 53 40 s
o 36 26 n
o 48 41 s
o 52 45 s
o 41 47 s
o 44 32 s
o 42 31 w
o 41 32 s
o 55 31 w
o 43 31 w
o 50 37 n
o 49 31 w
o 54 37 n
o 41 31 w
o 28 12 s
o 48 44 w
o 26 12 s
o 36 43 n
# turn 340
o 54 40 s
o 35 26 w
o 53 45 s
o 42 47 s
o 42 32 s
o 49 37 w
o 48 43 n
o 42 30 w
o 49 41 w
o 43 30 w
o 49 30 w
o 27 12 w
o 35 43 n
o 29 12 n
o 41 30 n
o 53 37 n
o 55 30 w
o 45 32 n
# turn 341
o 35 25 w
o 43 47 s
o 43 32 e
o 28 12 w
o 49 40 n
o 55 40 w
o 54 45 n
o 44 32 w
o 49 29 w
o 47 43 w
o 34 43 w
o 43 29 w
o 40 30 w
o 27 11 w
o 55 29 w
o 52 37 n
o 42 29 w
o 49 36 w
# turn 342
o 35 24 w
o 44 47 s
o 43 33 e
o 42 31 w
o 53 45 n
o 49 28 w
o 28 11 w
o 49 35 n
o 55 28 n
o 48 40 n
o 43 28 w
o 44 31 w
o 47 42 w
o 34 42 n
o 27 10 w
o 40 29 n
o 55 39 w
o 51 37 w
o 42 28 n
# turn 343
o 35 23 w
o 45 47 s
o 43 34 s
o 42 31 n
o 52 45 w
o 39 29 n
o 47 41 n
o 28 10 w
o 51 36 n
o 41 28 e
o 49 27 w
o 47 40 n
o 43 27 n
o 33 42 n
o 54 28 w
o 55 38 w
o 27 9 w
o 48 35 n
o 42 30 w
o 44 30 n
# turn 344
o 46 47 s
o 44 34 e
o 46 41 e
o 52 44 w
o 35 22 n
o 38 29 e
o 54 27 s
o 47 35 e
o 28 9 w
o 50 36 s
o 49 26 s
o 46 40 s
o 41 29 w
o 55 37 s
o 42 27 w
o 32 42 w
o 41 31 e
o 27 8 w
o 42 29 e
o 43 30 s
# turn 345
o 47 47 s
o 44 35 s
o 46 42 s
o 34 22 w
o 38 30 n
o 55 27 s
o 51 36 e
o 50 26 w
o 47 40 e
o 56 37 e
o 42 26 s
o 41 32 e
o 42 30 e
o 44 30 s
o 52 43 n
o 41 28 e
o 27 7 n
o 32 41 n
o 28 8 w
o 47 36 e
# turn 346
o 48 47 s
o 47 42 s
o 34 21 w
o 37 30 e
o 51 37 e
o 50 25 s
o 47 41 s
o 43 26 s
o 41 33 e
o 42 31 e
o 45 30 s
o 51 43 w
o 28 7 w
o 47 37 s
o 31 41 n
o 45 35 n
o 41 29 e
o 56 38 e
o 26 7 e
o 56 27 e
# turn 347
o 48 42 s
o 34 20 w
o 37 31 e
o 51 25 s
o 48 41 s
o 44 26 w
o 41 34 e
o 42 32 e
o 46 30 e
o 48 37 s
o 30 41 n
o 51 38 s
o 56 28 n
o 56 39 n
o 26 8 n
o 41 30 n
o 51 42 w
o 28 6 n
o 44 35 s
o 49 47 n
# turn 348
o 49 42 s
o 34 19 w
o 37 32 e
o 52 25 s
o 49 41 s
o 44 25 w
o 41 35 e
o 42 33 e
o 46 31 s
o 49 37 e
o 55 28 w
o 27 6 n
o 25 8 n
o 55 39 n
o 45 35 n
o 48 47 n
o 42 31 e
o 51 41 s
o 29 41 e
o 40 30 n
o 52 38 n
# turn 349
o 34 18 w
o 37 33 e
o 53 25 s
o 44 24 w
o 41 36 e
o 47 31 e
o 49 38 e
o 55 27 w
o 26 6 n
o 52 41 e
o 24 8 e
o 39 30 e
o 50 42 n
o 54 39 e
o 44 35 s
o 51 38 n
o 29 42 w
o 42 32 n
o 50 41 n
o 47 47 w
o 42 34 n
# turn 350
o 34 17 w
o 37 34 e
o 54 25 s
o 44 23 w
o 41 37 e
o 55 26 n
o 25 6 n
o 52 42 s
o 49 42 e
o 47 32 w
o 50 38 w
o 47 46 n
o 24 9 e
o 41 32 e
o 49 41 n
o 45 35 n
o 54 40 n
o 49 39 e
o 41 34 e
o 29 41 e
o 39 31 n
# turn 351
o 34 16 w
o 37 35 e
o 44 22 w
o 41 38 e
o 54 26 n
o 24 6 e
o 49 43 e
o 29 42 n
o 41 33 n
o 38 31 n
o 47 31 e
o 53 40 n
o 24 10 e
o 44 35 s
o 49 40 n
o 48 41 n
o 41 35 n
o 55 25 e
o 50 37 n
o 53 42 n
o 46 46 w
# turn 352
o 34 15 w
o 37 36 e
o 44 21 w
o 41 39 e
o 53 26 w
o 24 7 e
o 49 44 s
o 49 37 n
o 52 40 w
o 37 31 n
o 45 35 n
o 40 33 n
o 28 42 e
o 48 40 e
o 55 26 n
o 47 41 n
o 46 45 n
o 52 42 w
o 24 11 e
o 40 35 e
o 47 32 w
# turn 353
o 34 14 w
o 37 37 e
o 44 20 w
o 41 40 e
o 53 25 n
o 24 8 n
o 52 39 w
o 45 45 w
o 39 33 n
o 48 37 e
o 54 26 n
o 47 31 n
o 52 41 n
o 36 31 e
o 44 35 s
o 28 43 w
o 48 41 n
o 46 41 n
o 50 44 n
o 24 12 e
o 40 36 n
# turn 354
o 37 38 e
o 44 19 w
o 52 25 w
o 23 8 e
o 52 38 n
o 45 44 n
o 24 13 e
o 45 35 n
o 28 42 e
o 38 33 n
o 39 36 n
o 49 44 w
o 47 41 n
o 48 38 n
o 46 31 n
o 34 13 e
o 36 32 e
o 51 41 n
o 53 26 e
o 41 41 n
o 45 41 n
# turn 355
o 37 39 e
o 44 18 w
o 52 24 n
o 23 9 n
o 51 38 n
o 44 44 w
o 28 43 n
o 38 36 n
o 40 41 n
o 45 31 n
o 44 41 s
o 24 14 e
o 47 38 n
o 44 35 s
o 53 27 n
o 37 33 e
o 46 41 e
o 49 43 n
o 50 41 n
o 34 14 n
o 36 33 n
# turn 356
o 37 40 e
o 51 24 n
o 22 9 n
o 50 38 w
o 44 43 w
o 45 41 w
o 46 42 e
o 37 36 e
o 48 43 w
o 46 38 n
o 39 41 n
o 49 41 n
o 45 35 n
o 35 33 e
o 44 31 n
o 37 34 n
o 33 14 e
o 24 15 e
o 44 17 n
o 52 27 n
o 27 43 n
# turn 357
o 37 41 e
o 50 24 w
o 21 9 n
o 44 42 w
o 45 40 w
o 46 43 e
o 35 34 n
o 43 17 e
o 51 27 n
o 36 34 e
o 33 15 n
o 44 35 s
o 38 41 e
o 48 41 n
o 43 31 n
o 45 38 n
o 48 42 n
o 37 37 n
o 50 37 n
o 24 16 e
o 26 43 n
# turn 358
o 37 42 e
o 50 23 n
o 44 41 w
o 45 39 w
o 46 44 e
o 38 42 e
o 42 31 e
o 32 15 s
o 45 35 s
o 24 17 n
o 50 27 s
o 44 38 e
o 47 42 e
o 36 37 e
o 20 9 w
o 47 41 s
o 36 35 e
o 34 34 n
o 49 37 e
o 43 18 s
# turn 359
o 37 43 e
o 49 23 w
o 44 40 n
o 45 38 w
o 46 45 e
o 38 43 e
o 42 32 e
o 33 15 w
o 46 35 s
o 23 17 n
o 51 27 s
o 44 39 n
o 47 43 e
o 36 38 n
o 48 41 s
o 36 36 e
o 49 38 s
o 44 18 w
o 33 34 s
o 42 31 s
o 20 8 n
# turn 360
o 49 22 n
o 43 40 n
o 46 46 e
o 42 33 e
o 47 35 s
o 22 17 w
o 52 27 s
o 43 39 n
o 47 44 e
o 35 38 e
o 49 41 s
o 36 37 e
o 50 38 s
o 43 31 e
o 19 8 s
o 33 14 n
o 45 37 e
o 44 17 s
o 34 34 n
o 38 44 w
o 37 44 n
# turn 361
o 48 22 w
o 42 40 n
o 46 47 e
o 48 35 s
o 53 27 s
o 42 39 n
o 47 45 e
o 35 39 e
o 50 41 e
o 36 38 e
o 51 38 s
o 43 32 s
o 20 8 s
o 45 38 e
o 33 34 s
o 45 17 n
o 38 43 e
o 32 14 s
o 22 16 n
o 36 44 n
o 42 34 w
# turn 362
o 48 21 n
o 41 40 n
o 46 48 e
o 49 35 w
o 54 27 s
o 47 46 e
o 50 42 e
o 36 39 e
o 52 38 s
o 44 32 s
o 45 39 e
o 38 44 e
o 35 44 n
o 21 16 w
o 21 8 e
o 35 40 w
o 41 39 w
o 33 14 s
o 44 17 n
o 42 33 n
o 34 34 s
# turn 363
o 47 21 n
o 40 40 n
o 49 34 s
o 55 27 s
o 47 47 e
o 50 43 e
o 36 40 e
o 53 38 s
o 45 40 e
o 38 45 n
o 21 15 n
o 21 9 e
o 35 34 w
o 43 17 n
o 41 33 w
o 46 49 s
o 34 44 s
o 35 39 s
o 41 38 e
o 34 14 s
o 45 32 w
# turn 364
o 46 21 n
o 39 40 w
o 56 27 s
o 50 44 e
o 36 41 e
o 54 38 s
o 45 41 e
o 20 15 n
o 50 34 e
o 45 31 s
o 47 49 s
o 41 32 w
o 35 44 s
o 42 17 w
o 35 33 w
o 47 48 s
o 35 14 w
o 41 39 s
o 36 39 s
o 37 45 e
o 21 10 s
# turn 365
o 39 39 n
o 50 45 e
o 36 42 e
o 55 38 s
o 45 42 e
o 19 15 n
o 42 16 e
o 50 35 e
o 42 39 s
o 37 39 e
o 37 46 s
o 57 27 e
o 22 10 s
o 45 21 w
o 48 48 s
o 46 31 s
o 35 32 s
o 36 44 s
o 48 49 s
o 35 13 s
o 41 31 n
# turn 366
o 38 39 w
o 36 43 e
o 56 38 s
o 45 43 e
o 18 15 n
o 42 17 e
o 50 36 e
o 40 31 w
o 45 20 w
o 50 46 n
o 47 31 s
o 36 32 n
o 49 49 e
o 23 10 s
o 36 13 w
o 49 48 s
o 37 40 e
o 38 46 e
o 42 31 n
o 43 39 e
o 37 44 e
o 57 28 n
# turn 367
o 38 38 n
o 36 44 e
o 45 44 e
o 17 15 n
o 42 18 s
o 50 37 s
o 40 30 n
o 48 31 s
o 49 50 e
o 57 38 n
o 24 10 e
o 37 41 s
o 35 32 e
o 41 31 s
o 37 45 e
o 56 28 e
o 43 40 s
o 38 47 e
o 50 48 e
o 45 19 s
o 49 46 e
# turn 368
o 37 38 w
o 45 45 e
o 16 15 n
o 43 18 s
o 51 37 e
o 39 30 w
o 42 31 e
o 37 46 n
o 38 41 n
o 56 29 w
o 56 38 s
o 35 33 e
o 50 49 e
o 49 31 s
o 36 45 n
o 46 19 e
o 24 11 n
o 49 47 s
o 38 48 n
o 44 40 n
# turn 369
o 37 37 w
o 45 46 e
o 44 18 s
o 51 38 s
o 39 29 n
o 42 32 e
o 37 41 e
o 56 28 w
o 57 38 e
o 50 31 e
o 35 45 n
o 43 40 n
o 35 34 n
o 37 48 n
o 23 11 n
o 50 50 e
o 36 46 n
o 50 47 s
o 46 20 w
o 15 15 w
# turn 370
o 37 36 w
o 45 47 e
o 52 38 s
o 42 33 e
o 37 42 n
o 56 27 w
o 42 40 n
o 34 34 n
o 42 31 n
o 38 29 e
o 50 32 n
o 46 19 e
o 36 48 n
o 51 47 w
o 34 45 n
o 45 18 w
o 22 11 n
o 50 51 s
o 15 14 n
o 57 39 e
o 35 46 n
# turn 371
o 37 35 n
o 45 48 e
o 53 38 e
o 36 42 n
o 56 26 w
o 41 40 e
o 33 34 n
o 41 31 e
o 38 30 e
o 42 34 s
o 51 51 w
o 33 45 n
o 14 14 n
o 45 17 n
o 51 46 s
o 21 11 n
o 35 48 n
o 46 20 w
o 57 40 e
o 34 46 n
o 49 32 s
# turn 372
o 36 35 w
o 53 39 e
o 35 42 e
o 32 34 e
o 41 32 e
o 38 31 e
o 43 34 s
o 13 14 n
o 34 48 w
o 57 41 n
o 46 19 n
o 50 32 n
o 32 45 n
o 33 46 n
o 41 41 w
o 20 11 n
o 52 46 e
o 56 25 s
o 45 49 e
o 51 50 w
o 44 17 s
# turn 373
o 36 34 n
o 53 40 s
o 35 43 n
o 32 35 e
o 38 32 e
o 34 47 n
o 57 25 w
o 56 41 n
o 44 34 w
o 12 14 n
o 32 46 n
o 41 40 e
o 51 49 s
o 49 32 s
o 45 17 e
o 31 45 n
o 45 50 e
o 45 19 s
o 19 11 n
o 52 47 e
o 41 33 s
# turn 374
o 35 34 w
o 54 40 s
o 34 43 n
o 32 36 e
o 33 47 w
o 57 24 w
o 42 33 e
o 50 32 w
o 44 33 e
o 46 19 e
o 52 49 e
o 31 46 n
o 45 51 n
o 41 41 w
o 45 18 w
o 11 14 e
o 55 41 e
o 18 11 n
o 38 33 n
o 30 45 n
o 52 48 s
# turn 375
o 35 33 n
o 55 40 s
o 33 46 n
o 37 33 n
o 46 20 e
o 44 34 n
o 55 42 n
o 30 46 n
o 41 40 e
o 17 11 n
o 44 51 n
o 45 17 n
o 32 37 w
o 29 45 n
o 53 48 e
o 50 31 e
o 11 15 e
o 33 43 n
o 57 23 s
o 52 50 e
o 42 34 w
# turn 376
o 34 33 w
o 56 40 e
o 32 46 w
o 36 33 e
o 46 21 e
o 53 49 e
o 11 16 e
o 50 32 w
o 16 11 n
o 52 51 e
o 43 34 n
o 41 41 w
o 29 46 n
o 32 43 e
o 58 23 w
o 44 17 n
o 42 33 n
o 32 36 n
o 28 45 n
o 54 42 e
o 43 51 n
# turn 377
o 34 32 w
o 56 41 s
o 32 45 n
o 36 34 e
o 46 22 e
o 41 33 e
o 58 22 n
o 11 17 s
o 31 36 n
o 42 51 n
o 41 40 e
o 52 52 n
o 54 43 n
o 32 44 n
o 15 11 w
o 43 17 s
o 28 46 n
o 50 31 s
o 27 45 w
o 53 50 e
o 42 34 w
# turn 378
o 34 31 w
o 31 45 n
o 36 35 e
o 46 23 e
o 41 34 e
o 57 22 n
o 12 17 e
o 51 31 s
o 44 17 e
o 42 33 s
o 27 46 e
o 51 52 e
o 27 44 s
o 41 41 w
o 15 10 n
o 31 44 n
o 53 43 e
o 30 36 e
o 41 51 n
o 57 41 s
o 53 51 e
# turn 379
o 34 30 w
o 30 45 n
o 36 36 e
o 46 24 e
o 41 35 e
o 56 22 n
o 12 18 s
o 52 31 e
o 44 18 s
o 43 33 e
o 30 44 s
o 53 52 e
o 14 10 n
o 27 47 n
o 41 40 e
o 40 51 n
o 58 41 w
o 30 37 w
o 53 44 s
o 28 44 s
o 51 53 e
# turn 380
o 34 29 w
o 29 45 n
o 36 37 n
o 46 25 s
o 41 36 e
o 55 22 n
o 13 18 e
o 52 32 s
o 45 18 e
o 43 34 s
o 31 44 s
o 26 47 n
o 51 54 e
o 58 40 w
o 54 44 s
o 41 41 n
o 39 51 n
o 29 44 w
o 30 36 n
o 13 10 n
o 53 53 n
# turn 381
o 28 45 w
o 35 37 e
o 47 25 s
o 41 37 e
o 54 22 n
o 13 19 e
o 53 32 s
o 45 19 e
o 44 34 e
o 32 44 e
o 25 47 n
o 29 36 n
o 38 51 n
o 58 39 w
o 34 28 e
o 52 53 e
o 29 43 e
o 40 41 e
o 51 55 n
o 55 44 w
o 12 10 n
# turn 382
o 28 44 w
o 35 38 e
o 48 25 e
o 41 38 e
o 53 22 n
o 13 20 s
o 45 20 e
o 32 45 s
o 24 47 n
o 34 29 e
o 29 44 e
o 11 10 e
o 55 43 s
o 40 42 w
o 44 35 s
o 50 55 n
o 52 54 e
o 37 51 n
o 58 38 s
o 54 32 n
o 42 31 e
o 28 36 s
# turn 383
o 28 43 n
o 35 39 e
o 48 26 e
o 41 39 e
o 52 22 n
o 14 20 e
o 45 21 e
o 33 45 e
o 23 47 n
o 34 30 e
o 29 45 e
o 11 11 s
o 56 43 w
o 42 32 e
o 40 41 e
o 45 35 n
o 53 32 s
o 59 38 w
o 52 55 e
o 36 51 n
o 49 55 n
o 29 36 n
# turn 384
o 27 43 n
o 35 40 e
o 48 27 e
o 41 40 e
o 51 22 n
o 45 22 s
o 33 46 e
o 22 47 w
o 34 31 n
o 29 46 e
o 12 11 e
o 56 42 w
o 42 33 e
o 44 35 w
o 48 55 w
o 35 51 w
o 40 42 n
o 54 32 w
o 28 36 w
o 52 56 n
o 14 21 w
o 59 37 w
# turn 385
o 26 43 n
o 35 41 n
o 48 28 e
o 50 22 n
o 46 22 e
o 33 47 e
o 22 46 w
o 33 31 n
o 12 12 e
o 56 41 w
o 44 34 n
o 35 50 n
o 59 36 w
o 28 35 e
o 29 47 n
o 54 31 s
o 51 56 n
o 14 20 w
o 41 41 w
o 48 54 n
o 39 42 e
o 42 34 w
# turn 386
o 25 43 n
o 34 41 e
o 48 29 e
o 49 22 n
o 46 23 e
o 33 48 s
o 22 45 n
o 32 31 n
o 56 40 s
o 34 50 n
o 59 35 n
o 55 31 s
o 14 19 w
o 39 43 e
o 47 54 n
o 50 56 n
o 43 34 n
o 12 13 s
o 41 40 e
o 28 47 e
o 42 33 w
o 28 36 w
# turn 387
o 24 43 n
o 34 42 e
o 48 30 e
o 46 24 e
o 34 48 e
o 21 45 w
o 31 31 n
o 57 40 w
o 33 50 w
o 58 35 n
o 56 31 s
o 14 18 w
o 39 44 e
o 13 13 e
o 41 41 n
o 28 48 e
o 28 35 e
o 42 32 e
o 48 22 w
o 46 54 n
o 49 56 n
o 42 34 s
# turn 388
o 23 43 w
o 34 43 n
o 48 31 s
o 34 49 e
o 30 31 n
o 57 39 s
o 33 49 n
o 57 35 w
o 57 31 e
o 39 45 e
o 13 14 e
o 28 49 e
o 48 21 n
o 45 54 w
o 14 17 w
o 43 34 n
o 40 41 s
o 46 25 s
o 42 33 s
o 21 44 n
o 48 56 n
o 28 36 s
# turn 389
o 23 42 n
o 33 43 e
o 49 31 s
o 34 50 e
o 29 31 n
o 58 39 w
o 32 49 w
o 57 34 n
o 39 46 e
o 13 15 s
o 28 50 e
o 45 53 w
o 47 25 s
o 47 21 s
o 47 56 n
o 43 33 n
o 20 44 n
o 14 16 s
o 41 41 n
o 57 32 e
o 29 36 n
o 42 34 n
# turn 390
o 22 42 w
o 50 31 s
o 34 51 e
o 28 31 n
o 58 38 s
o 32 48 w
o 39 47 e
o 14 15 s
o 28 51 n
o 45 52 w
o 42 33 e
o 41 34 e
o 46 56 n
o 40 41 e
o 48 25 n
o 19 44 n
o 56 34 s
o 33 44 e
o 48 21 e
o 57 33 s
o 28 36 w
o 15 16 e
# turn 391
o 22 41 n
o 51 31 s
o 34 52 e
o 27 31 n
o 59 38 w
o 32 47 w
o 15 15 e
o 27 51 e
o 45 51 n
o 41 35 e
o 57 34 s
o 18 44 n
o 33 45 e
o 40 42 n
o 58 33 w
o 28 35 n
o 45 56 n
o 48 22 w
o 39 48 e
o 15 17 s
o 42 31 e
o 47 25 s
o 42 34 n
# turn 392
o 34 53 e
o 59 37 w
o 32 46 n
o 15 16 s
o 27 52 e
o 44 51 n
o 41 36 e
o 33 46 e
o 48 21 n
o 42 32 e
o 58 32 e
o 16 17 n
o 44 56 n
o 21 41 n
o 39 49 n
o 58 34 s
o 17 44 n
o 48 25 s
o 27 35 w
o 41 34 e
o 52 31 w
o 26 31 e
o 39 42 s
# turn 393
o 59 36 w
o 31 46 n
o 16 16 e
o 27 53 e
o 43 51 n
o 41 37 e
o 33 47 n
o 42 33 e
o 58 33 e
o 27 34 n
o 41 35 e
o 52 30 s
o 47 21 n
o 38 49 n
o 43 56 w
o 26 32 n
o 40 42 n
o 49 25 w
o 16 44 n
o 34 54 s
o 20 41 n
o 59 34 w
o 15 17 w
# turn 394
o 59 35 w
o 30 46 n
o 16 17 e
o 42 51 n
o 41 38 e
o 32 47 n
o 58 34 e
o 26 34 w
o 41 36 e
o 53 30 s
o 46 21 e
o 37 49 w
o 25 32 n
o 49 24 w
o 15 16 s
o 15 44 w
o 19 41 n
o 43 55 n
o 59 33 w
o 35 54 w
o 27 54 s
o 42 31 e
o 39 42 e
o 42 34 n
# turn 395
o 59 34 w
o 29 46 w
o 16 18 e
o 41 51 n
o 41 39 e
o 58 35 s
o 26 33 n
o 41 37 e
o 54 30 s
o 46 22 e
o 37 48 w
o 24 32 n
o 49 23 w
o 16 16 s
o 15 43 s
o 42 32 e
o 39 43 e
o 18 41 n
o 59 32 n
o 31 47 n
o 35 53 w
o 42 55 n
o 42 31 n
o 41 34 e
o 28 54 w
# turn 396
o 59 33 s
o 29 45 w
o 16 19 e
o 40 51 n
o 41 40 e
o 59 35 e
o 25 33 w
o 41 38 e
o 55 30 s
o 46 23 e
o 37 47 w
o 23 32 w
o 49 22 w
o 16 43 s
o 42 33 e
o 39 44 e
o 17 41 w
o 58 32 w
o 41 35 e
o 17 16 w
o 30 47 e
o 28 53 w
o 35 52 s
o 41 55 n
o 41 31 e
# turn 397
o 60 33 s
o 29 44 n
o 16 20 e
o 39 51 w
o 41 39 e
o 56 30 s
o 46 24 e
o 37 46 n
o 23 31 n
o 49 21 n
o 17 43 w
o 39 45 s
o 17 40 w
o 58 31 w
o 41 36 e
o 17 15 n
o 41 32 e
o 40 55 n
o 41 41 n
o 59 36 s
o 36 52 e
o 28 52 s
o 30 48 n
o 25 32 e
o 42 34 w
# turn 398
o 61 33 w
o 28 44 n
o 39 50 w
o 41 40 e
o 46 25 e
o 36 46 n
o 22 31 n
o 48 21 n
o 17 42 s
o 40 45 e
o 17 39 w
o 58 30 w
o 41 37 e
o 16 15 w
o 41 33 e
o 39 55 w
o 40 41 w
o 25 33 e
o 16 21 e
o 36 53 s
o 29 48 n
o 60 36 w
o 57 30 w
o 29 52 e
o 42 33 e
# turn 399
o 27 44 w
o 39 49 n
o 46 26 e
o 35 46 n
o 21 31 n
o 18 42 w
o 40 46 e
o 17 38 w
o 58 29 w
o 41 38 e
o 41 34 e
o 39 54 w
o 40 40 n
o 25 34 n
o 16 22 e
o 28 48 n
o 47 21 n
o 60 35 w
o 37 53 w
o 16 14 w
o 29 53 s
o 61 32 n
o 42 31 e
o 57 29 e
o 41 41 w
o 42 34 s
# turn 400
o 27 43 n
o 38 49 w
o 46 27 e
o 34 46 w
o 18 41 w
o 40 47 e
o 17 37 w
o 58 28 w
o 41 35 e
o 39 53 n
o 39 40 w
o 24 34 e
o 46 21 e
o 42 32 e
o 57 30 s
o 43 34 n
o 27 48 n
o 37 52 s
o 60 32 w
o 41 40 e
o 41 39 n
o 30 53 w
o 20 31 n
o 16 23 w
o 42 31 s
o 60 34 s
o 16 13 w
# turn 401
o 38 48 w
o 34 45 n
o 18 40 w
o 17 36 w
o 58 27 n
o 41 36 e
o 38 53 n
o 39 39 n
o 24 35 n
o 46 22 e
o 58 30 s
o 42 34 n
o 60 31 w
o 19 31 n
o 16 22 w
o 43 31 e
o 40 39 s
o 61 34 e
o 30 52 s
o 38 52 s
o 40 48 e
o 46 28 s
o 42 33 n
o 16 12 w
o 41 41 w
o 26 43 n
o 26 48 n
# turn 402
o 38 47 w
o 33 45 w
o 17 35 w
o 57 27 n
o 41 37 e
o 37 53 w
o 38 39 w
o 23 35 e
o 46 23 e
o 41 34 e
o 18 31 n
o 43 32 e
o 41 39 s
o 47 28 w
o 16 11 w
o 25 43 n
o 41 33 s
o 41 40 e
o 40 49 e
o 16 21 w
o 59 30 w
o 42 31 e
o 60 30 s
o 31 52 e
o 39 52 s
o 18 39 w
o 25 48 n
o 61 35 e
# turn 403
o 38 46 w
o 33 44 w
o 56 27 n
o 41 38 e
o 37 52 w
o 38 38 w
o 23 36 e
o 46 24 e
o 41 35 e
o 17 31 w
o 43 33 e
o 42 39 s
o 47 27 w
o 24 43 w
o 42 33 e
o 41 41 n
o 17 34 n
o 16 10 s
o 40 52 e
o 18 38 w
o 42 32 s
o 31 53 e
o 59 29 s
o 24 48 n
o 61 36 e
o 42 31 n
o 61 30 s
o 40 50 s
o 16 20 e
# turn 404
o 38 45 n
o 33 43 n
o 55 27 w
o 41 39 s
o 37 51 w
o 38 37 w
o 46 25 e
o 41 36 e
o 17 30 n
o 43 39 s
o 47 26 w
o 40 41 e
o 16 34 n
o 60 29 s
o 23 37 s
o 18 37 e
o 31 54 w
o 16 21 e
o 62 30 w
o 41 50 w
o 24 42 w
o 43 34 s
o 17 10 w
o 40 53 e
o 43 32 n
o 42 31 s
o 23 48 n
o 61 37 n
o 41 31 e
o 42 34 w
# turn 405
o 37 45 n
o 32 43 n
o 55 26 n
o 42 39 e
o 37 50 w
o 38 36 n
o 46 26 e
o 41 37 e
o 16 30 w
o 44 39 s
o 40 42 n
o 15 34 n
o 24 37 w
o 18 38 e
o 31 53 s
o 24 41 n
o 41 32 e
o 61 29 w
o 44 34 n
o 16 22 w
o 41 49 e
o 42 32 s
o 43 31 s
o 22 48 n
o 42 33 e
o 60 37 e
o 17 9 s
o 47 25 n
o 40 54 s
o 62 29 w
# turn 406
o 36 45 w
o 31 43 n
o 54 26 n
o 37 36 w
o 46 27 n
o 41 38 e
o 45 39 w
o 39 42 n
o 14 34 n
o 24 36 w
o 18 39 e
o 32 53 s
o 41 33 e
o 41 50 e
o 43 32 e
o 44 31 w
o 37 49 w
o 43 34 s
o 41 54 w
o 23 41 w
o 16 21 e
o 61 28 e
o 16 29 e
o 18 9 w
o 46 25 w
o 21 48 n
o 42 40 w
o 62 28 s
o 60 38 e
o 42 34 w
# turn 407
o 36 44 n
o 30 43 n
o 53 26 n
o 37 35 w
o 45 27 e
o 41 39 e
o 45 38 s
o 38 42 n
o 13 34 n
o 24 35 s
o 18 40 s
o 33 53 w
o 41 34 e
o 41 51 e
o 43 33 e
o 44 30 w
o 37 48 w
o 61 29 s
o 16 30 n
o 46 24 w
o 63 28 e
o 18 8 e
o 60 39 w
o 44 34 w
o 42 39 e
o 41 53 n
o 23 40 w
o 16 22 w
o 20 48 e
o 42 33 w
o 42 31 n
# turn 408
o 35 44 w
o 29 43 n
o 52 26 n
o 37 34 n
o 41 40 e
o 46 38 s
o 37 42 e
o 12 34 w
o 25 35 w
o 19 40 e
o 33 52 w
o 41 35 e
o 44 29 w
o 37 47 w
o 15 30 n
o 46 23 w
o 63 29 e
o 44 33 e
o 16 21 e
o 42 40 s
o 18 9 e
o 42 32 e
o 43 34 w
o 41 52 s
o 40 53 s
o 20 49 e
o 62 29 n
o 23 39 n
o 45 28 w
o 41 31 s
o 60 38 s
# turn 409
o 35 43 w
o 28 43 n
o 51 26 w
o 36 34 n
o 47 38 s
o 37 43 e
o 12 33 n
o 25 34 w
o 19 41 e
o 33 51 w
o 41 36 e
o 44 28 w
o 37 46 s
o 14 30 n
o 46 22 w
o 63 30 s
o 44 34 n
o 42 33 e
o 41 53 s
o 45 27 w
o 42 31 e
o 61 29 s
o 61 38 e
o 16 22 w
o 43 33 s
o 22 39 n
o 20 50 n
o 18 10 s
o 43 40 n
o 41 41 w
o 42 52 s
# turn 410
o 35 42 w
o 27 43 n
o 51 25 n
o 35 34 n
o 48 38 s
o 37 44 e
o 11 33 w
o 25 33 s
o 19 42 s
o 33 50 w
o 41 37 e
o 44 27 w
o 38 46 w
o 13 30 e
o 46 21 w
o 45 26 w
o 42 32 e
o 62 29 s
o 61 39 e
o 44 33 n
o 41 40 w
o 42 53 w
o 16 21 e
o 64 30 w
o 21 39 n
o 42 40 w
o 19 10 n
o 43 34 s
o 19 50 e
o 42 31 s
o 43 52 w
o 42 34 n
# turn 411
o 35 41 w
o 26 43 n
o 50 25 n
o 34 34 w
o 49 38 s
o 11 32 w
o 26 33 s
o 20 42 e
o 33 49 w
o 44 26 w
o 38 45 w
o 13 31 e
o 46 20 w
o 45 25 w
o 42 33 e
o 63 29 e
o 61 40 e
o 43 33 e
o 43 51 s
o 44 34 w
o 19 51 n
o 42 39 s
o 16 22 e
o 20 39 n
o 41 39 e
o 43 31 w
o 37 45 w
o 41 38 w
o 18 10 e
o 41 34 w
o 42 52 s
o 64 29 s
# turn 412
o 35 40 n
o 25 43 n
o 49 25 n
o 34 33 w
o 50 38 s
o 27 33 w
o 20 43 e
o 33 48 s
o 44 25 w
o 38 44 s
o 45 24 w
o 63 30 s
o 61 41 s
o 41 40 e
o 44 33 w
o 41 33 s
o 13 32 s
o 11 31 w
o 43 52 w
o 43 34 w
o 19 39 w
o 16 23 e
o 65 29 s
o 42 31 w
o 43 39 s
o 43 30 w
o 46 19 e
o 44 51 s
o 18 51 n
o 41 37 w
o 18 11 n
o 37 44 w
o 42 34 n
# turn 413
o 24 43 w
o 48 25 n
o 34 32 n
o 51 38 s
o 20 44 s
o 34 48 w
o 44 24 w
o 45 23 w
o 64 30 e
o 62 41 s
o 44 32 w
o 14 32 s
o 37 43 e
o 43 29 n
o 42 30 n
o 41 36 w
o 16 24 e
o 43 51 s
o 17 51 n
o 17 11 e
o 43 33 s
o 27 32 w
o 66 29 s
o 11 30 w
o 39 44 w
o 34 40 s
o 44 39 s
o 42 33 w
o 45 51 w
o 19 38 n
o 41 34 w
o 41 41 w
o 46 20 e
# turn 414
o 24 42 n
o 33 32 n
o 52 38 s
o 21 44 e
o 34 47 w
o 44 23 w
o 45 22 w
o 64 31 e
o 63 41 e
o 44 31 s
o 15 32 e
o 37 44 s
o 42 29 n
o 41 30 n
o 44 33 w
o 41 33 e
o 41 40 e
o 46 21 s
o 27 31 s
o 45 39 e
o 35 40 e
o 18 38 s
o 42 32 e
o 16 51 s
o 41 35 e
o 16 25 s
o 39 43 e
o 42 31 s
o 47 25 e
o 44 51 s
o 11 29 e
o 45 50 s
o 17 12 e
# turn 415
o 23 42 n
o 32 32 n
o 53 38 s
o 21 45 e
o 34 46 w
o 44 22 w
o 45 21 w
o 64 32 e
o 63 42 s
o 45 31 s
o 15 33 e
o 41 29 n
o 40 30 e
o 45 40 s
o 47 21 s
o 35 41 s
o 17 25 e
o 41 36 e
o 38 44 e
o 17 51 s
o 47 26 e
o 28 31 e
o 11 30 s
o 39 44 e
o 43 31 e
o 42 33 e
o 45 51 w
o 17 13 s
o 42 31 e
o 19 38 s
o 44 32 e
o 41 34 e
o 46 50 w
o 41 41 w
# turn 416
o 31 32 w
o 54 38 s
o 21 46 s
o 34 45 w
o 44 21 w
o 45 20 w
o 64 33 e
o 64 42 s
o 46 31 s
o 15 34 e
o 40 29 n
o 46 40 s
o 44 33 e
o 41 40 s
o 46 49 s
o 40 31 s
o 20 38 e
o 47 27 e
o 39 45 s
o 48 21 s
o 45 50 w
o 38 45 e
o 42 32 e
o 18 13 e
o 41 35 e
o 43 32 s
o 28 32 s
o 22 42 s
o 36 41 e
o 18 51 s
o 12 30 s
o 17 26 e
o 41 37 e
o 42 34 s
# turn 417
o 55 38 s
o 22 46 e
o 34 44 s
o 44 20 w
o 45 19 w
o 64 34 e
o 65 42 s
o 47 31 s
o 15 35 s
o 39 29 n
o 47 40 e
o 36 42 n
o 40 45 e
o 43 34 n
o 47 28 e
o 45 49 w
o 41 36 e
o 13 30 e
o 47 49 w
o 42 40 s
o 19 51 w
o 20 39 e
o 44 34 e
o 49 21 e
o 42 33 s
o 17 27 s
o 41 38 e
o 38 46 s
o 23 42 s
o 44 32 s
o 18 14 s
o 29 32 e
o 41 31 s
o 31 31 e
# turn 418
o 56 38 s
o 22 47 e
o 35 44 s
o 44 19 w
o 45 18 w
o 66 42 s
o 48 31 s
o 16 35 s
o 38 29 n
o 47 41 e
o 35 42 n
o 39 46 e
o 45 48 s
o 31 32 s
o 24 42 e
o 40 46 s
o 18 27 e
o 19 14 e
o 43 33 e
o 20 40 s
o 64 35 n
o 47 48 s
o 44 35 s
o 41 39 s
o 19 50 s
o 29 33 e
o 42 31 s
o 43 40 s
o 47 29 s
o 49 22 e
o 41 37 e
o 13 31 s
o 45 32 n
o 42 34 n
# turn 419
o 57 38 s
o 22 48 s
o 36 44 s
o 44 18 w
o 49 31 s
o 17 35 s
o 37 29 n
o 47 42 e
o 44 32 n
o 32 32 s
o 43 34 s
o 34 42 e
o 19 15 s
o 63 35 n
o 14 31 s
o 46 48 s
o 45 35 s
o 42 39 e
o 45 17 e
o 29 34 e
o 24 43 s
o 41 46 s
o 43 31 s
o 67 42 e
o 48 29 s
o 21 40 e
o 18 28 e
o 49 23 s
o 20 50 s
o 41 38 e
o 42 31 e
o 39 47 e
o 41 34 e
o 44 40 s
# turn 420
o 58 38 s
o 23 48 e
o 37 44 s
o 50 31 s
o 18 35 e
o 36 29 n
o 47 43 s
o 33 32 e
o 15 31 s
o 45 18 e
o 45 40 s
o 29 35 e
o 42 40 s
o 25 43 s
o 49 29 e
o 34 43 e
o 67 43 e
o 21 41 s
o 44 31 e
o 46 35 e
o 42 32 e
o 47 48 s
o 41 39 s
o 50 23 s
o 44 34 e
o 62 35 e
o 41 35 e
o 43 32 e
o 44 17 s
o 42 31 s
o 18 29 e
o 42 46 e
o 39 48 s
o 20 15 e
o 21 50 w
