# turn 1
o 31 86 s
# turn 2
o 32 86 w
# turn 3
o 32 85 w
# turn 4
o 32 84 n
# turn 5
o 31 84 e
o 31 86 n
# turn 6
o 31 85 n
o 30 86 n
# turn 7
o 29 86 n
o 30 85 n
# turn 8
o 28 86 n
o 29 85 n
# turn 9
o 28 85 n
o 27 86 n
# turn 10
o 26 86 e
o 27 85 n
# turn 11
o 26 87 e
o 26 85 n
# turn 12
o 26 0 n
o 25 85 n
# turn 13
o 25 0 n
o 24 85 w
# turn 14
o 24 0 e
o 24 84 w
# turn 15
o 24 1 n
o 24 83 n
# turn 16
o 23 1 n
o 23 83 n
# turn 17
o 22 1 n
o 22 83 n
# turn 18
o 21 83 n
o 21 1 w
# turn 19
o 20 83 n
o 21 0 n
o 31 86 e
# turn 20
o 20 0 w
o 31 87 s
o 19 83 n
# turn 21
o 20 87 w
o 32 87 s
o 18 83 n
o 31 86 e
# turn 22
o 20 86 n
o 33 87 s
o 17 83 w
o 31 87 n
# turn 23
o 19 86 w
o 17 82 n
o 34 87 w
o 30 87 e
# turn 24
o 19 85 w
o 16 82 n
o 30 0 s
o 34 86 n
# turn 25
o 19 84 n
o 31 0 s
o 33 86 n
o 15 82 n
# turn 26
o 18 84 w
o 32 0 s
o 32 86 w
o 14 82 e
o 31 86 n
# turn 27
o 18 83 w
o 33 0 e
o 14 83 n
o 32 85 n
o 30 86 n
# turn 28
o 18 82 w
o 33 1 e
o 13 83 e
o 29 86 w
o 31 85 w
# turn 29
o 33 2 s
o 31 84 n
o 29 85 w
o 18 81 n
# turn 30
o 34 2 s
o 30 84 w
o 29 84 n
o 17 81 n
o 31 86 e
# turn 31
o 35 2 e
o 31 87 e
o 16 81 e
o 30 83 s
o 28 84 s
# turn 32
o 31 0 e
o 16 82 e
o 31 83 w
o 29 84 n
o 35 3 e
# turn 33
o 16 83 e
o 31 82 w
o 28 84 n
o 31 86 s
o 35 4 n
o 31 1 n
# turn 34
o 16 84 n
o 31 81 w
o 32 86 s
o 30 1 e
o 27 84 n
o 34 4 n
# turn 35
o 15 84 e
o 31 80 n
o 33 86 w
o 30 2 n
o 26 84 n
o 33 4 e
# turn 36
o 15 85 n
o 30 80 n
o 29 2 e
o 33 85 w
o 33 5 e
o 25 84 w
# turn 37
o 14 85 n
o 29 80 w
o 29 3 e
o 25 83 w
o 33 6 n
o 33 84 w
# turn 38
o 13 85 n
o 29 79 w
o 29 4 e
o 25 82 e
o 32 6 n
o 33 83 w
# turn 39
o 12 85 e
o 29 78 w
o 29 5 e
o 25 83 e
o 31 6 n
o 33 82 n
# turn 40
o 29 6 e
o 25 84 e
o 32 82 w
o 29 77 n
o 12 86 e
o 30 6 w
# turn 41
o 29 7 e
o 25 85 e
o 32 81 n
o 31 86 n
o 30 5 w
o 28 77 n
o 12 87 n
# turn 42
o 25 86 e
o 31 81 e
o 30 86 e
o 29 8 n
o 11 87 n
o 31 86 s
o 30 4 w
o 27 77 n
# turn 43
o 25 87 e
o 31 82 e
o 30 87 e
o 32 86 e
o 30 3 n
o 28 8 n
o 31 86 w
o 10 87 n
o 26 77 n
# turn 44
o 25 0 e
o 31 83 n
o 30 0 n
o 32 87 e
o 29 3 n
o 31 85 s
o 9 87 s
o 25 77 n
o 27 8 n
# turn 45
o 25 1 e
o 30 83 e
o 32 0 e
o 32 85 s
o 10 87 s
o 28 3 n
o 29 0 n
o 26 8 n
o 24 77 n
# turn 46
o 25 2 s
o 30 84 e
o 33 85 s
o 11 87 e
o 32 1 n
o 28 0 n
o 25 8 n
o 23 77 n
o 27 3 n
# turn 47
o 26 2 s
o 30 85 n
o 11 0 e
o 31 1 n
o 27 0 e
o 24 8 n
o 22 77 n
o 34 85 w
o 26 3 n
# turn 48
o 27 2 e
o 11 1 e
o 30 1 n
o 27 1 n
o 23 8 e
o 29 85 w
o 34 84 w
o 25 3 n
o 21 77 n
# turn 49
o 27 3 e
o 11 2 e
o 29 84 n
o 20 77 e
o 34 83 w
o 26 1 s
o 31 86 s
o 23 9 n
o 29 1 n
o 24 3 n
# turn 50
o 27 4 e
o 11 3 s
o 28 84 n
o 20 78 e
o 32 86 s
o 28 1 e
o 27 1 w
o 34 82 w
o 23 3 n
o 22 9 n
# turn 51
o 27 5 e
o 12 3 e
o 27 84 w
o 20 79 e
o 33 86 s
o 27 0 w
o 22 3 n
o 28 2 e
o 21 9 n
o 34 81 n
# turn 52
o 27 6 e
o 20 80 e
o 34 86 s
o 28 3 e
o 27 87 n
o 33 81 w
o 27 83 n
o 21 3 n
o 12 4 s
o 20 9 n
# turn 53
o 27 7 e
o 26 87 n
o 19 9 s
o 35 86 w
o 20 3 n
o 20 81 n
o 13 4 w
o 28 4 e
o 26 83 w
o 33 80 n
# turn 54
o 27 8 e
o 25 87 n
o 20 9 w
o 28 5 n
o 13 3 w
o 19 81 w
o 35 85 w
o 32 80 w
o 19 3 n
o 26 82 w
# turn 55
o 27 9 e
o 27 5 n
o 18 3 w
o 24 87 n
o 32 79 n
o 19 80 w
o 35 84 w
o 26 81 n
o 20 8 n
o 13 2 n
# turn 56
o 26 5 n
o 18 2 w
o 19 8 n
o 12 2 n
o 25 81 n
o 27 10 n
o 23 87 n
o 31 79 n
o 19 79 n
o 35 83 w
# turn 57
o 25 5 e
o 18 1 w
o 11 2 n
o 22 87 n
o 18 79 n
o 35 82 w
o 24 81 n
o 31 86 s
o 26 10 n
o 18 8 e
o 30 79 w
# turn 58
o 25 6 e
o 18 0 w
o 32 86 s
o 25 10 n
o 35 81 w
o 23 81 n
o 21 87 w
o 30 78 w
o 18 9 n
o 10 2 w
o 17 79 n
# turn 59
o 25 7 e
o 18 87 s
o 33 86 s
o 10 1 n
o 21 86 w
o 22 81 n
o 16 79 n
o 35 80 n
o 24 10 n
o 30 77 w
o 17 9 e
# turn 60
o 25 8 e
o 19 87 s
o 34 86 s
o 30 76 w
o 21 85 n
o 23 10 n
o 34 80 w
o 17 10 n
o 21 81 w
o 15 79 n
o 9 1 n
# turn 61
o 25 9 e
o 35 86 s
o 20 87 e
o 16 10 n
o 8 1 n
o 30 75 n
o 20 85 n
o 14 79 n
o 21 80 w
o 34 79 n
o 22 10 n
# turn 62
o 25 10 e
o 20 0 n
o 19 85 n
o 21 79 n
o 7 1 n
o 33 79 w
o 13 79 n
o 15 10 n
o 31 86 w
o 21 10 n
o 36 86 e
o 29 75 n
# turn 63
o 25 11 e
o 20 79 n
o 31 85 s
o 12 79 e
o 14 10 n
o 28 75 n
o 6 1 n
o 33 78 n
o 20 10 n
o 36 87 w
o 19 0 e
o 18 85 n
# turn 64
o 25 12 e
o 19 79 n
o 32 85 s
o 12 80 n
o 36 86 s
o 32 78 n
o 17 85 n
o 27 75 n
o 5 1 n
o 19 10 n
o 19 1 e
o 13 10 n
# turn 65
o 25 13 e
o 18 79 e
o 33 85 s
o 11 80 n
o 26 75 n
o 19 2 n
o 16 85 n
o 37 86 w
o 12 10 w
o 4 1 w
o 31 78 n
o 18 10 n
# turn 66
o 18 80 n
o 34 85 s
o 10 80 e
o 25 75 e
o 18 2 n
o 17 10 n
o 15 85 n
o 25 14 w
o 37 85 n
o 30 78 e
o 12 9 w
o 4 0 n
# turn 67
o 10 81 n
o 30 79 e
o 16 10 n
o 3 0 n
o 25 76 e
o 35 85 n
o 17 2 n
o 25 13 w
o 31 86 w
o 14 85 n
o 36 85 w
o 17 80 n
o 12 8 n
# turn 68
o 9 81 e
o 36 84 e
o 16 80 n
o 25 77 n
o 11 8 w
o 16 2 w
o 15 10 n
o 2 0 w
o 34 85 n
o 25 12 w
o 31 85 n
o 13 85 n
o 30 80 n
# turn 69
o 9 82 n
o 12 85 w
o 11 7 w
o 14 10 n
o 30 85 n
o 33 85 w
o 16 1 n
o 36 85 n
o 25 11 w
o 24 77 e
o 15 80 e
o 29 80 n
# turn 70
o 8 82 e
o 25 10 n
o 33 84 n
o 12 84 w
o 28 80 n
o 29 85 n
o 15 1 w
o 24 78 e
o 35 85 w
o 13 10 w
o 11 6 n
o 15 81 e
# turn 71
o 8 83 n
o 28 85 n
o 32 84 w
o 35 84 w
o 10 6 w
o 15 0 n
o 12 83 w
o 27 80 e
o 24 79 e
o 15 82 n
o 13 9 w
o 24 10 w
# turn 72
o 7 83 e
o 24 9 w
o 10 5 n
o 24 80 w
o 12 82 n
o 32 83 s
o 14 82 n
o 27 85 s
o 27 81 w
o 14 0 w
o 13 8 n
o 35 83 n
# turn 73
o 7 84 e
o 24 8 w
o 34 83 w
o 24 79 w
o 27 80 w
o 33 83 w
o 13 82 n
o 9 5 n
o 11 82 w
o 28 85 s
o 14 87 n
o 12 8 w
# turn 74
o 7 85 e
o 24 7 n
o 11 81 s
o 24 78 s
o 27 79 s
o 12 7 w
o 34 82 w
o 13 87 s
o 29 85 s
o 33 82 w
o 12 82 s
o 8 5 s
# turn 75
o 7 86 e
o 12 81 e
o 30 85 s
o 25 78 s
o 12 6 n
o 33 81 w
o 28 79 w
o 13 82 s
o 9 5 s
o 14 87 s
o 23 7 s
o 34 81 w
# turn 76
o 7 87 e
o 12 82 e
o 11 6 n
o 34 80 w
o 10 5 n
o 26 78 e
o 15 87 w
o 24 7 w
o 33 80 w
o 14 82 e
o 28 78 n
o 31 85 w
# turn 77
o 7 0 e
o 12 83 s
o 10 6 n
o 9 5 w
o 33 79 w
o 14 83 e
o 31 84 n
o 26 79 n
o 15 86 s
o 27 78 w
o 24 6 w
o 34 79 s
# turn 78
o 7 1 e
o 13 83 s
o 33 78 w
o 30 84 n
o 27 77 w
o 35 79 w
o 25 79 e
o 24 5 n
o 16 86 e
o 9 4 n
o 14 84 s
o 9 6 n
# turn 79
o 7 2 e
o 14 83 s
o 29 84 n
o 25 80 s
o 23 5 w
o 33 77 n
o 27 76 n
o 16 87 e
o 15 84 e
o 35 78 w
o 8 6 n
o 8 4 n
# turn 80
o 15 83 s
o 28 84 n
o 23 4 e
o 7 3 n
o 35 77 w
o 7 6 n
o 15 85 w
o 32 77 n
o 7 4 n
o 16 0 s
o 26 80 n
o 26 76 n
# turn 81
o 16 83 s
o 27 84 w
o 35 76 w
o 15 84 s
o 25 80 n
o 25 76 n
o 6 4 e
o 23 5 w
o 6 6 n
o 17 0 e
o 6 3 n
o 31 77 w
# turn 82
o 17 83 s
o 27 83 w
o 16 84 s
o 24 80 n
o 6 5 s
o 23 4 n
o 5 6 n
o 24 76 n
o 17 1 e
o 31 76 w
o 35 75 n
o 5 3 n
# turn 83
o 18 83 s
o 7 5 e
o 17 2 e
o 31 75 w
o 23 80 n
o 4 6 n
o 27 82 n
o 34 75 n
o 17 84 e
o 22 4 n
o 4 3 n
o 23 76 n
# turn 84
o 19 83 s
o 7 6 e
o 26 82 n
o 17 85 e
o 33 75 n
o 3 3 n
o 22 76 n
o 22 80 w
o 21 4 w
o 17 3 w
o 3 6 n
o 31 74 n
# turn 85
o 7 7 e
o 25 82 n
o 2 6 n
o 22 79 w
o 21 3 w
o 17 2 n
o 32 75 w
o 30 74 n
o 17 86 e
o 20 83 e
o 2 3 n
o 21 76 n
# turn 86
o 7 8 e
o 20 84 s
o 20 76 n
o 24 82 n
o 29 74 n
o 21 2 n
o 16 2 s
o 22 78 n
o 31 86 n
o 1 3 n
o 1 6 w
o 32 74 w
o 17 87 w
# turn 87
o 30 86 n
o 17 86 s
o 21 78 n
o 21 84 s
o 20 2 e
o 17 2 n
o 1 5 w
o 28 74 n
o 32 73 n
o 19 76 n
o 0 3 e
o 23 82 e
o 7 9 n
# turn 88
o 29 86 n
o 20 78 n
o 20 3 n
o 23 83 e
o 22 84 n
o 6 9 n
o 18 86 s
o 18 76 n
o 31 73 n
o 16 2 s
o 1 4 s
o 27 74 n
o 0 4 n
o 31 86 s
# turn 89
o 28 86 n
o 19 3 e
o 21 84 w
o 19 86 s
o 32 86 s
o 87 4 s
o 5 9 w
o 30 73 n
o 23 84 e
o 19 78 n
o 17 2 n
o 17 76 n
o 26 74 n
o 2 4 e
# turn 90
o 27 86 n
o 21 83 n
o 20 86 s
o 33 86 s
o 29 73 w
o 25 74 e
o 18 78 w
o 19 4 w
o 16 2 w
o 23 85 n
o 0 4 s
o 2 5 w
o 5 8 s
o 16 76 w
# turn 91
o 26 86 n
o 20 83 n
o 21 86 s
o 34 86 s
o 29 72 n
o 16 75 n
o 25 75 w
o 6 8 w
o 18 77 w
o 1 4 w
o 16 1 n
o 31 86 n
o 19 3 w
o 2 4 s
o 22 85 n
# turn 92
o 25 86 n
o 19 83 n
o 35 86 s
o 28 72 w
o 25 74 n
o 1 3 w
o 6 7 s
o 18 76 n
o 22 86 n
o 21 85 n
o 30 86 n
o 15 1 w
o 15 75 w
o 19 2 w
o 3 4 s
# turn 93
o 18 83 n
o 36 86 s
o 28 71 n
o 1 2 s
o 20 85 w
o 4 4 w
o 15 0 w
o 7 7 s
o 15 74 n
o 29 86 w
o 21 86 n
o 17 76 w
o 24 86 n
o 19 1 n
o 24 74 n
# turn 94
o 37 86 s
o 27 71 n
o 17 83 n
o 15 87 w
o 23 74 n
o 23 86 w
o 17 75 n
o 29 85 n
o 8 7 s
o 2 2 s
o 20 84 w
o 4 3 s
o 18 1 w
o 20 86 n
# turn 95
o 26 71 n
o 18 0 w
o 16 75 n
o 22 74 w
o 19 86 w
o 3 2 s
o 28 85 w
o 23 85 w
o 15 86 w
o 38 86 w
o 16 83 n
o 5 3 s
o 20 83 n
o 9 7 s
# turn 96
o 25 71 w
o 18 87 n
o 23 84 n
o 19 83 n
o 10 7 w
o 15 85 n
o 38 85 w
o 6 3 s
o 15 75 w
o 22 73 n
o 28 84 n
o 15 83 n
o 4 2 w
o 19 85 n
# turn 97
o 25 70 n
o 7 3 e
o 38 84 n
o 27 84 w
o 22 84 n
o 14 83 w
o 10 6 w
o 15 74 n
o 21 73 n
o 18 83 n
o 14 85 w
o 17 87 n
o 18 85 n
o 4 1 w
# turn 98
o 24 70 w
o 7 4 s
o 10 5 e
o 14 74 w
o 14 82 n
o 21 84 w
o 16 87 n
o 27 83 n
o 17 85 w
o 37 84 w
o 17 83 w
o 20 73 n
o 14 84 w
o 4 0 w
# turn 99
o 24 69 n
o 8 4 e
o 10 6 e
o 13 82 n
o 17 82 w
o 19 73 s
o 15 87 w
o 14 83 s
o 17 84 n
o 37 83 n
o 4 87 w
o 14 73 s
o 21 83 n
o 26 83 w
# turn 100
o 8 5 e
o 10 7 e
o 12 82 n
o 20 73 s
o 15 86 s
o 23 69 w
o 36 83 w
o 16 84 w
o 4 86 w
o 20 83 n
o 15 73 s
o 15 83 w
o 17 81 w
o 26 82 w
# turn 101
o 8 6 s
o 11 82 n
o 21 73 s
o 16 86 w
o 23 68 w
o 10 8 s
o 17 80 w
o 19 83 n
o 16 73 w
o 36 82 w
o 31 86 w
o 26 81 w
o 15 82 w
o 4 85 s
o 16 83 w
# turn 102
o 9 6 e
o 22 73 s
o 16 85 w
o 31 85 s
o 11 8 w
o 26 80 w
o 16 72 s
o 36 81 w
o 10 82 s
o 23 67 w
o 5 85 w
o 18 83 w
o 17 79 w
o 16 82 w
o 15 81 w
# turn 103
o 9 7 s
o 23 73 e
o 16 81 w
o 11 7 s
o 17 72 w
o 32 85 w
o 26 79 s
o 17 78 w
o 18 82 n
o 23 66 n
o 5 84 s
o 16 84 s
o 11 82 s
o 36 80 s
o 15 80 w
# turn 104
o 10 7 s
o 23 74 s
o 17 82 n
o 16 80 w
o 37 80 s
o 12 82 s
o 27 79 w
o 12 7 e
o 17 71 w
o 17 84 n
o 22 66 w
o 6 84 s
o 32 84 s
o 17 77 w
o 15 79 w
# turn 105
o 11 7 e
o 24 74 e
o 7 84 w
o 17 70 s
o 17 76 w
o 27 78 w
o 38 80 n
o 22 65 s
o 13 82 s
o 16 79 w
o 16 84 n
o 15 78 w
o 16 82 w
o 33 84 w
o 12 8 e
# turn 106
o 11 8 s
o 24 75 s
o 7 83 n
o 18 70 s
o 15 84 n
o 16 81 n
o 15 77 w
o 37 80 n
o 14 82 e
o 27 77 s
o 33 83 s
o 23 65 s
o 16 78 w
o 17 75 n
o 12 9 n
# turn 107
o 12 8 e
o 25 75 s
o 6 83 n
o 19 70 w
o 14 83 n
o 15 76 w
o 16 75 w
o 16 77 w
o 34 83 w
o 11 9 e
o 36 80 n
o 28 77 w
o 24 65 w
o 14 84 n
o 15 81 w
# turn 108
o 12 9 e
o 19 69 s
o 13 83 n
o 11 10 w
o 24 64 w
o 16 74 n
o 15 80 w
o 34 82 s
o 28 76 e
o 5 83 w
o 15 75 n
o 26 75 e
o 35 80 w
o 13 84 s
o 16 76 w
# turn 109
o 20 69 s
o 12 83 n
o 14 75 w
o 16 75 n
o 11 9 s
o 5 82 w
o 35 82 w
o 26 76 w
o 31 86 w
o 15 74 w
o 14 84 s
o 12 10 s
o 28 77 w
o 15 79 w
o 24 63 s
# turn 110
o 21 69 s
o 14 74 s
o 25 63 s
o 15 84 s
o 5 81 w
o 35 81 w
o 15 75 s
o 31 86 n
o 26 75 s
o 12 9 n
o 15 73 w
o 31 85 n
o 15 78 s
o 28 76 w
o 13 10 s
o 11 83 n
# turn 111
o 22 69 s
o 16 75 s
o 14 10 n
o 28 75 w
o 5 80 w
o 11 9 w
o 10 83 n
o 15 74 s
o 30 85 w
o 26 63 s
o 15 72 w
o 16 84 s
o 35 80 n
o 16 78 w
o 30 86 n
o 27 75 w
# turn 112
o 34 80 n
o 23 69 w
o 16 74 s
o 11 8 n
o 16 77 w
o 17 75 s
o 17 84 w
o 30 84 n
o 29 86 w
o 27 74 n
o 5 79 n
o 28 74 w
o 9 83 w
o 13 10 n
o 15 71 s
# turn 113
o 23 68 e
o 10 8 n
o 17 83 w
o 17 74 n
o 4 79 n
o 33 80 w
o 28 73 n
o 29 85 n
o 26 74 e
o 9 82 w
o 12 10 n
o 18 75 n
o 29 84 n
o 16 71 n
o 16 76 n
# turn 114
o 15 76 w
o 17 82 s
o 11 10 w
o 23 69 w
o 16 74 s
o 9 8 w
o 17 75 s
o 33 79 s
o 28 85 s
o 28 84 s
o 26 75 n
o 15 71 w
o 27 73 n
o 9 81 s
# turn 115
o 23 68 s
o 25 75 w
o 10 81 w
o 17 74 s
o 29 84 s
o 11 9 n
o 29 85 s
o 26 73 w
o 15 75 n
o 15 70 n
o 18 82 w
o 34 79 w
o 18 75 s
o 9 7 w
# turn 116
o 14 75 w
o 25 74 n
o 34 78 w
o 30 84 s
o 30 85 s
o 9 6 w
o 18 81 s
o 14 70 n
o 26 72 w
o 10 80 n
o 24 68 e
o 19 75 s
o 10 9 w
o 18 74 w
# turn 117
o 19 81 w
o 10 8 w
o 14 74 w
o 18 73 w
o 24 69 n
o 34 77 s
o 20 75 s
o 13 70 n
o 31 84 w
o 9 80 w
o 26 71 w
o 9 5 n
o 31 85 s
o 24 74 n
# turn 118
o 32 85 w
o 23 74 w
o 9 79 s
o 10 7 w
o 31 83 w
o 35 77 w
o 19 80 w
o 21 75 n
o 18 72 n
o 14 73 n
o 26 70 e
o 8 5 s
# turn 119
o 17 72 w
o 35 76 s
o 31 82 s
o 32 84 w
o 10 6 w
o 20 75 w
o 23 73 w
o 10 79 w
o 19 79 w
o 13 73 n
o 26 71 n
o 9 5 w
# turn 120
o 10 5 n
o 17 71 e
o 32 83 n
o 23 72 w
o 32 82 n
o 19 78 w
o 25 71 e
o 20 74 n
o 10 78 w
o 9 4 n
# turn 121
o 17 72 e
o 31 82 s
o 31 83 n
o 23 71 e
o 25 72 n
o 19 77 w
o 9 5 w
o 19 74 n
o 10 77 w
o 8 4 w
# turn 122
o 17 73 n
o 32 82 s
o 8 3 w
o 24 72 w
o 23 72 w
o 10 76 n
o 19 76 w
o 9 4 n
o 30 83 s
o 18 74 n
# turn 123
o 16 73 n
o 33 82 e
o 23 71 w
o 31 83 w
o 8 2 n
o 24 71 w
o 17 74 w
o 19 75 w
o 9 76 w
o 8 4 w
# turn 124
o 15 73 n
o 33 83 s
o 31 82 s
o 8 3 w
o 24 70 e
o 9 75 w
o 19 74 n
o 23 70 n
o 7 2 n
o 17 73 n
# turn 125
o 14 73 n
o 34 83 s
o 32 82 s
o 8 2 n
o 24 71 n
o 16 73 n
o 9 74 n
o 6 2 n
o 22 70 n
o 18 74 n
# turn 126
o 35 83 s
o 33 82 s
o 17 74 w
o 15 73 w
o 8 74 n
o 13 73 n
o 21 70 n
o 5 2 w
o 23 71 w
o 7 2 w
# turn 127
o 36 83 s
o 34 82 s
o 17 73 n
o 12 73 n
o 7 1 w
o 15 72 n
o 20 70 w
o 5 1 w
o 23 70 w
# turn 128
o 35 82 s
o 7 0 w
o 5 0 w
o 16 73 w
o 11 73 w
o 37 83 n
o 23 69 s
o 20 69 n
o 14 72 n
# turn 129
o 36 82 s
o 36 83 n
o 16 72 n
o 24 69 s
o 19 69 n
o 31 86 w
o 13 72 w
o 5 87 w
o 7 87 s
# turn 130
o 8 87 w
o 18 69 n
o 37 82 n
o 15 72 n
o 35 83 w
o 5 86 s
o 31 85 n
# turn 131
o 8 86 w
o 35 82 w
o 36 82 s
o 30 85 s
o 6 86 w
# turn 132
o 8 85 w
o 35 81 s
o 37 82 s
o 31 85 s
o 6 85 e
# turn 133
o 8 84 w
o 36 81 s
o 32 85 s
o 6 86 e
o 38 82 w
# turn 134
o 8 83 s
o 33 85 s
o 6 87 e
o 38 81 s
o 37 81 w
# turn 135
o 9 83 w
o 34 85 s
o 37 80 s
o 6 0 s
o 39 81 w
# turn 136
o 9 82 w
o 35 85 s
o 38 80 w
o 7 0 s
o 39 80 w
# turn 137
o 9 81 s
o 36 85 s
o 8 0 s
o 38 79 w
o 39 79 s
# turn 138
o 10 81 s
o 37 85 s
o 9 0 w
o 40 79 w
o 38 78 w
# turn 139
o 38 85 s
o 9 87 w
o 38 77 s
o 40 78 s
o 11 81 n
# turn 140
o 9 86 s
o 39 77 s
o 10 81 n
o 39 85 w
o 41 78 s
o 31 86 s
# turn 141
o 10 86 s
o 9 81 n
o 39 84 w
o 32 86 w
o 40 77 w
o 42 78 w
# turn 142
o 11 86 s
o 32 85 s
o 40 76 s
o 42 77 s
o 39 83 w
o 8 81 s
# turn 143
o 12 86 w
o 33 85 w
o 39 82 s
o 9 81 w
o 41 76 s
o 43 77 s
# turn 144
o 12 85 s
o 9 80 n
o 40 82 w
o 33 84 w
o 42 76 w
# turn 145
o 13 85 w
o 33 83 s
o 40 81 w
o 42 75 n
o 8 80 n
# turn 146
o 13 84 s
o 34 83 s
o 40 80 s
o 7 80 n
o 41 75 n
# turn 147
o 14 84 s
o 35 83 s
o 40 75 e
o 41 80 w
o 6 80 w
# turn 148
o 15 84 s
o 36 83 s
o 40 76 n
o 41 79 s
o 6 79 w
# turn 149
o 16 84 w
o 37 83 s
o 39 76 e
o 42 79 n
o 6 78 n
# turn 150
o 16 83 s
o 39 77 n
o 38 83 w
o 41 79 n
o 5 78 w
# turn 151
o 17 83 w
o 38 77 n
o 5 77 w
o 38 82 n
o 40 79 n
# turn 152
o 17 82 s
o 39 79 w
o 5 76 w
o 37 82 w
o 37 77 w
# turn 153
o 18 82 w
o 39 78 n
o 5 75 n
o 37 81 w
o 37 76 n
# turn 154
o 18 81 s
o 37 80 n
o 36 76 n
o 4 75 n
o 38 78 w
# turn 155
o 35 76 n
o 19 81 w
o 3 75 n
o 36 80 n
o 38 77 n
# turn 156
o 19 80 w
o 37 77 w
o 31 86 w
o 34 76 n
o 35 80 n
# turn 157
o 34 80 w
o 33 76 n
o 37 76 n
o 19 79 s
o 31 86 s
o 31 85 w
# turn 158
o 32 86 s
o 32 76 w
o 34 79 w
o 36 76 n
o 31 84 s
o 20 79 s
# turn 159
o 33 86 e
o 35 76 w
o 21 79 s
o 34 78 w
o 32 84 e
# turn 160
o 33 87 s
o 35 75 w
o 22 79 s
o 34 77 w
o 32 85 s
# turn 161
o 34 76 w
o 33 85 s
o 34 87 w
o 35 74 n
o 23 79 w
# turn 162
o 34 85 s
o 34 74 n
o 23 78 w
o 34 86 e
o 34 75 s
# turn 163
o 35 85 e
o 23 77 w
o 33 74 w
o 34 87 w
o 35 75 n
# turn 164
o 35 86 s
o 23 76 w
o 33 73 n
o 34 75 w
o 34 86 e
# turn 165
o 36 86 s
o 32 73 n
o 34 74 w
o 23 75 n
o 34 87 w
# turn 166
o 37 86 s
o 31 73 n
o 22 75 n
o 34 86 e
o 34 73 w
# turn 167
o 38 86 s
o 30 73 w
o 21 75 w
o 34 87 n
o 34 72 n
# turn 168
o 30 72 n
o 33 72 e
o 39 86 e
o 21 74 w
o 33 87 s
# turn 169
o 29 72 n
o 33 73 s
o 21 73 n
o 34 87 w
o 39 87 n
# turn 170
o 28 72 w
o 34 73 e
o 20 73 n
o 38 87 e
o 34 86 s
# turn 171
o 28 71 w
o 34 74 e
o 19 73 w
o 38 0 e
o 35 86 s
# turn 172
o 34 75 e
o 38 1 e
o 36 86 w
o 19 72 w
o 28 70 e
# turn 173
o 34 76 e
o 38 2 e
o 36 85 s
o 28 71 s
o 19 71 n
o 31 86 e
# turn 174
o 34 77 s
o 38 3 e
o 37 85 w
o 29 71 e
o 31 87 e
o 18 71 s
# turn 175
o 35 77 e
o 38 4 e
o 37 84 w
o 29 72 s
o 31 0 e
o 19 71 e
# turn 176
o 35 78 e
o 38 5 e
o 37 83 w
o 30 72 s
o 19 72 e
o 31 1 s
# turn 177
o 35 79 e
o 37 82 s
o 31 72 s
o 19 73 e
o 32 1 s
o 38 6 n
# turn 178
o 32 72 s
o 19 74 e
o 37 6 n
o 38 82 w
o 31 86 s
o 35 80 w
o 33 1 w
# turn 179
o 33 72 s
o 19 75 s
o 36 6 w
o 32 86 s
o 35 79 n
o 38 81 n
o 33 0 w
# turn 180
o 34 72 e
o 20 75 s
o 33 86 s
o 33 87 s
o 36 5 n
o 37 81 w
o 34 79 w
# turn 181
o 34 73 e
o 21 75 s
o 34 86 s
o 37 80 n
o 34 87 n
o 34 78 w
o 35 5 n
# turn 182
o 34 74 s
o 22 75 s
o 35 86 s
o 33 87 s
o 34 77 w
o 34 5 s
o 36 80 n
# turn 183
o 35 74 e
o 23 75 s
o 36 86 w
o 34 87 w
o 34 76 s
o 35 80 w
o 35 5 s
# turn 184
o 24 75 s
o 36 85 s
o 35 79 e
o 35 76 s
o 36 5 w
o 35 75 w
o 34 86 w
# turn 185
o 25 75 s
o 37 85 w
o 35 80 s
o 34 85 n
o 36 4 w
o 36 76 s
o 35 74 n
# turn 186
o 26 75 s
o 37 84 w
o 36 80 e
o 33 85 n
o 37 76 n
o 36 3 w
o 34 74 w
# turn 187
o 27 75 e
o 37 83 s
o 36 81 e
o 32 85 w
o 34 73 w
o 36 76 n
o 36 2 n
# turn 188
o 27 76 e
o 38 83 w
o 36 82 s
o 32 84 n
o 35 2 n
o 35 76 n
o 34 72 n
# turn 189
o 27 77 s
o 38 82 w
o 37 82 e
o 31 84 n
o 34 76 w
o 34 2 s
o 33 72 n # not player ant
# turn 190
o 28 77 e
o 38 81 w
o 37 83 e
o 34 75 s
o 35 2 s
o 30 84 e
o 32 72 w # not player ant
# turn 191
o 28 78 e
o 38 80 w
o 37 84 e
o 35 75 w
o 36 2 s
o 30 85 n
o 31 86 e
# turn 192
o 38 79 w
o 37 85 e
o 29 85 n
o 31 87 e
o 35 74 n
o 28 79 w
o 37 2 e
# turn 193
o 38 78 s
o 28 85 e
o 31 0 e
o 28 78 n
o 34 74 e
o 37 86 s
o 37 3 e
# turn 194
o 39 78 s
o 28 86 n
o 27 78 w
o 34 75 e
o 38 86 s
o 37 4 e
o 31 1 s
# turn 195
o 40 78 s
o 27 86 e
o 27 77 w
o 34 76 e
o 39 86 s
o 37 5 e
o 32 1 s
# turn 196
o 41 78 w
o 27 87 n
o 27 76 w
o 34 77 e
o 37 6 e
o 33 1 e
o 40 86 s
# turn 197
o 41 77 w
o 26 87 e
o 27 75 w
o 34 78 e
o 33 2 s
o 37 7 s
o 41 86 e
# turn 198
o 26 0 n
o 27 74 w
o 34 79 e
o 38 7 e
o 31 86 s
o 41 87 s
o 34 2 s
o 41 76 e
# turn 199
o 25 0 n
o 27 73 w
o 34 80 e
o 38 8 e
o 32 86 e
o 35 2 e
o 31 86 e
o 42 87 s
o 41 77 e
# turn 200
o 24 0 n
o 38 9 n
o 32 87 s
o 41 78 e
o 35 3 e
o 43 87 e
o 31 87 e
o 27 72 s
o 34 81 s
# turn 201
o 37 9 n
o 33 87 s
o 35 4 e
o 41 79 n
o 28 72 w
o 43 0 e
o 31 86 e
o 23 0 n
o 35 81 s
o 31 0 n
# turn 202
o 36 9 n
o 35 5 s
o 40 79 n
o 28 71 w
o 31 87 e
o 36 81 s
o 30 0 e
o 34 87 w
o 43 1 e
o 22 0 s
# turn 203
o 36 5 e
o 39 79 w
o 28 70 w
o 31 0 e
o 37 81 s
o 30 1 e
o 43 2 e
o 23 0 s
o 35 9 w
o 34 86 s
# turn 204
o 36 6 e
o 39 78 w
o 38 81 s
o 30 2 e
o 24 0 e
o 35 8 n
o 35 86 w
o 28 69 n
o 43 3 n
o 31 86 e
o 31 1 s
# turn 205
o 36 7 s
o 39 77 n
o 39 81 s
o 30 3 e
o 34 8 w
o 35 85 s
o 31 87 e
o 32 1 w
o 27 69 n
o 24 1 n
o 42 3 n
# turn 206
o 37 7 e
o 38 77 n
o 40 81 s
o 30 4 e
o 34 7 n
o 36 85 s
o 31 0 e
o 32 0 s
o 26 69 s
o 23 1 s
o 41 3 e
# turn 207
o 37 8 e
o 37 77 w
o 30 5 e
o 33 7 w
o 37 85 s
o 41 4 e
o 27 69 e
o 41 81 e
o 24 1 s
o 33 0 e
o 31 1 s
# turn 208
o 37 9 e
o 37 76 n
o 30 6 e
o 33 6 w
o 38 85 s
o 41 5 n
o 32 1 w
o 27 70 s
o 25 1 s
o 41 82 s
o 33 1 e
# turn 209
o 36 76 n
o 33 5 w
o 39 85 s
o 33 2 w
o 32 0 w
o 26 1 s
o 40 5 s
o 42 82 s
o 30 7 s
o 28 70 s
# turn 210
o 35 76 n
o 29 70 e
o 27 1 s
o 31 7 w
o 40 85 s
o 33 4 s
o 41 5 w
o 43 82 s
o 33 1 w
o 32 87 s
# turn 211
o 34 76 n
o 31 6 s
o 29 71 s
o 33 87 s
o 41 85 s
o 44 82 w
o 28 1 s
o 41 4 s
o 33 0 e
o 34 4 s
# turn 212
o 33 76 w
o 33 1 e
o 42 4 e
o 32 6 e
o 35 4 e
o 34 87 w
o 29 1 n
o 42 85 e
o 30 71 w
# turn 213
o 33 75 n
o 33 2 s
o 35 5 e
o 28 1 e
o 42 5 n
o 42 86 s
o 32 7 s
o 34 86 s
o 30 70 w
# turn 214
o 32 75 w
o 28 2 e
o 41 5 e
o 33 7 e
o 35 86 s
o 30 69 n
o 43 86 w
o 35 6 n
o 34 2 s
# turn 215
o 32 74 n
o 28 3 n
o 41 6 e
o 36 86 e
o 29 69 w
o 35 2 s
o 34 6 s
o 33 8 e
o 43 85 s
# turn 216
o 31 74 n
o 27 3 e
o 41 7 n
o 29 68 w
o 36 2 s
o 35 6 e
o 44 85 w
o 36 87 w
o 33 9 e
# turn 217
o 30 74 w
o 27 4 n
o 40 7 n
o 29 67 w
o 37 2 s
o 44 84 w
o 36 86 s
o 33 10 e
o 35 7 e
# turn 218
o 30 73 w
o 39 7 n
o 29 66 w
o 38 2 s
o 37 86 s
o 35 8 s
o 44 83 w
o 26 4 n
o 33 11 s
# turn 219
o 30 72 w
o 38 7 e
o 29 65 w
o 38 86 e
o 44 82 n
o 25 4 n
o 36 8 e
o 34 11 w
o 39 2 e
# turn 220
o 30 71 w
o 38 8 e
o 29 64 n
o 38 87 s
o 43 82 n
o 36 9 e
o 39 3 n
o 34 10 s
o 24 4 e
# turn 221
o 30 70 n
o 38 9 e
o 28 64 w
o 42 82 n
o 38 3 n
o 24 5 s
o 36 10 s
o 35 10 e
o 39 87 w
# turn 222
o 29 70 n
o 38 10 e
o 28 63 n
o 41 82 n
o 37 3 n
o 25 5 e
o 37 10 e
o 35 11 e
o 39 86 s
# turn 223
o 28 70 n
o 40 82 w
o 36 3 e
o 25 6 s
o 35 12 e
o 37 11 e
o 38 11 e
o 40 86 s
o 27 63 e
# turn 224
o 27 70 n
o 40 81 n
o 27 64 e
o 35 13 s
o 37 12 e
o 36 4 s
o 41 86 e
o 31 86 e
o 38 12 e
o 26 6 e
# turn 225
o 26 70 w
o 39 81 w
o 37 4 n
o 27 65 s
o 37 13 e
o 41 87 s
o 36 13 e
o 31 86 s
o 31 87 s
o 38 13 s
o 26 7 s
# turn 226
o 26 69 w
o 39 80 w
o 32 86 s
o 36 4 s
o 36 14 e
o 37 14 e
o 27 7 e
o 28 65 e
o 42 87 n
o 32 87 e
# turn 227
o 37 4 e
o 32 0 e
o 33 86 e
o 39 79 n
o 36 15 e
o 41 87 s
o 28 66 e
o 37 15 e
o 26 68 s
o 27 8 e
# turn 228
o 32 1 s
o 37 5 s
o 37 16 s
o 33 87 s
o 28 67 e
o 36 16 e
o 31 86 s
o 27 68 e
o 42 87 s
o 27 9 s
o 38 79 s
# turn 229
o 32 86 e
o 28 68 e
o 39 79 e
o 36 17 s
o 28 9 e
o 38 16 e
o 34 87 n
o 43 87 e
o 31 86 e
o 27 69 e
o 33 1 e
o 38 5 e
# turn 230
o 28 69 e
o 33 2 s
o 33 87 e
o 28 10 e
o 38 6 s
o 27 70 e
o 43 0 e
o 39 80 s
o 31 87 e
o 37 17 n
o 38 17 s
o 32 87 e
# turn 231
o 36 17 n
o 32 0 w
o 28 11 e
o 39 6 s
o 39 17 s
o 27 71 s
o 43 1 w
o 34 2 s
o 33 0 w
o 40 80 s
o 31 0 w
o 28 70 s
# turn 232
o 29 70 e
o 35 2 s
o 35 17 s
o 33 87 w
o 43 0 w
o 41 80 s
o 31 87 w
o 40 6 w
o 28 71 e
o 28 12 s
o 32 87 w
# turn 233
o 32 86 w
o 29 71 s
o 33 86 s
o 42 80 s
o 36 17 s
o 31 86 w
o 28 72 e
o 43 87 w
o 29 12 e
o 36 2 s
o 40 5 w
# turn 234
o 32 85 s
o 43 80 s
o 37 2 s
o 28 73 e
o 43 86 w
o 34 86 w
o 29 13 s
o 37 17 s
o 31 85 w
o 30 71 s
o 40 4 s
# turn 235
o 33 85 w
o 31 71 s
o 28 74 e
o 34 85 e
o 38 2 s
o 41 4 e
o 43 85 e
o 31 84 e
o 38 17 s
o 30 13 e
# turn 236
o 33 84 w
o 43 86 s
o 28 75 s
o 30 14 s
o 39 17 w
o 32 71 e
o 34 86 e
o 39 2 e
o 41 5 e
o 31 85 e
# turn 237
o 33 83 w
o 29 75 e
o 39 3 e
o 31 14 s
o 34 87 w
o 31 86 s
o 39 16 s
o 32 72 e
o 41 6 s
o 44 86 s
# turn 238
o 33 82 w
o 39 4 e
o 45 86 s
o 32 86 s
o 32 14 s
o 42 6 w
o 29 76 s
o 34 86 s
o 32 73 s
# turn 239
o 33 81 w
o 39 5 e
o 30 76 e
o 42 5 w
o 33 86 s
o 35 86 s
o 33 14 s
o 33 73 s
o 46 86 s
# turn 240
o 33 80 w
o 42 4 s
o 34 73 w
o 34 86 s
o 36 86 w
o 34 14 w
o 39 6 e
o 30 77 w
# turn 241
o 33 79 w
o 35 86 s
o 36 85 s
o 39 7 e
o 30 76 w
o 43 4 s
o 34 72 n
o 34 13 w
# turn 242
o 33 78 w
o 36 86 s
o 37 85 w
o 30 75 w
o 44 4 e
o 33 72 e
o 39 8 e
o 34 12 s
# turn 243
o 33 77 w
o 37 86 s
o 37 84 w
o 30 74 w
o 44 5 e
o 35 12 s
o 33 73 w
o 39 9 e
# turn 244
o 33 76 w
o 38 86 s
o 37 83 s
o 30 73 w
o 44 6 e
o 33 72 s
o 36 12 w
o 39 10 e
# turn 245
o 33 75 w
o 39 86 e
o 38 83 s
o 30 72 s
o 44 7 e
o 34 72 e
o 39 11 s
o 36 11 e
# turn 246
o 33 74 w
o 39 83 s
o 31 72 w
o 44 8 e
o 36 12 n
o 34 73 e
o 40 11 e
o 39 87 n
# turn 247
o 33 73 w
o 31 71 w
o 44 9 e
o 35 12 e
o 40 12 e
o 40 83 s
o 34 74 e
o 38 87 s
# turn 248
o 44 10 e
o 35 13 e
o 31 70 e
o 40 13 n
o 34 75 e
o 33 72 e
o 41 83 s
o 39 87 n
# turn 249
o 39 13 w
o 31 71 e
o 42 83 n
o 38 87 s
o 34 76 e
o 44 11 e
o 35 14 n
o 33 73 e
# turn 250
o 39 12 w
o 31 72 e
o 44 12 e
o 34 77 e
o 31 86 s
o 41 83 s
o 33 74 e
o 34 14 e
o 39 87 n
# turn 251
o 39 11 w
o 42 83 s
o 32 86 s
o 34 78 s
o 31 73 s
o 44 13 n
o 38 87 e
o 33 75 e
# turn 252
o 39 10 n
o 33 86 s
o 33 76 e
o 38 0 e
o 32 73 s
o 43 83 n
o 35 78 e
# turn 253
o 38 10 n
o 35 79 e
o 33 77 s
o 38 1 e
o 42 83 n
o 34 86 s
o 33 73 s
# turn 254
o 37 10 w
o 34 73 e
o 35 86 s
o 34 77 s
o 38 2 s
o 35 80 s
o 41 83 n
# turn 255
o 37 9 n
o 35 77 e
o 36 80 e
o 40 83 n
o 36 86 e
o 34 74 e
o 39 2 e
# turn 256
o 39 3 n
o 36 9 s
o 34 75 s
o 36 81 s
o 39 83 e
o 36 87 w
o 35 78 e
# turn 257
o 39 84 e
o 35 79 e
o 37 9 e
o 37 81 e
o 35 75 e
o 38 3 n
o 36 86 s
# turn 258
o 39 85 e
o 35 76 w
o 37 82 s
o 37 86 s
o 35 80 w
o 37 3 s
# turn 259
o 39 86 e
o 35 75 w
o 38 82 s
o 38 86 e
o 38 3 w
o 35 79 e
# turn 260
o 39 82 w
o 38 87 e
o 38 2 s
o 35 74 n
o 35 80 s
o 39 87 w
# turn 261
o 39 81 s
o 38 0 e
o 34 74 n
o 36 80 s
o 39 86 e
o 39 2 w
# turn 262
o 40 81 s
o 38 1 e
o 33 74 w
o 37 80 s
o 39 1 e
o 39 87 n
# turn 263
o 41 81 s
o 38 2 e
o 33 73 w
o 38 80 w
o 38 87 s
o 39 2 e
# turn 264
o 38 79 s
o 39 3 w
o 42 81 s
o 38 3 w
o 33 72 e
o 39 87 n
# turn 265
o 39 79 s
o 39 2 w
o 43 81 n
o 38 2 e
o 38 87 e
o 33 73 w
# turn 266
o 40 79 s
o 39 1 n
o 42 81 n
o 38 3 s
o 38 0 w
o 33 72 n
# turn 267
o 41 79 s
o 38 1 w
o 41 81 n
o 39 3 s
o 38 87 s
o 32 72 w
# turn 268
o 42 79 s
o 38 0 w
o 40 81 n
o 40 3 s
o 32 71 e
o 39 87 w
# turn 269
o 38 87 w
o 39 81 n
o 41 3 s
o 43 79 w
o 39 86 s
o 32 72 w
# turn 270
o 38 86 n
o 38 81 n
o 42 3 w
o 40 86 s
o 32 71 e
o 43 78 w
# turn 271
o 37 86 n
o 41 86 s
o 43 77 w
o 42 2 s
o 37 81 s
o 32 72 w
# turn 272
o 36 86 w
o 42 86 w
o 38 81 s
o 43 2 e
o 32 71 n
o 31 86 n
o 43 76 w
# turn 273
o 36 85 n
o 42 85 s
o 39 81 s
o 30 86 e
o 31 71 e
o 43 75 n
o 43 3 n
# turn 274
o 35 85 n
o 43 85 s
o 40 81 s
o 30 87 e
o 31 72 s
o 42 75 e
o 42 3 n
# turn 275
o 34 85 n
o 44 85 s
o 41 81 s
o 30 0 e
o 41 3 n
o 42 76 e
o 32 72 s
# turn 276
o 33 85 w
o 42 81 s
o 30 1 n
o 42 77 n
o 40 3 e
o 33 72 s
o 45 85 e
# turn 277
o 33 84 w
o 43 81 s
o 29 1 n
o 45 86 e
o 41 77 e
o 34 72 e
o 40 4 e
# turn 278
o 33 83 w
o 44 81 s
o 28 1 e
o 45 87 e
o 41 78 w
o 34 73 w
# turn 279
o 33 82 w
o 28 2 e
o 41 77 w
o 45 81 e
o 34 72 e
o 45 0 e
# turn 280
o 33 81 w
o 28 3 e
o 41 76 w
o 45 1 e
o 34 73 w
o 45 82 e
# turn 281
o 33 80 w
o 28 4 e
o 41 75 w
o 45 2 e
o 34 72 e
o 45 83 e
# turn 282
o 33 79 w
o 28 5 e
o 34 73 w
o 45 3 e
o 41 74 n
o 45 84 s
# turn 283
o 33 78 w
o 34 72 n
o 45 4 e
o 40 74 s
o 46 84 w
o 28 6 e
# turn 284
o 33 77 w
o 41 74 s
o 46 83 w
o 45 5 e
o 33 72 s
o 28 7 s
# turn 285
o 33 76 w
o 29 7 e
o 42 74 s
o 34 72 n
o 46 82 w
o 45 6 e
# turn 286
o 33 75 w
o 29 8 s
o 43 74 n
o 33 72 e
o 45 7 n
o 46 81 e
# turn 287
o 42 74 n
o 44 7 w
o 46 82 n
o 30 8 n
o 33 73 n
o 33 74 n
# turn 288
o 41 74 e
o 44 6 w
o 29 8 e
o 45 82 e
o 32 74 e
o 32 73 n
# turn 289
o 41 75 n
o 44 5 w
o 29 9 n
o 31 73 s
o 32 75 n
o 45 83 n
# turn 290
o 44 4 n
o 28 9 n
o 32 73 e
o 31 75 e
o 40 75 n
o 44 83 e
# turn 291
o 43 4 w
o 27 9 n
o 32 74 e
o 44 84 e
o 31 76 e
o 39 75 e
# turn 292
o 32 75 e
o 44 85 n
o 39 76 e
o 43 3 n
o 26 9 e
o 31 77 e
# turn 293
o 32 76 s
o 31 78 w
o 39 77 w
o 42 3 s
o 43 85 s
# turn 294
o 33 76 e
o 31 77 w
o 39 76 s
o 43 3 e
o 44 85 s
# turn 295
o 33 77 s
o 31 76 w
o 40 76 s
o 43 4 e
o 45 85 s
# turn 296
o 34 77 e
o 31 75 w
o 41 76 s
o 46 85 s
o 43 5 e
# turn 297
o 34 78 e
o 31 74 w
o 42 76 s
o 43 6 w
o 47 85 n
# turn 298
o 34 79 s
o 31 73 w
o 43 76 s
o 43 5 n
o 46 85 w
# turn 299
o 35 79 e
o 31 72 w
o 42 5 w
o 46 84 w
o 44 76 w
# turn 300
o 35 80 s
o 31 71 w
o 42 4 n
o 46 83 w
o 44 75 s
# turn 301
o 36 80 s
o 41 4 n
o 46 82 w
o 31 70 e
o 45 75 w
# turn 302
o 37 80 e
o 40 4 w
o 46 81 n
o 45 74 w
o 31 71 w
# turn 303
o 37 81 e
o 40 3 n
o 45 81 n
o 31 70 n
o 45 73 s
# turn 304
o 37 82 e
o 39 3 n
o 44 81 n
o 46 73 n
o 30 70 w
# turn 305
o 37 83 s
o 43 81 w
o 30 69 w
o 38 3 e
o 45 73 e
# turn 306
o 43 80 n
o 30 68 w
o 38 83 w
o 38 4 e
o 31 86 e
o 45 74 s
# turn 307
o 42 80 w
o 30 67 w
o 38 82 n
o 38 5 s
o 31 87 e
o 31 86 s
o 46 74 e
# turn 308
o 42 79 n
o 30 66 w
o 37 82 n
o 39 5 s
o 31 0 e
o 32 86 e
o 46 75 w
# turn 309
o 41 79 n
o 30 65 n
o 36 82 n
o 40 5 e
o 32 87 s
o 46 74 w
o 31 1 s
# turn 310
o 40 79 w
o 29 65 n
o 35 82 n
o 40 6 e
o 33 87 s
o 46 73 n
o 32 1 n
# turn 311
o 40 78 n
o 28 65 w
o 34 82 n
o 40 7 e
o 34 87 w
o 45 73 s
o 31 1 s
# turn 312
o 39 78 n
o 33 82 n
o 32 1 s
o 34 86 n
o 28 64 w
o 40 8 e
o 46 73 w
# turn 313
o 38 78 w
o 32 82 w
o 33 1 e
o 33 86 w
o 28 63 w
o 46 72 w
o 40 9 w
o 31 86 e
# turn 314
o 38 77 n
o 32 81 n
o 33 2 s
o 33 85 n
o 28 62 w
o 46 71 w
o 40 8 w
o 31 87 e
# turn 315
o 31 81 w
o 34 2 s
o 32 85 n
o 28 61 w
o 46 70 w
o 40 7 s
o 31 0 e
o 37 77 s
# turn 316
o 28 60 w
o 46 69 n
o 41 7 s
o 38 77 s
o 35 2 s
o 31 80 s
o 31 85 s
o 31 1 s
# turn 317
o 28 59 w
o 45 69 n
o 42 7 s
o 39 77 s
o 36 2 s
o 32 1 s
o 32 85 w
o 31 86 w
o 32 80 w
# turn 318
o 28 58 n
o 44 69 n
o 43 7 s
o 40 77 w
o 37 2 s
o 33 1 w
o 32 79 s
o 32 84 s
o 31 85 w
# turn 319
o 40 76 w
o 38 2 w
o 33 79 s
o 27 58 e
o 44 7 s
o 43 69 s
o 31 84 s
o 33 0 w
o 33 84 w
# turn 320
o 40 75 w
o 38 1 w
o 34 79 s
o 45 7 w
o 27 59 e
o 33 87 w
o 32 84 w
o 44 69 s
o 31 86 s
o 33 83 s
# turn 321
o 35 79 e
o 32 86 w
o 34 83 w
o 32 83 w
o 38 0 e
o 40 74 s
o 45 6 s
o 31 86 e
o 33 86 e
o 27 60 n
# turn 322
o 35 80 e
o 32 85 n
o 32 82 w
o 31 87 e
o 33 87 s
o 38 1 w
o 34 82 w
o 26 60 n
o 41 74 e
o 46 6 w
# turn 323
o 35 81 s
o 32 81 w
o 31 0 e
o 38 0 w
o 34 81 w
o 34 87 w
o 46 5 s
o 41 75 w
o 25 60 n
o 31 85 s
# turn 324
o 36 81 e
o 32 80 w
o 38 87 w
o 34 80 s
o 32 85 e
o 34 86 s
o 24 60 n
o 41 74 s
o 31 86 e
o 47 5 e
o 31 1 n
# turn 325
o 36 82 e
o 32 79 w
o 38 86 n
o 35 80 w
o 32 86 s
o 35 86 s
o 31 87 e
o 30 1 e
o 42 74 n
o 23 60 e
o 47 6 e
# turn 326
o 36 83 s
o 32 78 w
o 37 86 w
o 35 79 w
o 33 86 s
o 36 86 e
o 31 0 e
o 30 2 n
o 23 61 n
o 41 74 e
o 47 7 n
# turn 327
o 37 83 s
o 32 77 w
o 37 85 n
o 35 78 w
o 34 86 s
o 29 2 e
o 46 7 e
o 36 87 w
o 22 61 n
o 41 75 w
o 31 1 w
# turn 328
o 32 76 w
o 36 85 n
o 35 77 w
o 29 3 e
o 38 83 s
o 35 86 n
o 21 61 n
o 41 74 e
o 36 86 e
o 31 0 e
o 46 8 n
# turn 329
o 32 75 w
o 35 85 w
o 35 76 w
o 29 4 e
o 39 83 s
o 36 87 w
o 20 61 n
o 34 86 s
o 45 8 e
o 41 75 w
o 31 1 w
# turn 330
o 32 74 w
o 35 75 w
o 29 5 n
o 40 83 s
o 36 86 w
o 35 86 w
o 19 61 s
o 35 84 s
o 41 74 e
o 45 9 e
o 31 0 e
# turn 331
o 32 73 w
o 28 5 e
o 41 83 s
o 20 61 e
o 36 84 s
o 35 74 n
o 35 85 w
o 36 85 s
o 41 75 w
o 45 10 s
o 31 1 s
# turn 332
o 32 72 w
o 28 6 e
o 42 83 s
o 20 62 s
o 37 84 s
o 34 74 n
o 35 84 w
o 37 85 e
o 32 1 n
o 46 10 s
o 41 74 n
# turn 333
o 28 7 n
o 43 83 s
o 21 62 s
o 38 84 s
o 33 74 w
o 35 83 w
o 37 86 s
o 40 74 e
o 32 71 e
o 47 10 n
o 31 1 n
# turn 334
o 27 7 n
o 44 83 s
o 22 62 s
o 39 84 e
o 33 73 n
o 35 82 w
o 38 86 e
o 30 1 e
o 46 10 s
o 40 75 w
o 32 72 w
# turn 335
o 26 7 e
o 45 83 s
o 23 62 s
o 39 85 s
o 32 73 n
o 35 81 w
o 38 87 s
o 30 2 e
o 40 74 e
o 32 71 e
o 47 10 s
# turn 336
o 26 8 e
o 46 83 s
o 24 62 e
o 40 85 s
o 31 73 n
o 35 80 n
o 30 3 e
o 40 75 e
o 48 10 s
o 32 72 e
o 39 87 w
# turn 337
o 26 9 e
o 24 63 s
o 41 85 e
o 30 73 n
o 30 4 e
o 40 76 n
o 34 80 s
o 49 10 w
o 47 83 w
o 32 73 s
o 39 86 s
# turn 338
o 26 10 e
o 25 63 s
o 41 86 e
o 29 73 w
o 30 5 e
o 39 76 e
o 35 80 s
o 49 9 n
o 47 82 s
o 31 86 n
o 33 73 e
o 40 86 w
# turn 339
o 26 63 e
o 41 87 s
o 29 72 n
o 30 6 e
o 36 80 s
o 48 9 w
o 39 77 n
o 40 85 n
o 33 74 e
# turn 340
o 26 64 e
o 42 87 s
o 28 72 w
o 30 7 s
o 37 80 s
o 48 8 n
o 39 85 e
o 38 77 n
o 33 75 e
# turn 341
o 26 65 e
o 43 87 e
o 28 71 n
o 38 80 e
o 47 8 n
o 39 86 e
o 33 76 n
o 37 77 w
o 31 7 n
# turn 342
o 26 66 e
o 27 71 n
o 38 81 e
o 46 8 n
o 39 87 n
o 37 76 n
o 32 76 e
o 43 0 w
o 30 7 n
# turn 343
o 26 67 s
o 26 71 w
o 45 8 n
o 32 77 e
o 29 7 e
o 38 82 n
o 43 87 n
o 36 76 n
o 38 87 e
# turn 344
o 27 67 s
o 26 70 w
o 32 78 e
o 35 76 n
o 37 82 n
o 38 0 w
o 31 86 n
o 42 87 w
o 44 8 w
# turn 345
o 28 67 s
o 26 69 w
o 32 79 e
o 36 82 s
o 44 7 w
o 38 87 s
o 34 76 s
o 42 86 e
# turn 346
o 29 67 s
o 26 68 n
o 32 80 s
o 37 82 s
o 44 6 n
o 35 76 s
o 42 87 s
o 39 87 w
# turn 347
o 30 67 s
o 25 68 w
o 33 80 e
o 38 82 s
o 43 6 n
o 43 87 e
o 39 86 w
o 36 76 n
# turn 348
o 31 67 s
o 33 81 e
o 39 82 e
o 42 6 n
o 39 85 n
o 43 0 e
o 35 76 e
o 25 67 s
# turn 349
o 33 82 s
o 39 83 s
o 41 6 w
o 38 85 n
o 43 1 e
o 35 77 n
o 26 67 e
o 31 86 n
o 32 67 n
# turn 350
o 34 82 e
o 41 5 n
o 37 85 w
o 43 2 e
o 40 83 s
o 34 77 e
o 31 86 e
o 31 67 w
o 26 68 n
# turn 351
o 34 83 s
o 40 5 n
o 37 84 w
o 43 3 n
o 41 83 s
o 34 78 e
o 31 87 e
o 25 68 w
o 31 66 s
# turn 352
o 35 83 e
o 39 5 w
o 37 83 n
o 42 3 e
o 42 83 s
o 34 79 s
o 31 0 e
o 25 67 w
o 32 66 e
# turn 353
o 35 84 e
o 39 4 n
o 36 83 w
o 42 4 e
o 43 83 s
o 35 79 e
o 25 66 s
o 32 67 e
o 31 1 w
# turn 354
o 35 85 e
o 38 4 w
o 36 82 n
o 42 5 e
o 35 80 s
o 32 68 s
o 26 66 n
o 31 0 e
o 44 83 s # not player ant
# turn 355
o 35 86 s
o 38 3 n
o 35 82 n
o 42 6 e
o 36 80 s
o 33 68 e
o 25 66 n
o 31 1 w
o 45 83 e # not player ant
# turn 356
o 37 3 n
o 34 82 w
o 42 7 n
o 37 80 s
o 33 69 s
o 36 86 s
o 31 0 w
o 24 66 e
o 45 84 s # not player ant
# turn 357
o 36 3 n
o 34 81 w
o 41 7 n
o 38 80 s
o 24 67 s
o 31 87 w
o 37 86 s
o 34 69 w
o 46 84 s # not player ant
# turn 358
o 35 3 w
o 34 80 w
o 40 7 e
o 31 86 s
o 39 80 e
o 38 86 s
o 25 67 s
o 34 68 s
# turn 359
o 35 2 n
o 34 79 w
o 40 8 n
o 32 86 e
o 39 81 e
o 26 67 e
o 31 86 w
o 39 86 w
o 35 68 s
# turn 360
o 34 2 n
o 34 78 w
o 39 8 n
o 32 87 e
o 39 82 n
o 36 68 w
o 26 68 s
o 39 85 e
o 31 85 s
# turn 361
o 33 2 w
o 38 8 n
o 32 0 s
o 38 82 n
o 32 85 s
o 34 77 s
o 27 68 e
o 39 86 w
# turn 362
o 33 1 n
o 37 82 e
o 33 85 s
o 39 85 s
o 35 77 e
o 27 69 e
o 33 0 w
o 37 8 e
# turn 363
o 32 1 n
o 37 83 n
o 34 85 e
o 37 9 n
o 33 87 n
o 40 85 s
o 27 70 n
o 31 86 n
o 35 78 e
# turn 364
o 36 83 e
o 34 86 e
o 35 79 e
o 36 9 e
o 41 85 s
o 30 86 w
o 26 70 e
o 32 87 w
o 31 1 w
# turn 365
o 32 86 n
o 30 85 n
o 36 10 n
o 34 87 n
o 35 80 e
o 26 71 n
o 36 84 e
o 31 0 w
# turn 366
o 33 87 n
o 35 10 s
o 29 85 n
o 25 71 e
o 31 86 w
o 31 87 n
o 36 85 n
o 35 81 s
# turn 367
o 30 87 s
o 36 81 s
o 35 85 w
o 25 72 s
o 31 85 w
o 32 87 s
# turn 368
o 33 87 s
o 37 81 s
o 35 84 s
o 26 72 e
o 31 87 w
o 31 84 w
# turn 369
o 31 83 w
o 26 73 e
o 34 87 w
o 31 86 n
o 38 81 w
o 36 84 s
# turn 370
o 31 82 w
o 30 86 n
o 37 84 n
o 34 86 n
o 26 74 n
# turn 371
o 31 81 w
o 25 74 e
o 33 86 n
o 29 86 w
o 36 84 n
# turn 372
o 31 80 s
o 32 86 w
o 25 75 e
o 35 84 n
o 29 85 w
# turn 373
o 32 80 w
o 32 85 n
o 25 76 e
o 34 84 n
# turn 374
o 32 79 w
o 33 84 n
o 25 77 e
o 31 85 n
# turn 375
o 32 78 w
o 30 85 n
o 32 84 n
o 25 78 s
# turn 376
o 32 77 w
o 26 78 e
o 29 85 n
o 31 84 n
# turn 377
o 32 76 s
o 26 79 e
o 30 84 n
# turn 378
o 33 76 w
o 26 80 e
o 29 84 n
# turn 379
o 33 75 s
o 26 81 n
# turn 380
o 34 75 w
o 25 81 e
# turn 381
o 34 74 w
o 25 82 e
# turn 382
o 34 73 w
# turn 383
o 34 72 n
