# turn 1
o 20 53 s
# turn 2
o 21 53 w
# turn 3
o 21 52 w
# turn 4
# turn 5
o 20 53 e
o 21 51 e
# turn 6
o 21 52 e
o 20 54 s
# turn 7
o 21 54 s
o 21 53 s
# turn 8
o 22 53 s
o 22 54 e
# turn 9
o 23 53 e
o 22 55 e
# turn 10
o 22 56 e
# turn 11
o 22 57 s
# turn 12
o 23 57 s
# turn 13
o 24 57 s
# turn 14
# turn 15
# turn 16
# turn 17
# turn 18
# turn 19
# turn 20
# turn 21
# turn 22
# turn 23
# turn 24
# turn 25
# turn 26
# turn 27
# turn 28
# turn 29
# turn 30
# turn 31
# turn 32
# turn 33
# turn 34
# turn 35
# turn 36
# turn 37
# turn 38
# turn 39
# turn 40
# turn 41
# turn 42
# turn 43
# turn 44
# turn 45
# turn 46
# turn 47
# turn 48
# turn 49
# turn 50
# turn 51
# turn 52
# turn 53
# turn 54
# turn 55
o 20 53 e
o 23 54 n
o 25 57 n
# turn 56
o 24 57 e
o 20 54 e
o 22 54 s
# turn 57
o 20 55 e
o 24 58 e
# turn 58
o 24 59 e
o 20 56 s
# turn 59
# turn 60
# turn 61
# turn 62
# turn 63
# turn 64
# turn 65
# turn 66
# turn 67
# turn 68
# turn 69
# turn 70
# turn 71
# turn 72
o 23 54 w
o 21 56 s
# turn 73
o 23 53 s
o 22 56 w
# turn 74
o 24 53 s
o 22 55 w
# turn 75
o 25 53 s
o 22 54 s
# turn 76
# turn 77
# turn 78
# turn 79
# turn 80
# turn 81
# turn 82
# turn 83
# turn 84
# turn 85
# turn 86
# turn 87
# turn 88
# turn 89
o 23 54 n
# turn 90
o 22 54 e
# turn 91
o 22 55 e
# turn 92
o 22 56 e
# turn 93
# turn 94
# turn 95
# turn 96
# turn 97
# turn 98
