# turn 1
o 86 75 n
# turn 2
o 85 75 w
# turn 3
o 85 74 w
# turn 4
o 85 73 s
# turn 5
o 86 73 s
# turn 6
o 87 73 s
# turn 7
o 86 75 n
o 0 73 e
# turn 8
o 0 74 e
o 85 75 n
# turn 9
o 0 75 e
o 84 75 s
# turn 10
o 0 76 e
o 85 75 e
# turn 11
o 0 77 e
o 85 76 s
# turn 12
o 0 78 e
o 86 76 s
# turn 13
o 0 79 s
o 87 76 e
# turn 14
o 1 79 s
o 87 77 s
# turn 15
o 2 79 e
o 0 77 e
# turn 16
o 2 80 e
o 0 78 n
# turn 17
o 86 75 n
o 2 81 s
o 87 78 n
# turn 18
o 85 75 n
o 3 81 s
o 86 78 n
# turn 19
o 84 75 n
o 85 78 n
o 4 81 s
# turn 20
o 84 78 n
o 83 75 n
o 5 81 s
# turn 21
o 6 81 s
o 83 78 s
o 82 75 s
# turn 22
o 7 81 e
o 84 78 s
o 83 75 s
# turn 23
o 7 82 s
o 85 78 s
o 84 75 s
# turn 24
o 8 82 e
o 86 78 s
o 85 75 n
# turn 25
o 8 83 e
o 87 78 s
o 84 75 s
# turn 26
o 8 84 s
o 0 78 e
o 85 75 n
# turn 27
o 9 84 s
o 0 79 s
o 84 75 s
# turn 28
o 10 84 s
o 1 79 s
o 85 75 n
# turn 29
o 84 75 n
o 2 79 s
# turn 30
o 83 75 n
o 3 79 s
# turn 31
o 4 79 s
o 82 75 n
# turn 32
o 81 75 n
o 5 79 n
# turn 33
o 80 75 n
o 4 79 n
# turn 34
o 79 75 n
o 3 79 n
# turn 35
o 78 75 n
o 2 79 n
# turn 36
o 77 75 e
o 1 79 n
# turn 37
o 77 76 n
o 0 79 w
# turn 38
o 76 76 e
o 0 78 n
# turn 39
o 76 77 e
o 87 78 n
# turn 40
o 76 78 w
o 86 78 n
# turn 41
o 86 75 n
o 76 77 w
o 85 78 n
# turn 42
o 76 76 w
o 85 75 n
o 84 78 n
# turn 43
o 76 75 w
o 84 75 n
o 83 78 n
# turn 44
o 76 74 n
o 82 78 e
o 83 75 n
# turn 45
o 75 74 w
o 82 79 e
o 82 75 n
# turn 46
o 75 73 n
o 82 80 e
o 81 75 n
# turn 47
o 74 73 w
o 82 81 n
o 80 75 n
# turn 48
o 74 72 e
o 81 81 e
o 79 75 n
# turn 49
o 86 75 n
o 78 75 n
o 74 73 n
o 81 82 e
# turn 50
o 73 73 s
o 77 75 n
o 81 83 n
o 85 75 n
# turn 51
o 80 83 n
o 74 73 n
o 76 75 w
o 84 75 n
# turn 52
o 86 75 n
o 79 83 e
o 73 73 n
o 76 74 n
o 83 75 n
# turn 53
o 72 73 n
o 79 84 e
o 75 74 n
o 82 75 n
o 85 75 e
# turn 54
o 86 75 n
o 71 73 n
o 79 85 s
o 74 74 n
o 81 75 n
o 85 76 e
# turn 55
o 70 73 w
o 80 85 e
o 73 74 n
o 85 77 e
o 80 75 n
o 85 75 e
# turn 56
o 70 72 w
o 80 86 e
o 72 74 n
o 85 78 e
o 79 75 n
o 85 76 e
# turn 57
o 80 87 s
o 70 71 s
o 71 74 n
o 85 79 e
o 78 75 w
o 85 77 e
# turn 58
o 86 75 n
o 81 87 s
o 71 71 s
o 70 74 n
o 85 80 e
o 78 74 n
o 85 78 e
# turn 59
o 82 87 s
o 69 74 n
o 85 81 e
o 77 74 w
o 85 79 e
o 72 71 n
o 85 75 e
# turn 60
o 86 75 n
o 83 87 w
o 68 74 n
o 71 71 s
o 85 82 e
o 77 73 n
o 85 80 e
o 85 76 e
# turn 61
o 67 74 e
o 72 71 w
o 76 73 w
o 83 86 w
o 85 81 e
o 85 77 e
o 85 83 e
o 85 75 e
# turn 62
o 86 75 n
o 72 70 s
o 76 72 n
o 85 84 s
o 85 82 e
o 83 85 s
o 67 75 w
o 85 78 e
o 85 76 e
# turn 63
o 86 75 e
o 86 84 s
o 85 83 s
o 84 85 n
o 85 79 w
o 85 75 e
o 75 72 s
o 73 70 s
o 67 74 s
o 85 77 n
# turn 64
o 86 75 n
o 87 84 s
o 86 83 e
o 83 85 n
o 85 78 e
o 84 77 e
o 86 76 e
o 76 72 e
o 74 70 s
o 68 74 s
# turn 65
o 0 84 e
o 86 84 s
o 82 85 s
o 85 79 e
o 84 78 e
o 86 77 e
o 85 75 n
o 76 73 s
o 69 74 s
o 75 70 s
# turn 66
o 0 85 s
o 87 84 s
o 83 85 s
o 85 80 e
o 86 78 s
o 84 79 e
o 84 75 s
o 77 73 e
o 76 70 s
o 70 74 s
# turn 67
o 77 74 s
o 85 75 w
o 0 84 s
o 87 78 s
o 1 85 s
o 71 74 n
o 84 80 s
o 85 81 e
o 77 70 s
o 84 85 s
# turn 68
o 86 75 n
o 1 84 s
o 2 85 s
o 70 74 e
o 78 74 s
o 85 82 e
o 0 78 w
o 78 70 s
o 85 80 e
o 85 85 n
# turn 69
o 79 70 s
o 85 75 n
o 79 74 w
o 0 77 w
o 85 81 w
o 70 75 s
o 85 83 w
o 2 84 w
o 84 85 w
# turn 70
o 80 70 w
o 79 73 w
o 84 75 w
o 0 76 w
o 85 80 w
o 71 75 s
o 85 82 w
o 2 83 w
o 84 84 w
# turn 71
o 80 69 w
o 79 72 w
o 84 74 w
o 0 75 w
o 85 79 w
o 72 75 s
o 85 81 w
o 84 83 w
o 2 82 w
# turn 72
o 80 68 s
o 79 71 w
o 84 73 s
o 0 74 w
o 85 78 w
o 73 75 s
o 85 80 w
o 84 82 w
o 2 81 w
# turn 73
o 74 75 w
o 81 68 w
o 79 70 s
o 85 73 w
o 0 73 w
o 85 77 n
o 85 79 n
o 84 81 w
o 2 80 w
# turn 74
o 74 74 s
o 81 67 s
o 80 70 n
o 85 72 s
o 0 72 w
o 84 77 n
o 84 79 n
o 84 80 n
o 2 79 n
# turn 75
o 75 74 s
o 82 67 w
o 79 70 n
o 0 71 w
o 86 72 w
o 83 77 n
o 83 79 w
o 83 80 n
o 1 79 n
# turn 76
o 76 74 w
o 82 66 s
o 78 70 e
o 86 71 w
o 0 70 w
o 83 78 n
o 82 80 w
o 82 77 w
o 0 79 w
# turn 77
o 83 66 w
o 86 70 w
o 0 69 w
o 78 71 s
o 82 76 w
o 76 73 s
o 82 78 w
o 0 78 w
o 82 79 s
# turn 78
o 86 75 n
o 0 68 s
o 77 73 n
o 83 65 w
o 82 77 n
o 83 79 n
o 86 69 s
o 0 77 w
o 79 71 n
o 82 75 n
# turn 79
o 86 75 e
o 85 75 n
o 76 73 e
o 1 68 s
o 83 64 n
o 81 75 n
o 0 76 s
o 87 69 s
o 82 79 n
o 78 71 w
o 81 77 n
# turn 80
o 0 69 s
o 86 76 s
o 76 74 n
o 84 75 s
o 2 68 w
o 82 64 n
o 1 76 w
o 78 70 n
o 80 75 n
o 81 79 n
o 80 77 n
# turn 81
o 85 75 n
o 1 69 s
o 81 64 n
o 2 67 w
o 79 77 n
o 79 75 n
o 75 74 n
o 77 70 n
o 1 75 s
o 80 79 e
# turn 82
o 80 80 n
o 78 77 n
o 80 64 n
o 2 66 w
o 84 75 s
o 2 69 s
o 78 75 n
o 2 75 s
o 74 74 n
o 76 70 n
# turn 83
o 85 75 n
o 75 70 n
o 2 65 s
o 77 75 n
o 3 69 s
o 77 77 n
o 73 74 n
o 3 75 s
o 79 64 n
o 79 80 n
# turn 84
o 74 70 n
o 84 75 s
o 3 65 s
o 76 75 n
o 76 77 n
o 4 75 s
o 4 69 s
o 72 74 n
o 78 64 n
o 78 80 n
# turn 85
o 85 75 n
o 71 74 n
o 73 70 n
o 5 75 s
o 77 64 n
o 5 69 s
o 77 80 n
o 75 77 n
o 4 65 s
o 75 75 n
# turn 86
o 84 75 n
o 6 75 s
o 72 70 n
o 70 74 n
o 76 64 n
o 74 77 n
o 76 80 n
o 6 69 s
o 5 65 s
o 74 75 n
# turn 87
o 6 65 s
o 7 69 s
o 7 75 s
o 83 75 s
o 75 64 s
o 75 80 s
o 73 75 s
o 73 77 s
o 71 70 s
o 69 74 s
# turn 88
o 7 65 s
o 8 69 s
o 8 75 s
o 84 75 s
o 76 64 s
o 76 80 s
o 74 75 s
o 74 77 s
o 72 70 s
o 70 74 s
# turn 89
o 8 65 s
o 9 69 s
o 77 64 w
o 9 75 s
o 73 70 s
o 71 74 w
o 75 75 w
o 85 75 n
o 75 77 w
o 77 80 s
# turn 90
o 10 69 s
o 9 65 s
o 77 63 w
o 10 75 w
o 74 70 w
o 75 74 s
o 71 73 w
o 75 76 w
o 84 75 w
o 78 80 n
# turn 91
o 11 69 s
o 10 65 w
o 77 62 s
o 10 74 s
o 74 69 w
o 71 72 w
o 76 74 w
o 75 75 w
o 84 74 w
o 77 80 s
# turn 92
o 12 69 s
o 10 64 s
o 78 62 w
o 11 74 w
o 74 68 w
o 71 71 w
o 76 73 s
o 75 74 s
o 84 73 n
o 78 80 n
# turn 93
o 13 69 e
o 11 64 s
o 78 61 w
o 11 73 s
o 74 67 w
o 71 70 w
o 77 73 w
o 76 74 s
o 83 73 n
o 77 80 s
# turn 94
o 12 64 w
o 78 60 w
o 13 70 w
o 74 66 w
o 71 69 w
o 77 72 s
o 82 73 w
o 77 74 w
o 78 80 n
# turn 95
o 86 75 n
o 78 59 n
o 13 69 s
o 12 63 s
o 74 65 w
o 71 68 w
o 78 72 w
o 82 72 w
o 77 73 e
o 77 80 s
# turn 96
o 86 75 e
o 14 69 w
o 13 63 e
o 85 75 n
o 82 71 w
o 78 71 s
o 77 59 s
o 77 74 s
o 78 80 s
o 74 64 s
o 71 67 s
# turn 97
o 86 75 n
o 14 68 w
o 13 64 s
o 86 76 e
o 84 75 w
o 82 70 w
o 79 71 s
o 78 59 s
o 78 74 s
o 79 80 s
o 75 64 s
o 72 67 s
# turn 98
o 14 67 s
o 14 64 s
o 86 77 s
o 84 74 w
o 82 69 s
o 80 71 s
o 79 59 s
o 79 74 s
o 80 80 s
o 76 64 s
o 73 67 s
o 85 75 n
# turn 99
o 15 67 s
o 15 64 e
o 83 69 s
o 81 71 s
o 84 75 s
o 87 77 s
o 80 59 s
o 80 74 s
o 77 64 s
o 74 67 s
o 81 80 w
o 84 73 s
# turn 100
o 15 65 s
o 16 67 s
o 84 69 s
o 85 73 w
o 82 71 w
o 81 59 s
o 0 77 w
o 78 64 s
o 81 74 w
o 81 79 w
o 75 67 s
o 85 75 n
# turn 101
o 86 75 n
o 16 65 s
o 17 67 w
o 85 69 s
o 85 72 s
o 82 70 w
o 82 59 s
o 0 76 w
o 79 64 s
o 84 75 w
o 81 73 s
o 76 67 s
o 81 78 w
# turn 102
o 17 65 w
o 17 66 e
o 86 69 s
o 86 72 w
o 82 69 s
o 0 75 w
o 83 59 e
o 84 74 w
o 82 73 w
o 77 67 s
o 81 77 w
o 80 64 s
o 85 75 n
# turn 103
o 87 69 w
o 86 71 w
o 83 69 s
o 0 74 w
o 81 64 s
o 83 60 s
o 84 73 s
o 82 72 w
o 84 75 s
o 78 67 s
o 81 76 w
o 17 67 n
o 17 64 n
# turn 104
o 86 75 e
o 87 68 s
o 86 70 w
o 84 69 s
o 0 73 w
o 82 64 s
o 84 60 e
o 85 73 w
o 82 71 w
o 85 75 n
o 79 67 s
o 81 75 w
o 16 67 n
o 16 64 n
# turn 105
o 0 68 w
o 86 69 s
o 85 69 w
o 0 72 w
o 83 64 s
o 84 61 e
o 85 72 s
o 82 70 w
o 80 67 s
o 84 75 w
o 81 74 w
o 15 67 n
o 15 64 n
o 86 76 e
# turn 106
o 0 67 s
o 87 69 w
o 85 68 s
o 0 71 w
o 84 64 s
o 84 62 s
o 86 72 w
o 82 69 s
o 81 67 s
o 84 74 w
o 81 73 s
o 86 77 w
o 14 67 n
o 14 64 n
# turn 107
o 84 73 s
o 86 76 e
o 85 62 s
o 0 70 s
o 82 67 s
o 86 68 w
o 86 71 s
o 82 73 n
o 13 67 s
o 13 64 s
o 83 69 s
o 1 67 s
o 85 64 s
o 87 68 s
# turn 108
o 86 75 n
o 86 77 s
o 0 68 s
o 2 67 w
o 84 69 s
o 86 64 s
o 86 67 s
o 1 70 s
o 85 73 s
o 86 62 s
o 83 67 s
o 87 71 s
o 14 64 s
o 81 73 n
o 14 67 s
# turn 109
o 2 66 w
o 0 71 s
o 86 73 s
o 87 62 s
o 2 70 s
o 80 73 n
o 15 67 s
o 84 67 s
o 15 64 s
o 85 75 n
o 87 77 s
o 1 68 s
o 87 67 s
o 85 69 s
o 87 64 s
# turn 110
o 2 65 s
o 84 75 n
o 2 68 w
o 0 64 s
o 16 64 w
o 16 67 s
o 79 73 n
o 0 67 s
o 86 69 s
o 0 77 e
o 1 71 s
o 3 70 s
o 87 73 s
o 85 67 s
o 0 62 s
# turn 111
o 2 67 w
o 2 71 s
o 4 70 s
o 0 78 e
o 0 73 s
o 86 67 s
o 1 62 w
o 3 65 s
o 17 67 s
o 78 73 n
o 1 67 n
o 1 64 s
o 87 69 s
o 83 75 n
o 16 63 s
# turn 112
o 2 64 w
o 0 69 s
o 18 67 e
o 2 66 w
o 77 73 n
o 0 67 s
o 0 79 s
o 1 61 n
o 4 65 s
o 82 75 n
o 17 63 s
o 3 71 s
o 5 70 s
o 87 67 w
o 1 73 s
# turn 113
o 2 65 s
o 18 68 s
o 2 73 s
o 4 71 s
o 6 70 s
o 76 73 e
o 1 69 s
o 1 67 s
o 81 75 n
o 2 63 n
o 18 63 s
o 1 79 s
o 87 66 s
o 5 65 s
# turn 114
o 19 63 w
o 19 68 s
o 6 65 s
o 7 70 s
o 5 71 s
o 3 65 s
o 2 67 n
o 2 69 s
o 3 73 s
o 0 66 e
o 80 75 s
o 76 74 s
# turn 115
o 19 62 s
o 20 68 e
o 7 65 s
o 8 70 s
o 6 71 s
o 3 69 s
o 4 73 s
o 1 67 s
o 0 67 w
o 81 75 s
o 77 74 s
o 4 65 s
# turn 116
o 20 62 s
o 20 69 s
o 8 65 s
o 9 70 s
o 5 65 s
o 7 71 s
o 4 69 s
o 5 73 s
o 2 67 w
o 82 75 s
o 78 74 s
# turn 117
o 21 62 s
o 21 69 s
o 9 65 s
o 10 70 s
o 6 65 s
o 8 71 s
o 5 69 s
o 6 73 w
o 2 66 w
o 83 75 s
o 79 74 s
# turn 118
o 22 62 s
o 10 65 s
o 7 65 s
o 9 71 s
o 6 69 s
o 6 72 s
o 84 75 s
o 80 74 s
# turn 119
o 23 62 s
o 11 65 s
o 8 65 s
o 10 71 s
o 7 69 s
o 7 72 s
o 81 74 s
o 85 75 n
# turn 120
o 8 69 s
o 84 75 n
o 9 65 w
o 8 72 s
o 24 62 s
o 12 65 n
o 82 74 n
# turn 121
o 9 72 n
o 9 69 n
o 83 75 s
o 9 64 e
o 11 65 e
o 81 74 s
# turn 122
o 8 72 n
o 8 69 e
o 84 75 s
o 9 65 e
o 11 66 e
o 82 74 s
# turn 123
o 7 72 n
o 8 70 n
o 9 66 e
o 83 74 s
o 11 67 n
o 85 75 n
# turn 124
o 6 72 n
o 7 70 e
o 9 67 e
o 84 74 w
o 84 75 s
o 10 67 e
# turn 125
o 5 72 e
o 7 71 n
o 9 68 e
o 10 68 e
o 84 73 s
o 85 75 n
# turn 126
o 85 73 n
o 84 75 n
o 9 69 e
o 10 69 s
o 5 73 s
o 6 71 s
# turn 127
o 86 75 n
o 9 70 s
o 84 73 n
o 11 69 s
o 83 75 n
o 7 71 s
# turn 128
o 85 75 n
o 8 71 s
o 10 70 s
o 12 69 s
o 83 73 n
o 82 75 n
# turn 129
o 9 71 s
o 84 75 n
o 11 70 s
o 81 75 n
o 13 69 s
o 82 73 n
# turn 130
o 10 71 s
o 12 70 s
o 81 73 n
o 80 75 n
o 83 75 n
o 14 69 s
# turn 131
o 11 71 s
o 79 75 n
o 80 73 n
o 82 75 n
# turn 132
o 78 75 n
o 79 73 n
o 81 75 n
o 12 71 s
# turn 133
o 77 75 n
o 78 73 n
o 13 71 s
o 80 75 n
# turn 134
o 76 75 n
o 77 73 n
o 79 75 n
o 14 71 s
# turn 135
o 76 73 e
o 78 75 n
o 15 71 s
o 75 75 n
# turn 136
o 77 75 n
o 76 74 n
o 16 71 s
o 74 75 n
# turn 137
o 17 71 n
o 76 75 s
o 75 74 s
o 73 75 s
# turn 138
o 16 71 n
o 77 75 s
o 76 74 s
o 74 75 s
# turn 139
o 15 71 n
o 78 75 s
o 77 74 s
o 75 75 s
# turn 140
o 14 71 n
o 79 75 s
o 78 74 s
o 76 75 s
# turn 141
o 13 71 n
o 80 75 s
o 79 74 s
o 77 75 s
# turn 142
o 12 71 n
o 81 75 s
o 80 74 s
o 78 75 s
# turn 143
o 11 71 n
o 82 75 s
o 81 74 s
o 79 75 s
# turn 144
o 10 71 n
o 83 75 s
o 82 74 s
o 80 75 s
# turn 145
o 9 71 n
o 84 75 w
o 81 75 s
o 83 74 n
# turn 146
o 8 71 n
o 84 74 w
o 82 74 s
o 82 75 s
# turn 147
o 7 71 n
o 84 73 s
o 83 74 s
o 83 75 n
# turn 148
o 6 71 n
o 85 73 s
o 84 74 e
o 82 75 s
# turn 149
o 5 71 n
o 86 73 s
o 84 75 w
o 83 75 w
# turn 150
o 4 71 n
o 87 73 s
o 84 74 w
o 83 74 w
# turn 151
o 3 71 w
o 0 73 w
o 84 73 s
o 83 73 e
# turn 152
o 3 70 w
o 0 72 w
o 85 73 s
o 83 74 s
# turn 153
o 0 71 s
o 84 74 n
o 86 73 s
o 3 69 s
# turn 154
o 86 75 n
o 1 71 s
o 87 73 s
o 4 69 s
o 83 74 n
# turn 155
o 85 75 n
o 2 71 s
o 5 69 s
o 0 73 s
o 82 74 n
# turn 156
o 84 75 n
o 3 71 s
o 81 74 n
o 6 69 s
# turn 157
o 4 71 s
o 80 74 n
o 83 75 n
o 7 69 w
# turn 158
o 79 74 n
o 5 71 s
o 7 68 w
o 82 75 n
# turn 159
o 78 74 w
o 81 75 w
o 6 71 n
o 7 67 n
# turn 160
o 78 73 w
o 81 74 n
o 5 71 n
o 6 67 n
# turn 161
o 78 72 w
o 80 74 n
o 4 71 n
o 5 67 e
# turn 162
o 78 71 w
o 79 74 w
o 3 71 n
o 5 68 e
# turn 163
o 78 70 n
o 79 73 n
o 2 71 n
o 5 69 n
# turn 164
o 77 70 n
o 78 73 w
o 1 71 n
o 4 69 n
# turn 165
o 76 70 n
o 78 72 w
o 0 71 n
o 3 69 e
# turn 166
o 75 70 w
o 78 71 w
o 87 71 n
o 3 70 n
# turn 167
o 75 69 n
o 78 70 n
o 86 71 w
o 2 70 n
# turn 168
o 1 70 s
o 74 69 e
o 86 70 s
o 77 70 n
# turn 169
o 86 75 n
o 74 70 n
o 2 70 s
o 87 70 s
o 76 70 n
# turn 170
o 73 70 n
o 75 70 n
o 85 75 n
o 0 70 n
o 3 70 n
# turn 171
o 72 70 n
o 74 70 n
o 84 75 n
o 87 70 n
o 2 70 n
# turn 172
o 71 70 n
o 73 70 n
o 83 75 n
o 86 70 w
o 1 70 n
# turn 173
o 70 70 w
o 72 70 n
o 82 75 n
o 86 69 n
o 0 70 n
# turn 174
o 70 69 e
o 81 75 n
o 85 69 n
o 87 70 n
o 71 70 w
# turn 175
o 70 70 w
o 80 75 n
o 84 69 n
o 86 70 w
o 71 69 w
# turn 176
o 70 69 s
o 71 68 n
o 79 75 n
o 83 69 n
o 86 69 n
# turn 177
o 70 68 n
o 71 69 n
o 78 75 n
o 82 69 n
o 85 69 n
# turn 178
o 69 68 n
o 70 69 s
o 77 75 n
o 81 69 n
o 84 69 n
# turn 179
o 68 68 n
o 71 69 n
o 76 75 n
o 80 69 n
o 83 69 n
# turn 180
o 70 69 s
o 75 75 n
o 79 69 n
o 82 69 n
# turn 181
o 71 69 n
o 74 75 n
o 78 69 n
o 81 69 n
# turn 182
o 70 69 s
o 73 75 n
o 77 69 n
o 80 69 n
# turn 183
o 71 69 n
o 72 75 e
o 76 69 n
o 79 69 n
# turn 184
o 70 69 s
o 72 76 n
o 75 69 n
o 78 69 n
# turn 185
o 71 76 e
o 77 69 s
o 74 69 s
o 71 69 e
# turn 186
o 71 77 e
o 78 69 s
o 75 69 s
o 71 70 e
# turn 187
o 71 78 n
o 79 69 s
o 76 69 s
o 71 71 e
# turn 188
o 70 78 n
o 80 69 s
o 77 69 s
o 71 72 e
# turn 189
o 69 78 e
o 81 69 e
o 78 69 s
o 71 73 w
# turn 190
o 69 79 n
o 81 70 s
o 79 69 s
o 71 72 e
# turn 191
o 82 70 e
o 80 69 s
o 71 73 s
o 68 79 s
# turn 192
o 86 75 n
o 81 69 e
o 72 73 s
o 69 79 w
o 82 71 n
# turn 193
o 85 75 n
o 81 71 s
o 81 70 s
o 73 73 e
o 69 78 s
# turn 194
o 84 75 w
o 82 71 e
o 82 70 n
o 73 74 s
o 70 78 s
# turn 195
o 84 74 e
o 82 72 w
o 81 70 s
o 74 74 s
o 71 78 s
# turn 196
o 86 75 n
o 84 75 w
o 82 71 n
o 82 70 w
o 75 74 s
o 72 78 s
# turn 197
o 84 74 n
o 82 69 s
o 81 71 w
o 76 74 s
o 73 78 s
o 85 75 n
# turn 198
o 83 69 s
o 84 75 s
o 83 74 w
o 81 70 s
o 77 74 s
o 74 78 w
# turn 199
o 84 69 s
o 83 73 n
o 82 70 w
o 78 74 s
o 74 77 s
o 85 75 n
# turn 200
o 85 69 s
o 84 75 s
o 82 73 w
o 79 74 s
o 82 69 n
# turn 201
o 86 69 s
o 82 72 w
o 81 69 s
o 80 74 s
o 85 75 n
# turn 202
o 87 69 s
o 84 75 s
o 82 71 n
o 82 69 s
o 81 74 s
# turn 203
o 0 69 e
o 83 69 s
o 82 74 s
o 81 71 w
o 85 75 n
# turn 204
o 0 70 e
o 84 69 s
o 84 75 s
o 83 74 w
o 81 70 s
# turn 205
o 85 75 n
o 0 71 w
o 82 70 n
o 83 73 n
o 85 69 s
# turn 206
o 86 75 n
o 0 70 s
o 84 75 n
o 81 70 n
o 86 69 s
o 82 73 n
# turn 207
o 1 70 s
o 85 75 n
o 80 70 n
o 81 73 n
o 87 69 s
o 83 75 n
# turn 208
o 0 69 s
o 84 75 n
o 2 70 s
o 79 70 n
o 80 73 n
o 82 75 n
# turn 209
o 1 69 w
o 3 70 s
o 79 73 n
o 81 75 n
o 78 70 n
o 83 75 n
# turn 210
o 4 70 w
o 1 68 s
o 82 75 s
o 80 75 s
o 77 70 s
o 78 73 s
# turn 211
o 4 69 s
o 2 68 w
o 83 75 s
o 81 75 s
o 78 70 s
o 79 73 s
# turn 212
o 5 69 w
o 2 67 w
o 84 75 s
o 82 75 s
o 79 70 s
o 80 73 s
# turn 213
o 5 68 w
o 2 66 w
o 83 75 s
o 80 70 s
o 81 73 s
# turn 214
o 5 67 s
o 2 65 s
o 81 70 s
o 84 75 w
o 82 73 w
# turn 215
o 6 67 w
o 3 65 s
o 82 70 w
o 84 74 n
o 82 72 w
o 85 75 n
# turn 216
o 6 66 s
o 4 65 s
o 82 69 s
o 82 71 w
o 84 75 s
o 83 74 w
# turn 217
o 7 66 e
o 5 65 e
o 83 69 s
o 82 70 w
o 83 73 n
o 85 75 n
# turn 218
o 7 67 w
o 5 66 s
o 84 69 s
o 82 69 s
o 84 75 s
o 82 73 w
# turn 219
o 86 75 e
o 7 66 w
o 6 66 w
o 85 69 s
o 83 69 s
o 85 75 n
o 82 72 w
# turn 220
o 7 65 w
o 6 65 w
o 86 69 s
o 84 69 s
o 82 71 w
o 84 75 s
o 86 76 e
# turn 221
o 85 75 n
o 86 77 s
o 82 70 n
o 6 64 e
o 7 64 w
o 87 69 s
o 85 69 s
# turn 222
o 86 75 n
o 0 69 s
o 87 77 s
o 7 63 s
o 84 75 n
o 81 70 n
o 86 69 s
o 6 65 w
# turn 223
o 85 75 n
o 1 69 w
o 80 70 n
o 6 64 s
o 0 77 e
o 87 69 s
o 83 75 n
o 8 63 n
# turn 224
o 0 69 s
o 1 68 s
o 7 63 s
o 84 75 n
o 79 70 n
o 7 64 n
o 0 78 e
o 82 75 n
# turn 225
o 78 70 w
o 0 79 s
o 81 75 w
o 83 75 s
o 1 69 e
o 2 68 n
o 6 64 e
o 8 63 n
# turn 226
o 78 69 n
o 1 79 s
o 81 74 w
o 84 75 s
o 1 70 s
o 1 68 n
o 6 65 e
o 7 63 e
# turn 227
o 77 69 w
o 2 79 e
o 81 73 w
o 2 70 e
o 0 68 n
o 85 75 n
o 6 66 n
o 7 64 e
# turn 228
o 77 68 n
o 2 80 e
o 81 72 n
o 84 75 s
o 2 71 e
o 87 68 n
o 5 66 e
o 7 65 e
# turn 229
o 76 68 n
o 2 81 e
o 80 72 w
o 2 72 e
o 86 68 n
o 85 75 n
o 5 67 e
o 7 66 e
# turn 230
o 2 82 e
o 80 71 n
o 2 73 e
o 85 68 n
o 84 75 s
o 5 68 e
o 7 67 e
o 75 68 e
# turn 231
o 2 83 e
o 75 69 w
o 79 71 n
o 2 74 e
o 84 68 n
o 85 75 n
o 5 69 e
o 7 68 e
# turn 232
o 2 84 s
o 75 68 w
o 78 71 w
o 2 75 s
o 83 68 n
o 84 75 s
o 5 70 e
o 7 69 e
# turn 233
o 3 84 e
o 75 67 n
o 78 70 w
o 82 68 n
o 3 75 s
o 7 70 e
o 85 75 n
o 5 71 e
# turn 234
o 74 67 w
o 3 85 e
o 78 69 n
o 81 68 n
o 4 75 s
o 84 75 n
o 7 71 e
o 5 72 e
# turn 235
o 86 75 n
o 3 86 e
o 77 69 w
o 80 68 n
o 5 75 e
o 83 75 w
o 5 73 e
o 7 72 n
# turn 236
o 3 87 e
o 77 68 n
o 79 68 n
o 5 76 e
o 83 74 n
o 5 74 e
o 85 75 n
o 6 72 e
# turn 237
o 3 0 e
o 76 68 n
o 78 68 n
o 5 77 e
o 82 74 n
o 5 75 e
o 84 75 n
o 6 73 e
# turn 238
o 3 1 e
o 77 68 n
o 81 74 w
o 5 78 e
o 83 75 w
o 5 76 w
o 6 74 e
o 75 68 e
# turn 239
o 86 75 n
o 3 2 e
o 76 68 n
o 81 73 w
o 5 79 e
o 83 74 n
o 5 75 e
o 6 75 e
o 75 69 e
# turn 240
o 3 3 s
o 75 68 w
o 75 70 s
o 81 72 n
o 5 80 e
o 82 74 n
o 85 75 n
o 5 76 e
o 6 76 w
# turn 241
o 4 3 e
o 75 67 n
o 76 70 w
o 80 72 w
o 5 81 e
o 81 74 w
o 5 77 e
o 6 75 s
o 84 75 s
# turn 242
o 5 78 s
o 85 75 n
o 7 75 s
o 80 71 n
o 81 73 n
o 4 4 n
o 76 69 n
o 5 82 s
# turn 243
o 86 75 n
o 3 4 n
o 84 75 n
o 75 69 n
o 6 78 e
o 80 73 n
o 79 71 n
o 6 82 s
o 8 75 s
# turn 244
o 85 75 n
o 2 4 n
o 74 69 e
o 6 79 e
o 79 73 n
o 7 82 s
o 78 71 w
o 83 75 n
o 9 75 s
# turn 245
o 74 70 n
o 84 75 n
o 78 73 n
o 1 4 n
o 8 82 s
o 6 80 s
o 78 70 n
o 10 75 s
o 82 75 n
# turn 246
o 11 75 s
o 9 82 e
o 7 80 e
o 0 4 s
o 83 75 s
o 81 75 s
o 77 73 s
o 77 70 s
# turn 247
o 12 75 s
o 9 83 e
o 7 81 e
o 1 4 s
o 84 75 s
o 82 75 e
o 78 73 s
o 78 70 s
# turn 248
o 13 75 s
o 9 84 s
o 7 82 e
o 2 4 s
o 82 76 e
o 79 73 s
o 79 70 s
o 85 75 n
# turn 249
o 14 75 s
o 10 84 s
o 7 83 e
o 3 4 s
o 84 75 s
o 82 77 s
o 80 73 s
o 80 70 s
# turn 250
o 15 75 s
o 11 84 e
o 7 84 e
o 4 4 w
o 83 77 s
o 81 73 s
o 81 70 s
o 85 75 n
# turn 251
o 16 75 s
o 11 85 s
o 7 85 s
o 4 3 s
o 84 77 s
o 84 75 s
o 82 73 s
o 82 70 w
# turn 252
o 17 75 s
o 12 85 e
o 8 85 e
o 5 3 s
o 85 77 s
o 83 73 e
o 82 69 s
o 85 75 n
# turn 253
o 12 86 e
o 8 86 s
o 6 3 s
o 18 75 s
o 86 77 s
o 83 74 e
o 84 75 s
o 83 69 s
# turn 254
o 86 75 e
o 12 87 n
o 9 86 e
o 7 3 s
o 19 75 e
o 87 77 e
o 83 75 n
o 85 75 n
o 84 69 s
# turn 255
o 11 87 e
o 9 87 s
o 8 3 w
o 19 76 e
o 87 78 s
o 86 76 e
o 84 75 s
o 82 75 e
o 85 69 s
# turn 256
o 11 0 n
o 8 2 w
o 10 87 s
o 19 77 e
o 0 78 e
o 86 77 s
o 82 76 e
o 86 69 e
o 85 75 n
# turn 257
o 86 75 n
o 10 0 e
o 11 87 s
o 8 1 s
o 19 78 e
o 0 79 s
o 87 77 e
o 82 77 e
o 84 75 w
o 86 70 e
# turn 258
o 10 1 e
o 12 87 s
o 9 1 n
o 19 79 e
o 1 79 s
o 87 78 n
o 82 78 e
o 84 74 e
o 86 71 e
# turn 259
o 10 2 s
o 13 87 n
o 8 1 s
o 2 79 e
o 86 78 n
o 19 80 e
o 82 79 e
o 84 75 w
o 86 72 e
# turn 260
o 11 2 s
o 12 87 s
o 9 1 n
o 19 81 n
o 2 80 e
o 82 80 e
o 85 78 e
o 84 74 e
o 86 73 e
# turn 261
o 12 2 e
o 13 87 n
o 8 1 s
o 18 81 e
o 2 81 e
o 82 81 s
o 84 75 w
o 85 79 e
o 86 74 s
# turn 262
o 18 82 e
o 12 87 s
o 12 3 w
o 9 1 n
o 85 80 e
o 83 81 e
o 84 74 e
o 2 82 s
# turn 263
o 86 75 e
o 18 83 e
o 13 87 s
o 8 1 n
o 12 2 s
o 3 82 e
o 85 81 e
o 83 82 e
o 85 75 n
# turn 264
o 18 84 e
o 14 87 s
o 7 1 n
o 13 2 s
o 3 83 e
o 85 82 e
o 83 83 s
o 86 76 e
o 84 75 s
# turn 265
o 18 85 e
o 15 87 s
o 6 1 n
o 14 2 w
o 3 84 e
o 85 83 s
o 84 83 e
o 86 77 w
o 85 75 n
# turn 266
o 18 86 e
o 16 87 s
o 5 1 w
o 3 85 e
o 86 83 e
o 84 84 s
o 84 75 s
o 14 1 n
o 86 76 e
# turn 267
o 5 0 n
o 86 84 s
o 85 84 e
o 86 77 w
o 13 1 e
o 17 87 n
o 3 86 w
o 18 87 w
o 85 75 n
# turn 268
o 86 75 n
o 4 0 n
o 3 85 e
o 87 84 s
o 85 85 w
o 86 76 e
o 13 2 n
o 16 87 n
o 18 86 n
# turn 269
o 3 0 e
o 3 86 e
o 0 84 e
o 85 84 e
o 86 77 w
o 12 2 n
o 15 87 n
o 17 86 n
# turn 270
o 0 85 w
o 85 85 w
o 3 87 w
o 3 1 w
o 14 87 n
o 16 86 w
o 11 2 n
o 86 76 e
# turn 271
o 86 75 n
o 86 77 s
o 0 84 w
o 85 84 w
o 3 86 w
o 3 0 w
o 13 87 n
o 16 85 w
o 10 2 w
# turn 272
o 87 77 s
o 0 83 w
o 85 83 w
o 3 85 w
o 3 87 w
o 16 84 w
o 12 87 w
o 10 1 w
# turn 273
o 3 84 s
o 10 0 n
o 12 86 w
o 0 82 s
o 0 77 w
o 85 82 e
o 16 83 n
o 3 86 w
# turn 274
o 4 84 s
o 3 85 w
o 9 0 w
o 1 82 s
o 12 85 n
o 85 83 s
o 0 76 e
o 15 83 s
# turn 275
o 5 84 s
o 3 84 e
o 9 87 n
o 11 85 w
o 86 83 s
o 0 77 e
o 16 83 n
o 2 82 n
# turn 276
o 8 87 e
o 1 82 n
o 3 85 n
o 11 84 s
o 15 83 s
o 0 78 n
o 6 84 s
o 87 83 n
# turn 277
o 86 75 n
o 8 0 e
o 87 78 n
o 2 85 n
o 0 82 e
o 16 83 s
o 12 84 s
o 86 83 n
o 7 84 e
# turn 278
o 8 1 e
o 1 85 n
o 86 78 n
o 17 83 s
o 0 83 n
o 85 83 n
o 13 84 s
o 7 85 e
# turn 279
o 0 85 e
o 8 2 e
o 18 83 s
o 85 78 n
o 84 83 n
o 7 86 e
o 14 84 s
o 87 83 n
# turn 280
o 19 83 s
o 0 86 e
o 8 3 e
o 83 83 n
o 84 78 n
o 7 87 e
o 15 84 s
o 86 83 n
# turn 281
o 16 84 e
o 20 83 e
o 8 4 w
o 7 0 s
o 0 87 s
o 85 83 s
o 82 83 s
o 83 78 s
# turn 282
o 20 84 e
o 16 85 s
o 8 0 s
o 8 3 w
o 1 87 s
o 86 83 s
o 83 83 s
o 84 78 s
# turn 283
o 20 85 e
o 17 85 e
o 9 0 s
o 8 2 w
o 2 87 s
o 87 83 s
o 84 83 s
o 85 78 s
# turn 284
o 20 86 e
o 17 86 e
o 10 0 s
o 8 1 s
o 3 87 s
o 0 83 s
o 85 83 s
# turn 285
o 20 87 n
o 17 87 s
o 11 0 w
o 9 1 s
o 4 87 s
o 1 83 s
o 86 83 s
# turn 286
o 2 83 n
o 11 87 s
o 10 1 e
o 19 87 s
o 18 87 n
o 5 87 e
o 87 83 n
# turn 287
o 17 87 s
o 1 83 n
o 10 2 s
o 5 0 e
o 12 87 s
o 20 87 s
o 86 83 n
# turn 288
o 11 2 s
o 0 83 n
o 18 87 s
o 13 87 s
o 21 87 s
o 85 83 n
o 5 1 e
# turn 289
o 19 87 s
o 5 2 e
o 12 2 s
o 84 83 n
o 87 83 n
o 14 87 s
o 22 87 s
# turn 290
o 83 83 n
o 13 2 s
o 5 3 n
o 20 87 e
o 15 87 s
o 23 87 s
o 86 83 n
# turn 291
o 24 87 s
o 20 0 s
o 16 87 s
o 14 2 w
o 4 3 s
o 85 83 s
o 82 83 s
# turn 292
o 25 87 s
o 21 0 s
o 17 87 s
o 14 1 s
o 5 3 s
o 86 83 s
o 83 83 s
# turn 293
o 26 87 s
o 22 0 s
o 18 87 s
o 15 1 s
o 6 3 s
o 87 83 s
o 84 83 s
# turn 294
o 27 87 w
o 23 0 s
o 19 87 s
o 16 1 s
o 7 3 s
o 0 83 s
o 85 83 s
# turn 295
o 27 86 s
o 24 0 s
o 20 87 s
o 17 1 s
o 8 3 w
o 1 83 s
o 86 83 s
# turn 296
o 28 86 s
o 25 0 s
o 21 87 s
o 18 1 s
o 8 2 w
o 2 83 s
o 87 83 s
# turn 297
o 3 83 w
o 0 83 s
o 8 1 w
o 19 1 n
o 22 87 n
o 26 0 n
o 29 86 n
# turn 298
o 3 82 w
o 1 83 s
o 8 0 w
o 18 1 n
o 21 87 n
o 25 0 n
o 28 86 n
# turn 299
o 2 83 w
o 8 87 w
o 17 1 n
o 20 87 n
o 24 0 n
o 27 86 n
# turn 300
o 2 82 s
o 8 86 w
o 16 1 n
o 19 87 n
o 23 0 n
o 26 86 n
# turn 301
o 8 85 w
o 15 1 n
o 18 87 n
o 22 0 n
o 25 86 n
# turn 302
o 8 84 w
o 14 1 w
o 17 87 n
o 21 0 n
o 24 86 n
# turn 303
o 8 83 n
o 16 87 w
o 14 0 w
o 20 0 w
o 23 86 n
# turn 304
o 7 83 w
o 14 87 n
o 16 86 n
o 20 87 n
o 22 86 n
# turn 305
o 7 82 n
o 13 87 n
o 15 86 w
o 19 87 w
o 21 86 w
# turn 306
o 6 82 w
o 12 87 n
o 15 85 n
o 19 86 n
o 21 85 n
# turn 307
o 6 81 n
o 14 85 w
o 11 87 n
o 18 86 w
o 20 85 n
# turn 308
o 5 81 w
o 14 84 w
o 10 87 w
o 18 85 w
o 19 85 w
# turn 309
o 14 83 w
o 10 86 n
o 19 84 w
o 18 84 e
# turn 310
o 14 82 n
o 19 83 n
o 9 86 n
o 18 85 w
# turn 311
o 13 82 n
o 8 86 w
o 18 83 w
o 18 84 n
# turn 312
o 12 82 w
o 8 85 w
o 18 82 n
o 17 84 w
# turn 313
o 12 81 e
o 8 84 s
o 17 83 n
o 17 82 n
# turn 314
o 12 82 e
o 9 84 s
o 16 83 n
o 16 82 n
# turn 315
o 15 82 w
o 12 83 w
o 15 83 n
o 10 84 w
# turn 316
o 12 82 w
o 14 83 w
o 15 81 s
o 10 83 s
# turn 317
o 12 81 w
o 14 82 n
o 16 81 w
o 11 83 w
# turn 318
o 12 80 w
o 16 80 n
o 13 82 n
o 11 82 e
# turn 319
o 12 79 w
o 15 80 w
o 12 82 w
o 11 83 w
# turn 320
o 15 79 s
o 12 81 e
o 12 78 s
o 11 82 e
# turn 321
o 16 79 s
o 12 82 s
o 13 78 s
o 11 83 s
# turn 322
o 17 79 s
o 13 82 s
o 14 78 s
o 12 83 s
# turn 323
o 18 79 s
o 14 82 s
o 15 78 s
o 13 83 s
# turn 324
o 19 79 s
o 15 82 s
o 16 78 s
o 14 83 s
# turn 325
o 20 79 s
o 16 82 s
o 17 78 s
o 15 83 s
# turn 326
o 21 79 s
o 17 82 s
o 18 78 s
o 16 83 s
# turn 327
o 22 79 s
o 18 82 e
o 19 78 s
o 17 83 w
# turn 328
o 23 79 s
o 18 83 s
o 20 78 s
# turn 329
o 24 79 e
o 19 83 s
o 21 78 s
# turn 330
o 24 80 s
o 20 83 s
o 22 78 s
# turn 331
o 25 80 e
o 21 83 s
o 23 78 e
# turn 332
o 25 81 s
o 22 83 s
o 23 79 s
# turn 333
o 26 81 s
o 23 83 s
o 24 79 e
# turn 334
o 27 81 e
o 24 83 s
o 24 80 s
# turn 335
o 27 82 e
o 25 83 s
o 25 80 e
# turn 336
o 27 83 e
o 26 83 e
o 25 81 s
# turn 337
o 27 84 s
o 26 81 s
# turn 338
o 28 84 s
o 27 81 e
# turn 339
o 27 82 e
# turn 340
o 27 83 e
# turn 341
o 27 84 s
# turn 342
o 28 84 s
# turn 343
o 29 84 e
# turn 344
o 29 85 s
